<?xml version="1.0" encoding="UTF-8"?>
<coverage generated="1780174891064" clover="3.2.0">
  <project timestamp="1780174891064" name="All files">
    <metrics statements="402" coveredstatements="0" conditionals="316" coveredconditionals="0" methods="82" coveredmethods="0" elements="800" coveredelements="0" complexity="0" loc="402" ncloc="402" packages="1" files="1" classes="1"/>
    <file name="app.js" path="C:\Users\baksa\attendance-system\frontend\app.js">
      <metrics statements="402" coveredstatements="0" conditionals="316" coveredconditionals="0" methods="82" coveredmethods="0"/>
      <line num="1" count="0" type="stmt"/>
      <line num="2" count="0" type="stmt"/>
      <line num="3" count="0" type="stmt"/>
      <line num="4" count="0" type="stmt"/>
      <line num="6" count="0" type="stmt"/>
      <line num="9" count="0" type="stmt"/>
      <line num="10" count="0" type="stmt"/>
      <line num="11" count="0" type="stmt"/>
      <line num="12" count="0" type="stmt"/>
      <line num="13" count="0" type="cond" truecount="0" falsecount="2"/>
      <line num="15" count="0" type="stmt"/>
      <line num="16" count="0" type="stmt"/>
      <line num="17" count="0" type="stmt"/>
      <line num="18" count="0" type="stmt"/>
      <line num="21" count="0" type="cond" truecount="0" falsecount="2"/>
      <line num="22" count="0" type="stmt"/>
      <line num="23" count="0" type="cond" truecount="0" falsecount="2"/>
      <line num="24" count="0" type="stmt"/>
      <line num="25" count="0" type="stmt"/>
      <line num="26" count="0" type="stmt"/>
      <line num="30" count="0" type="stmt"/>
      <line num="31" count="0" type="stmt"/>
      <line num="32" count="0" type="stmt"/>
      <line num="34" count="0" type="stmt"/>
      <line num="35" count="0" type="cond" truecount="0" falsecount="2"/>
      <line num="36" count="0" type="stmt"/>
      <line num="37" count="0" type="stmt"/>
      <line num="42" count="0" type="stmt"/>
      <line num="43" count="0" type="cond" truecount="0" falsecount="2"/>
      <line num="44" count="0" type="stmt"/>
      <line num="45" count="0" type="stmt"/>
      <line num="47" count="0" type="stmt"/>
      <line num="48" count="0" type="stmt"/>
      <line num="49" count="0" type="cond" truecount="0" falsecount="2"/>
      <line num="50" count="0" type="stmt"/>
      <line num="51" count="0" type="stmt"/>
      <line num="52" count="0" type="stmt"/>
      <line num="54" count="0" type="stmt"/>
      <line num="55" count="0" type="stmt"/>
      <line num="56" count="0" type="cond" truecount="0" falsecount="4"/>
      <line num="60" count="0" type="stmt"/>
      <line num="61" count="0" type="stmt"/>
      <line num="62" count="0" type="cond" truecount="0" falsecount="2"/>
      <line num="64" count="0" type="cond" truecount="0" falsecount="2"/>
      <line num="65" count="0" type="stmt"/>
      <line num="66" count="0" type="cond" truecount="0" falsecount="2"/>
      <line num="67" count="0" type="cond" truecount="0" falsecount="2"/>
      <line num="68" count="0" type="cond" truecount="0" falsecount="2"/>
      <line num="69" count="0" type="cond" truecount="0" falsecount="2"/>
      <line num="70" count="0" type="stmt"/>
      <line num="73" count="0" type="stmt"/>
      <line num="74" count="0" type="stmt"/>
      <line num="75" count="0" type="stmt"/>
      <line num="76" count="0" type="stmt"/>
      <line num="77" count="0" type="stmt"/>
      <line num="79" count="0" type="cond" truecount="0" falsecount="5"/>
      <line num="80" count="0" type="stmt"/>
      <line num="81" count="0" type="stmt"/>
      <line num="84" count="0" type="stmt"/>
      <line num="85" count="0" type="stmt"/>
      <line num="86" count="0" type="cond" truecount="0" falsecount="2"/>
      <line num="88" count="0" type="stmt"/>
      <line num="89" count="0" type="cond" truecount="0" falsecount="2"/>
      <line num="90" count="0" type="cond" truecount="0" falsecount="2"/>
      <line num="96" count="0" type="stmt"/>
      <line num="102" count="0" type="cond" truecount="0" falsecount="2"/>
      <line num="103" count="0" type="cond" truecount="0" falsecount="2"/>
      <line num="104" count="0" type="stmt"/>
      <line num="105" count="0" type="cond" truecount="0" falsecount="2"/>
      <line num="108" count="0" type="stmt"/>
      <line num="110" count="0" type="cond" truecount="0" falsecount="2"/>
      <line num="111" count="0" type="stmt"/>
      <line num="112" count="0" type="stmt"/>
      <line num="114" count="0" type="stmt"/>
      <line num="115" count="0" type="stmt"/>
      <line num="116" count="0" type="stmt"/>
      <line num="117" count="0" type="stmt"/>
      <line num="120" count="0" type="stmt"/>
      <line num="122" count="0" type="stmt"/>
      <line num="123" count="0" type="stmt"/>
      <line num="128" count="0" type="stmt"/>
      <line num="129" count="0" type="stmt"/>
      <line num="130" count="0" type="cond" truecount="0" falsecount="2"/>
      <line num="131" count="0" type="cond" truecount="0" falsecount="2"/>
      <line num="132" count="0" type="stmt"/>
      <line num="133" count="0" type="stmt"/>
      <line num="139" count="0" type="cond" truecount="0" falsecount="2"/>
      <line num="145" count="0" type="stmt"/>
      <line num="146" count="0" type="stmt"/>
      <line num="147" count="0" type="cond" truecount="0" falsecount="2"/>
      <line num="149" count="0" type="stmt"/>
      <line num="150" count="0" type="stmt"/>
      <line num="151" count="0" type="stmt"/>
      <line num="153" count="0" type="stmt"/>
      <line num="155" count="0" type="stmt"/>
      <line num="158" count="0" type="cond" truecount="0" falsecount="2"/>
      <line num="159" count="0" type="cond" truecount="0" falsecount="2"/>
      <line num="168" count="0" type="stmt"/>
      <line num="169" count="0" type="stmt"/>
      <line num="170" count="0" type="cond" truecount="0" falsecount="2"/>
      <line num="173" count="0" type="stmt"/>
      <line num="174" count="0" type="stmt"/>
      <line num="175" count="0" type="stmt"/>
      <line num="176" count="0" type="stmt"/>
      <line num="177" count="0" type="stmt"/>
      <line num="180" count="0" type="cond" truecount="0" falsecount="2"/>
      <line num="181" count="0" type="stmt"/>
      <line num="182" count="0" type="cond" truecount="0" falsecount="2"/>
      <line num="185" count="0" type="stmt"/>
      <line num="188" count="0" type="stmt"/>
      <line num="189" count="0" type="stmt"/>
      <line num="190" count="0" type="cond" truecount="0" falsecount="2"/>
      <line num="191" count="0" type="stmt"/>
      <line num="193" count="0" type="stmt"/>
      <line num="199" count="0" type="cond" truecount="0" falsecount="4"/>
      <line num="200" count="0" type="stmt"/>
      <line num="203" count="0" type="cond" truecount="0" falsecount="2"/>
      <line num="204" count="0" type="stmt"/>
      <line num="207" count="0" type="stmt"/>
      <line num="212" count="0" type="stmt"/>
      <line num="213" count="0" type="cond" truecount="0" falsecount="4"/>
      <line num="214" count="0" type="stmt"/>
      <line num="215" count="0" type="cond" truecount="0" falsecount="2"/>
      <line num="216" count="0" type="stmt"/>
      <line num="217" count="0" type="stmt"/>
      <line num="218" count="0" type="stmt"/>
      <line num="222" count="0" type="stmt"/>
      <line num="223" count="0" type="stmt"/>
      <line num="224" count="0" type="stmt"/>
      <line num="225" count="0" type="stmt"/>
      <line num="226" count="0" type="stmt"/>
      <line num="227" count="0" type="stmt"/>
      <line num="228" count="0" type="stmt"/>
      <line num="229" count="0" type="cond" truecount="0" falsecount="2"/>
      <line num="230" count="0" type="stmt"/>
      <line num="231" count="0" type="cond" truecount="0" falsecount="2"/>
      <line num="232" count="0" type="cond" truecount="0" falsecount="2"/>
      <line num="233" count="0" type="cond" truecount="0" falsecount="2"/>
      <line num="234" count="0" type="cond" truecount="0" falsecount="2"/>
      <line num="235" count="0" type="cond" truecount="0" falsecount="2"/>
      <line num="241" count="0" type="stmt"/>
      <line num="242" count="0" type="stmt"/>
      <line num="243" count="0" type="cond" truecount="0" falsecount="2"/>
      <line num="244" count="0" type="cond" truecount="0" falsecount="2"/>
      <line num="245" count="0" type="cond" truecount="0" falsecount="2"/>
      <line num="246" count="0" type="cond" truecount="0" falsecount="2"/>
      <line num="247" count="0" type="cond" truecount="0" falsecount="5"/>
      <line num="249" count="0" type="stmt"/>
      <line num="250" count="0" type="cond" truecount="0" falsecount="4"/>
      <line num="251" count="0" type="cond" truecount="0" falsecount="4"/>
      <line num="253" count="0" type="cond" truecount="0" falsecount="4"/>
      <line num="257" count="0" type="stmt"/>
      <line num="258" count="0" type="stmt"/>
      <line num="259" count="0" type="stmt"/>
      <line num="260" count="0" type="stmt"/>
      <line num="262" count="0" type="stmt"/>
      <line num="264" count="0" type="stmt"/>
      <line num="268" count="0" type="cond" truecount="0" falsecount="2"/>
      <line num="269" count="0" type="stmt"/>
      <line num="271" count="0" type="cond" truecount="0" falsecount="2"/>
      <line num="272" count="0" type="stmt"/>
      <line num="273" count="0" type="stmt"/>
      <line num="276" count="0" type="stmt"/>
      <line num="277" count="0" type="stmt"/>
      <line num="278" count="0" type="cond" truecount="0" falsecount="2"/>
      <line num="279" count="0" type="stmt"/>
      <line num="282" count="0" type="stmt"/>
      <line num="283" count="0" type="stmt"/>
      <line num="285" count="0" type="stmt"/>
      <line num="286" count="0" type="cond" truecount="0" falsecount="2"/>
      <line num="287" count="0" type="stmt"/>
      <line num="288" count="0" type="stmt"/>
      <line num="290" count="0" type="cond" truecount="0" falsecount="4"/>
      <line num="294" count="0" type="stmt"/>
      <line num="304" count="0" type="stmt"/>
      <line num="307" count="0" type="stmt"/>
      <line num="308" count="0" type="stmt"/>
      <line num="310" count="0" type="stmt"/>
      <line num="314" count="0" type="stmt"/>
      <line num="315" count="0" type="stmt"/>
      <line num="316" count="0" type="cond" truecount="0" falsecount="4"/>
      <line num="317" count="0" type="cond" truecount="0" falsecount="4"/>
      <line num="319" count="0" type="stmt"/>
      <line num="320" count="0" type="cond" truecount="0" falsecount="2"/>
      <line num="321" count="0" type="stmt"/>
      <line num="322" count="0" type="stmt"/>
      <line num="330" count="0" type="stmt"/>
      <line num="331" count="0" type="stmt"/>
      <line num="340" count="0" type="cond" truecount="0" falsecount="2"/>
      <line num="341" count="0" type="stmt"/>
      <line num="342" count="0" type="cond" truecount="0" falsecount="2"/>
      <line num="343" count="0" type="stmt"/>
      <line num="344" count="0" type="stmt"/>
      <line num="346" count="0" type="stmt"/>
      <line num="352" count="0" type="stmt"/>
      <line num="354" count="0" type="stmt"/>
      <line num="355" count="0" type="stmt"/>
      <line num="356" count="0" type="stmt"/>
      <line num="357" count="0" type="cond" truecount="0" falsecount="2"/>
      <line num="358" count="0" type="stmt"/>
      <line num="359" count="0" type="stmt"/>
      <line num="361" count="0" type="stmt"/>
      <line num="362" count="0" type="stmt"/>
      <line num="366" count="0" type="cond" truecount="0" falsecount="2"/>
      <line num="367" count="0" type="stmt"/>
      <line num="368" count="0" type="stmt"/>
      <line num="370" count="0" type="stmt"/>
      <line num="371" count="0" type="stmt"/>
      <line num="378" count="0" type="stmt"/>
      <line num="380" count="0" type="stmt"/>
      <line num="384" count="0" type="stmt"/>
      <line num="385" count="0" type="stmt"/>
      <line num="386" count="0" type="cond" truecount="0" falsecount="4"/>
      <line num="387" count="0" type="stmt"/>
      <line num="388" count="0" type="stmt"/>
      <line num="391" count="0" type="stmt"/>
      <line num="392" count="0" type="stmt"/>
      <line num="393" count="0" type="stmt"/>
      <line num="417" count="0" type="stmt"/>
      <line num="418" count="0" type="cond" truecount="0" falsecount="2"/>
      <line num="420" count="0" type="stmt"/>
      <line num="424" count="0" type="stmt"/>
      <line num="426" count="0" type="cond" truecount="0" falsecount="2"/>
      <line num="427" count="0" type="stmt"/>
      <line num="428" count="0" type="stmt"/>
      <line num="431" count="0" type="stmt"/>
      <line num="432" count="0" type="stmt"/>
      <line num="441" count="0" type="cond" truecount="0" falsecount="2"/>
      <line num="442" count="0" type="stmt"/>
      <line num="443" count="0" type="cond" truecount="0" falsecount="2"/>
      <line num="444" count="0" type="stmt"/>
      <line num="445" count="0" type="stmt"/>
      <line num="447" count="0" type="stmt"/>
      <line num="451" count="0" type="stmt"/>
      <line num="452" count="0" type="stmt"/>
      <line num="453" count="0" type="cond" truecount="0" falsecount="2"/>
      <line num="454" count="0" type="stmt"/>
      <line num="455" count="0" type="stmt"/>
      <line num="456" count="0" type="stmt"/>
      <line num="460" count="0" type="stmt"/>
      <line num="461" count="0" type="stmt"/>
      <line num="462" count="0" type="cond" truecount="0" falsecount="2"/>
      <line num="463" count="0" type="cond" truecount="0" falsecount="2"/>
      <line num="464" count="0" type="cond" truecount="0" falsecount="2"/>
      <line num="468" count="0" type="stmt"/>
      <line num="469" count="0" type="cond" truecount="0" falsecount="2"/>
      <line num="470" count="0" type="stmt"/>
      <line num="471" count="0" type="stmt"/>
      <line num="472" count="0" type="cond" truecount="0" falsecount="2"/>
      <line num="473" count="0" type="cond" truecount="0" falsecount="2"/>
      <line num="475" count="0" type="stmt"/>
      <line num="478" count="0" type="stmt"/>
      <line num="479" count="0" type="stmt"/>
      <line num="481" count="0" type="cond" truecount="0" falsecount="2"/>
      <line num="482" count="0" type="cond" truecount="0" falsecount="2"/>
      <line num="493" count="0" type="stmt"/>
      <line num="497" count="0" type="stmt"/>
      <line num="498" count="0" type="stmt"/>
      <line num="499" count="0" type="cond" truecount="0" falsecount="2"/>
      <line num="500" count="0" type="stmt"/>
      <line num="501" count="0" type="stmt"/>
      <line num="504" count="0" type="stmt"/>
      <line num="505" count="0" type="stmt"/>
      <line num="506" count="0" type="cond" truecount="0" falsecount="2"/>
      <line num="508" count="0" type="stmt"/>
      <line num="512" count="0" type="stmt"/>
      <line num="513" count="0" type="stmt"/>
      <line num="514" count="0" type="cond" truecount="0" falsecount="2"/>
      <line num="515" count="0" type="stmt"/>
      <line num="516" count="0" type="cond" truecount="0" falsecount="2"/>
      <line num="518" count="0" type="stmt"/>
      <line num="519" count="0" type="stmt"/>
      <line num="520" count="0" type="stmt"/>
      <line num="527" count="0" type="cond" truecount="0" falsecount="2"/>
      <line num="528" count="0" type="stmt"/>
      <line num="529" count="0" type="stmt"/>
      <line num="532" count="0" type="stmt"/>
      <line num="533" count="0" type="stmt"/>
      <line num="542" count="0" type="cond" truecount="0" falsecount="2"/>
      <line num="543" count="0" type="stmt"/>
      <line num="544" count="0" type="stmt"/>
      <line num="545" count="0" type="cond" truecount="0" falsecount="2"/>
      <line num="547" count="0" type="stmt"/>
      <line num="553" count="0" type="stmt"/>
      <line num="554" count="0" type="stmt"/>
      <line num="555" count="0" type="cond" truecount="0" falsecount="2"/>
      <line num="557" count="0" type="stmt"/>
      <line num="558" count="0" type="stmt"/>
      <line num="559" count="0" type="stmt"/>
      <line num="567" count="0" type="stmt"/>
      <line num="568" count="0" type="stmt"/>
      <line num="577" count="0" type="cond" truecount="0" falsecount="2"/>
      <line num="578" count="0" type="stmt"/>
      <line num="579" count="0" type="cond" truecount="0" falsecount="2"/>
      <line num="581" count="0" type="stmt"/>
      <line num="582" count="0" type="stmt"/>
      <line num="584" count="0" type="stmt"/>
      <line num="590" count="0" type="stmt"/>
      <line num="591" count="0" type="stmt"/>
      <line num="592" count="0" type="cond" truecount="0" falsecount="2"/>
      <line num="594" count="0" type="cond" truecount="0" falsecount="2"/>
      <line num="596" count="0" type="stmt"/>
      <line num="597" count="0" type="stmt"/>
      <line num="598" count="0" type="cond" truecount="0" falsecount="2"/>
      <line num="600" count="0" type="stmt"/>
      <line num="604" count="0" type="cond" truecount="0" falsecount="2"/>
      <line num="605" count="0" type="stmt"/>
      <line num="607" count="0" type="stmt"/>
      <line num="609" count="0" type="cond" truecount="0" falsecount="2"/>
      <line num="610" count="0" type="stmt"/>
      <line num="611" count="0" type="stmt"/>
      <line num="615" count="0" type="stmt"/>
      <line num="623" count="0" type="stmt"/>
      <line num="653" count="0" type="stmt"/>
      <line num="668" count="0" type="stmt"/>
      <line num="671" count="0" type="stmt"/>
      <line num="672" count="0" type="stmt"/>
      <line num="675" count="0" type="stmt"/>
      <line num="676" count="0" type="stmt"/>
      <line num="680" count="0" type="cond" truecount="0" falsecount="2"/>
      <line num="681" count="0" type="cond" truecount="0" falsecount="2"/>
      <line num="683" count="0" type="stmt"/>
      <line num="684" count="0" type="stmt"/>
      <line num="685" count="0" type="stmt"/>
      <line num="689" count="0" type="cond" truecount="0" falsecount="2"/>
      <line num="690" count="0" type="stmt"/>
      <line num="691" count="0" type="stmt"/>
      <line num="692" count="0" type="stmt"/>
      <line num="693" count="0" type="stmt"/>
      <line num="694" count="0" type="cond" truecount="0" falsecount="2"/>
      <line num="695" count="0" type="stmt"/>
      <line num="696" count="0" type="stmt"/>
      <line num="698" count="0" type="stmt"/>
      <line num="705" count="0" type="stmt"/>
      <line num="706" count="0" type="stmt"/>
      <line num="707" count="0" type="stmt"/>
      <line num="708" count="0" type="cond" truecount="0" falsecount="4"/>
      <line num="710" count="0" type="cond" truecount="0" falsecount="2"/>
      <line num="711" count="0" type="cond" truecount="0" falsecount="2"/>
      <line num="714" count="0" type="stmt"/>
      <line num="722" count="0" type="stmt"/>
      <line num="738" count="0" type="stmt"/>
      <line num="739" count="0" type="stmt"/>
      <line num="740" count="0" type="cond" truecount="0" falsecount="2"/>
      <line num="741" count="0" type="cond" truecount="0" falsecount="4"/>
      <line num="745" count="0" type="stmt"/>
      <line num="763" count="0" type="stmt"/>
      <line num="764" count="0" type="stmt"/>
      <line num="765" count="0" type="stmt"/>
      <line num="768" count="0" type="stmt"/>
      <line num="770" count="0" type="cond" truecount="0" falsecount="2"/>
      <line num="771" count="0" type="stmt"/>
      <line num="781" count="0" type="stmt"/>
      <line num="785" count="0" type="stmt"/>
      <line num="786" count="0" type="stmt"/>
      <line num="787" count="0" type="stmt"/>
      <line num="791" count="0" type="stmt"/>
      <line num="792" count="0" type="stmt"/>
      <line num="793" count="0" type="stmt"/>
      <line num="795" count="0" type="stmt"/>
      <line num="800" count="0" type="stmt"/>
      <line num="801" count="0" type="stmt"/>
      <line num="803" count="0" type="stmt"/>
      <line num="804" count="0" type="stmt"/>
      <line num="805" count="0" type="stmt"/>
      <line num="806" count="0" type="stmt"/>
      <line num="811" count="0" type="stmt"/>
      <line num="812" count="0" type="stmt"/>
      <line num="813" count="0" type="stmt"/>
      <line num="815" count="0" type="stmt"/>
      <line num="819" count="0" type="cond" truecount="0" falsecount="2"/>
      <line num="826" count="0" type="stmt"/>
      <line num="827" count="0" type="stmt"/>
      <line num="828" count="0" type="stmt"/>
      <line num="831" count="0" type="stmt"/>
      <line num="832" count="0" type="stmt"/>
      <line num="833" count="0" type="stmt"/>
      <line num="834" count="0" type="stmt"/>
      <line num="836" count="0" type="cond" truecount="0" falsecount="2"/>
      <line num="837" count="0" type="cond" truecount="0" falsecount="2"/>
      <line num="839" count="0" type="stmt"/>
      <line num="843" count="0" type="stmt"/>
      <line num="844" count="0" type="stmt"/>
      <line num="845" count="0" type="cond" truecount="0" falsecount="4"/>
      <line num="847" count="0" type="stmt"/>
      <line num="848" count="0" type="stmt"/>
      <line num="851" count="0" type="stmt"/>
      <line num="853" count="0" type="cond" truecount="0" falsecount="2"/>
      <line num="854" count="0" type="stmt"/>
      <line num="855" count="0" type="stmt"/>
      <line num="858" count="0" type="stmt"/>
      <line num="872" count="0" type="stmt"/>
      <line num="877" count="0" type="stmt"/>
      <line num="878" count="0" type="stmt"/>
      <line num="879" count="0" type="stmt"/>
      <line num="880" count="0" type="stmt"/>
      <line num="883" count="0" type="stmt"/>
      <line num="885" count="0" type="stmt"/>
      <line num="886" count="0" type="cond" truecount="0" falsecount="4"/>
      <line num="889" count="0" type="cond" truecount="0" falsecount="2"/>
      <line num="890" count="0" type="stmt"/>
      <line num="892" count="0" type="stmt"/>
    </file>
  </project>
</coverage>
