{"C:\\Users\\baksa\\attendance-system\\frontend\\app.js": {"path":"C:\\Users\\baksa\\attendance-system\\frontend\\app.js","statementMap":{"0":{"start":{"line":1,"column":12},"end":{"line":1,"column":39}},"1":{"start":{"line":2,"column":18},"end":{"line":2,"column":36}},"2":{"start":{"line":3,"column":17},"end":{"line":3,"column":34}},"3":{"start":{"line":4,"column":18},"end":{"line":4,"column":36}},"4":{"start":{"line":6,"column":10},"end":{"line":6,"column":56}},"5":{"start":{"line":6,"column":24},"end":{"line":6,"column":56}},"6":{"start":{"line":9,"column":17},"end":{"line":9,"column":54}},"7":{"start":{"line":9,"column":23},"end":{"line":9,"column":54}},"8":{"start":{"line":10,"column":17},"end":{"line":10,"column":58}},"9":{"start":{"line":10,"column":24},"end":{"line":10,"column":58}},"10":{"start":{"line":11,"column":16},"end":{"line":14,"column":1}},"11":{"start":{"line":12,"column":12},"end":{"line":12,"column":42}},"12":{"start":{"line":13,"column":2},"end":{"line":13,"column":34}},"13":{"start":{"line":15,"column":16},"end":{"line":15,"column":72}},"14":{"start":{"line":15,"column":23},"end":{"line":15,"column":72}},"15":{"start":{"line":16,"column":21},"end":{"line":19,"column":1}},"16":{"start":{"line":17,"column":2},"end":{"line":17,"column":37}},"17":{"start":{"line":18,"column":2},"end":{"line":18,"column":36}},"18":{"start":{"line":21,"column":18},"end":{"line":39,"column":1}},"19":{"start":{"line":22,"column":12},"end":{"line":22,"column":33}},"20":{"start":{"line":23,"column":2},"end":{"line":23,"column":33}},"21":{"start":{"line":23,"column":12},"end":{"line":23,"column":23}},"22":{"start":{"line":23,"column":24},"end":{"line":23,"column":31}},"23":{"start":{"line":24,"column":12},"end":{"line":24,"column":41}},"24":{"start":{"line":25,"column":2},"end":{"line":25,"column":38}},"25":{"start":{"line":26,"column":2},"end":{"line":29,"column":4}},"26":{"start":{"line":30,"column":2},"end":{"line":33,"column":4}},"27":{"start":{"line":31,"column":4},"end":{"line":31,"column":26}},"28":{"start":{"line":32,"column":4},"end":{"line":32,"column":38}},"29":{"start":{"line":32,"column":21},"end":{"line":32,"column":31}},"30":{"start":{"line":34,"column":2},"end":{"line":34,"column":34}},"31":{"start":{"line":35,"column":2},"end":{"line":38,"column":10}},"32":{"start":{"line":35,"column":15},"end":{"line":38,"column":10}},"33":{"start":{"line":36,"column":4},"end":{"line":36,"column":26}},"34":{"start":{"line":37,"column":4},"end":{"line":37,"column":38}},"35":{"start":{"line":37,"column":21},"end":{"line":37,"column":31}},"36":{"start":{"line":42,"column":18},"end":{"line":46,"column":1}},"37":{"start":{"line":43,"column":12},"end":{"line":43,"column":54}},"38":{"start":{"line":44,"column":2},"end":{"line":44,"column":57}},"39":{"start":{"line":45,"column":2},"end":{"line":45,"column":20}},"40":{"start":{"line":47,"column":20},"end":{"line":53,"column":1}},"41":{"start":{"line":48,"column":12},"end":{"line":48,"column":63}},"42":{"start":{"line":49,"column":12},"end":{"line":49,"column":43}},"43":{"start":{"line":50,"column":2},"end":{"line":50,"column":57}},"44":{"start":{"line":51,"column":2},"end":{"line":51,"column":37}},"45":{"start":{"line":52,"column":2},"end":{"line":52,"column":20}},"46":{"start":{"line":54,"column":23},"end":{"line":57,"column":1}},"47":{"start":{"line":55,"column":12},"end":{"line":55,"column":30}},"48":{"start":{"line":56,"column":2},"end":{"line":56,"column":75}},"49":{"start":{"line":56,"column":9},"end":{"line":56,"column":75}},"50":{"start":{"line":60,"column":18},"end":{"line":126,"column":1}},"51":{"start":{"line":61,"column":13},"end":{"line":61,"column":30}},"52":{"start":{"line":61,"column":37},"end":{"line":61,"column":52}},"53":{"start":{"line":61,"column":59},"end":{"line":61,"column":80}},"54":{"start":{"line":61,"column":87},"end":{"line":61,"column":101}},"55":{"start":{"line":62,"column":2},"end":{"line":62,"column":18}},"56":{"start":{"line":62,"column":11},"end":{"line":62,"column":18}},"57":{"start":{"line":64,"column":2},"end":{"line":71,"column":5}},"58":{"start":{"line":64,"column":10},"end":{"line":71,"column":5}},"59":{"start":{"line":65,"column":15},"end":{"line":65,"column":42}},"60":{"start":{"line":66,"column":4},"end":{"line":66,"column":45}},"61":{"start":{"line":67,"column":4},"end":{"line":67,"column":57}},"62":{"start":{"line":68,"column":4},"end":{"line":68,"column":73}},"63":{"start":{"line":69,"column":4},"end":{"line":69,"column":89}},"64":{"start":{"line":70,"column":4},"end":{"line":70,"column":15}},"65":{"start":{"line":73,"column":2},"end":{"line":125,"column":5}},"66":{"start":{"line":74,"column":4},"end":{"line":74,"column":23}},"67":{"start":{"line":75,"column":15},"end":{"line":75,"column":53}},"68":{"start":{"line":76,"column":15},"end":{"line":76,"column":35}},"69":{"start":{"line":77,"column":15},"end":{"line":77,"column":42}},"70":{"start":{"line":79,"column":4},"end":{"line":82,"column":5}},"71":{"start":{"line":80,"column":6},"end":{"line":80,"column":47}},"72":{"start":{"line":81,"column":6},"end":{"line":81,"column":13}},"73":{"start":{"line":84,"column":4},"end":{"line":84,"column":23}},"74":{"start":{"line":85,"column":15},"end":{"line":85,"column":29}},"75":{"start":{"line":86,"column":4},"end":{"line":86,"column":55}},"76":{"start":{"line":88,"column":4},"end":{"line":124,"column":5}},"77":{"start":{"line":89,"column":18},"end":{"line":89,"column":67}},"78":{"start":{"line":90,"column":17},"end":{"line":94,"column":37}},"79":{"start":{"line":96,"column":17},"end":{"line":100,"column":8}},"80":{"start":{"line":102,"column":6},"end":{"line":102,"column":71}},"81":{"start":{"line":102,"column":29},"end":{"line":102,"column":71}},"82":{"start":{"line":103,"column":6},"end":{"line":106,"column":7}},"83":{"start":{"line":104,"column":19},"end":{"line":104,"column":69}},"84":{"start":{"line":104,"column":48},"end":{"line":104,"column":67}},"85":{"start":{"line":105,"column":8},"end":{"line":105,"column":46}},"86":{"start":{"line":108,"column":17},"end":{"line":108,"column":32}},"87":{"start":{"line":110,"column":6},"end":{"line":118,"column":7}},"88":{"start":{"line":111,"column":8},"end":{"line":111,"column":69}},"89":{"start":{"line":112,"column":8},"end":{"line":112,"column":19}},"90":{"start":{"line":114,"column":8},"end":{"line":114,"column":27}},"91":{"start":{"line":115,"column":8},"end":{"line":115,"column":25}},"92":{"start":{"line":116,"column":8},"end":{"line":116,"column":56}},"93":{"start":{"line":117,"column":8},"end":{"line":117,"column":49}},"94":{"start":{"line":117,"column":25},"end":{"line":117,"column":42}},"95":{"start":{"line":120,"column":6},"end":{"line":120,"column":50}},"96":{"start":{"line":122,"column":6},"end":{"line":122,"column":26}},"97":{"start":{"line":123,"column":6},"end":{"line":123,"column":26}},"98":{"start":{"line":128,"column":20},"end":{"line":136,"column":1}},"99":{"start":{"line":129,"column":13},"end":{"line":129,"column":29}},"100":{"start":{"line":130,"column":2},"end":{"line":135,"column":5}},"101":{"start":{"line":130,"column":10},"end":{"line":135,"column":5}},"102":{"start":{"line":131,"column":4},"end":{"line":134,"column":5}},"103":{"start":{"line":132,"column":6},"end":{"line":132,"column":21}},"104":{"start":{"line":133,"column":6},"end":{"line":133,"column":24}},"105":{"start":{"line":139,"column":20},"end":{"line":143,"column":10}},"106":{"start":{"line":139,"column":28},"end":{"line":143,"column":9}},"107":{"start":{"line":145,"column":24},"end":{"line":186,"column":1}},"108":{"start":{"line":146,"column":15},"end":{"line":146,"column":24}},"109":{"start":{"line":147,"column":2},"end":{"line":147,"column":20}},"110":{"start":{"line":147,"column":13},"end":{"line":147,"column":20}},"111":{"start":{"line":149,"column":2},"end":{"line":149,"column":44}},"112":{"start":{"line":150,"column":2},"end":{"line":150,"column":41}},"113":{"start":{"line":151,"column":2},"end":{"line":151,"column":35}},"114":{"start":{"line":153,"column":19},"end":{"line":153,"column":94}},"115":{"start":{"line":153,"column":54},"end":{"line":153,"column":58}},"116":{"start":{"line":155,"column":13},"end":{"line":166,"column":3}},"117":{"start":{"line":158,"column":57},"end":{"line":158,"column":81}},"118":{"start":{"line":159,"column":65},"end":{"line":159,"column":89}},"119":{"start":{"line":168,"column":2},"end":{"line":171,"column":5}},"120":{"start":{"line":169,"column":14},"end":{"line":169,"column":25}},"121":{"start":{"line":170,"column":4},"end":{"line":170,"column":34}},"122":{"start":{"line":170,"column":11},"end":{"line":170,"column":34}},"123":{"start":{"line":173,"column":2},"end":{"line":173,"column":29}},"124":{"start":{"line":174,"column":2},"end":{"line":174,"column":16}},"125":{"start":{"line":175,"column":2},"end":{"line":175,"column":24}},"126":{"start":{"line":176,"column":2},"end":{"line":176,"column":19}},"127":{"start":{"line":177,"column":2},"end":{"line":177,"column":23}},"128":{"start":{"line":180,"column":2},"end":{"line":183,"column":3}},"129":{"start":{"line":181,"column":16},"end":{"line":181,"column":38}},"130":{"start":{"line":182,"column":4},"end":{"line":182,"column":48}},"131":{"start":{"line":182,"column":13},"end":{"line":182,"column":48}},"132":{"start":{"line":185,"column":2},"end":{"line":185,"column":29}},"133":{"start":{"line":188,"column":24},"end":{"line":239,"column":1}},"134":{"start":{"line":189,"column":14},"end":{"line":189,"column":52}},"135":{"start":{"line":190,"column":2},"end":{"line":190,"column":19}},"136":{"start":{"line":190,"column":12},"end":{"line":190,"column":19}},"137":{"start":{"line":191,"column":2},"end":{"line":191,"column":21}},"138":{"start":{"line":193,"column":16},"end":{"line":197,"column":3}},"139":{"start":{"line":199,"column":2},"end":{"line":201,"column":3}},"140":{"start":{"line":200,"column":4},"end":{"line":200,"column":109}},"141":{"start":{"line":203,"column":2},"end":{"line":205,"column":3}},"142":{"start":{"line":204,"column":4},"end":{"line":204,"column":82}},"143":{"start":{"line":207,"column":2},"end":{"line":210,"column":4}},"144":{"start":{"line":212,"column":2},"end":{"line":220,"column":5}},"145":{"start":{"line":213,"column":4},"end":{"line":219,"column":5}},"146":{"start":{"line":214,"column":18},"end":{"line":214,"column":50}},"147":{"start":{"line":215,"column":6},"end":{"line":215,"column":64}},"148":{"start":{"line":216,"column":6},"end":{"line":216,"column":36}},"149":{"start":{"line":217,"column":6},"end":{"line":217,"column":109}},"150":{"start":{"line":218,"column":6},"end":{"line":218,"column":27}},"151":{"start":{"line":222,"column":2},"end":{"line":238,"column":5}},"152":{"start":{"line":223,"column":4},"end":{"line":237,"column":7}},"153":{"start":{"line":224,"column":6},"end":{"line":224,"column":83}},"154":{"start":{"line":224,"column":53},"end":{"line":224,"column":81}},"155":{"start":{"line":225,"column":6},"end":{"line":225,"column":34}},"156":{"start":{"line":226,"column":6},"end":{"line":226,"column":95}},"157":{"start":{"line":226,"column":65},"end":{"line":226,"column":93}},"158":{"start":{"line":227,"column":17},"end":{"line":227,"column":49}},"159":{"start":{"line":228,"column":17},"end":{"line":228,"column":28}},"160":{"start":{"line":229,"column":6},"end":{"line":236,"column":7}},"161":{"start":{"line":230,"column":8},"end":{"line":230,"column":35}},"162":{"start":{"line":231,"column":8},"end":{"line":231,"column":67}},"163":{"start":{"line":231,"column":50},"end":{"line":231,"column":67}},"164":{"start":{"line":232,"column":8},"end":{"line":232,"column":63}},"165":{"start":{"line":232,"column":48},"end":{"line":232,"column":63}},"166":{"start":{"line":233,"column":8},"end":{"line":233,"column":61}},"167":{"start":{"line":233,"column":47},"end":{"line":233,"column":61}},"168":{"start":{"line":234,"column":8},"end":{"line":234,"column":73}},"169":{"start":{"line":234,"column":53},"end":{"line":234,"column":73}},"170":{"start":{"line":235,"column":8},"end":{"line":235,"column":70}},"171":{"start":{"line":235,"column":55},"end":{"line":235,"column":70}},"172":{"start":{"line":241,"column":24},"end":{"line":254,"column":1}},"173":{"start":{"line":242,"column":12},"end":{"line":242,"column":21}},"174":{"start":{"line":243,"column":2},"end":{"line":243,"column":43}},"175":{"start":{"line":243,"column":26},"end":{"line":243,"column":43}},"176":{"start":{"line":244,"column":2},"end":{"line":244,"column":39}},"177":{"start":{"line":244,"column":24},"end":{"line":244,"column":39}},"178":{"start":{"line":245,"column":2},"end":{"line":245,"column":37}},"179":{"start":{"line":245,"column":23},"end":{"line":245,"column":37}},"180":{"start":{"line":246,"column":2},"end":{"line":246,"column":49}},"181":{"start":{"line":246,"column":29},"end":{"line":246,"column":49}},"182":{"start":{"line":247,"column":2},"end":{"line":247,"column":94}},"183":{"start":{"line":247,"column":79},"end":{"line":247,"column":94}},"184":{"start":{"line":249,"column":14},"end":{"line":249,"column":36}},"185":{"start":{"line":250,"column":2},"end":{"line":252,"column":3}},"186":{"start":{"line":251,"column":4},"end":{"line":251,"column":95}},"187":{"start":{"line":253,"column":2},"end":{"line":253,"column":64}},"188":{"start":{"line":253,"column":45},"end":{"line":253,"column":64}},"189":{"start":{"line":257,"column":21},"end":{"line":312,"column":1}},"190":{"start":{"line":258,"column":12},"end":{"line":258,"column":21}},"191":{"start":{"line":259,"column":12},"end":{"line":259,"column":34}},"192":{"start":{"line":260,"column":2},"end":{"line":311,"column":3}},"193":{"start":{"line":262,"column":16},"end":{"line":262,"column":33}},"194":{"start":{"line":264,"column":15},"end":{"line":266,"column":6}},"195":{"start":{"line":268,"column":4},"end":{"line":268,"column":51}},"196":{"start":{"line":268,"column":16},"end":{"line":268,"column":51}},"197":{"start":{"line":269,"column":15},"end":{"line":269,"column":30}},"198":{"start":{"line":271,"column":4},"end":{"line":274,"column":5}},"199":{"start":{"line":272,"column":6},"end":{"line":272,"column":77}},"200":{"start":{"line":273,"column":6},"end":{"line":273,"column":13}},"201":{"start":{"line":276,"column":18},"end":{"line":276,"column":20}},"202":{"start":{"line":277,"column":4},"end":{"line":280,"column":7}},"203":{"start":{"line":278,"column":6},"end":{"line":278,"column":59}},"204":{"start":{"line":278,"column":33},"end":{"line":278,"column":59}},"205":{"start":{"line":279,"column":6},"end":{"line":279,"column":35}},"206":{"start":{"line":282,"column":17},"end":{"line":282,"column":85}},"207":{"start":{"line":283,"column":15},"end":{"line":283,"column":44}},"208":{"start":{"line":285,"column":4},"end":{"line":306,"column":7}},"209":{"start":{"line":286,"column":6},"end":{"line":305,"column":7}},"210":{"start":{"line":287,"column":8},"end":{"line":287,"column":56}},"211":{"start":{"line":288,"column":8},"end":{"line":303,"column":11}},"212":{"start":{"line":288,"column":32},"end":{"line":288,"column":70}},"213":{"start":{"line":290,"column":22},"end":{"line":292,"column":16}},"214":{"start":{"line":294,"column":10},"end":{"line":302,"column":12}},"215":{"start":{"line":304,"column":8},"end":{"line":304,"column":25}},"216":{"start":{"line":307,"column":4},"end":{"line":307,"column":21}},"217":{"start":{"line":308,"column":4},"end":{"line":308,"column":23}},"218":{"start":{"line":310,"column":4},"end":{"line":310,"column":84}},"219":{"start":{"line":314,"column":27},"end":{"line":349,"column":1}},"220":{"start":{"line":315,"column":13},"end":{"line":315,"column":33}},"221":{"start":{"line":315,"column":40},"end":{"line":315,"column":62}},"222":{"start":{"line":315,"column":69},"end":{"line":315,"column":102}},"223":{"start":{"line":316,"column":2},"end":{"line":316,"column":85}},"224":{"start":{"line":316,"column":10},"end":{"line":316,"column":85}},"225":{"start":{"line":316,"column":47},"end":{"line":316,"column":81}},"226":{"start":{"line":316,"column":55},"end":{"line":316,"column":81}},"227":{"start":{"line":317,"column":2},"end":{"line":317,"column":85}},"228":{"start":{"line":317,"column":10},"end":{"line":317,"column":85}},"229":{"start":{"line":317,"column":47},"end":{"line":317,"column":81}},"230":{"start":{"line":317,"column":55},"end":{"line":317,"column":81}},"231":{"start":{"line":319,"column":13},"end":{"line":319,"column":32}},"232":{"start":{"line":320,"column":2},"end":{"line":348,"column":5}},"233":{"start":{"line":320,"column":10},"end":{"line":348,"column":5}},"234":{"start":{"line":321,"column":4},"end":{"line":321,"column":23}},"235":{"start":{"line":322,"column":15},"end":{"line":328,"column":5}},"236":{"start":{"line":330,"column":4},"end":{"line":347,"column":5}},"237":{"start":{"line":331,"column":17},"end":{"line":338,"column":8}},"238":{"start":{"line":340,"column":6},"end":{"line":340,"column":44}},"239":{"start":{"line":340,"column":18},"end":{"line":340,"column":44}},"240":{"start":{"line":341,"column":6},"end":{"line":341,"column":48}},"241":{"start":{"line":342,"column":6},"end":{"line":342,"column":40}},"242":{"start":{"line":342,"column":14},"end":{"line":342,"column":40}},"243":{"start":{"line":343,"column":6},"end":{"line":343,"column":17}},"244":{"start":{"line":344,"column":6},"end":{"line":344,"column":21}},"245":{"start":{"line":346,"column":6},"end":{"line":346,"column":50}},"246":{"start":{"line":352,"column":17},"end":{"line":352,"column":21}},"247":{"start":{"line":352,"column":37},"end":{"line":352,"column":39}},"248":{"start":{"line":354,"column":28},"end":{"line":382,"column":1}},"249":{"start":{"line":355,"column":2},"end":{"line":355,"column":19}},"250":{"start":{"line":356,"column":13},"end":{"line":356,"column":35}},"251":{"start":{"line":357,"column":2},"end":{"line":357,"column":18}},"252":{"start":{"line":357,"column":11},"end":{"line":357,"column":18}},"253":{"start":{"line":358,"column":2},"end":{"line":358,"column":28}},"254":{"start":{"line":359,"column":2},"end":{"line":359,"column":106}},"255":{"start":{"line":361,"column":2},"end":{"line":381,"column":3}},"256":{"start":{"line":362,"column":15},"end":{"line":364,"column":6}},"257":{"start":{"line":366,"column":4},"end":{"line":366,"column":42}},"258":{"start":{"line":366,"column":16},"end":{"line":366,"column":42}},"259":{"start":{"line":367,"column":15},"end":{"line":367,"column":30}},"260":{"start":{"line":368,"column":4},"end":{"line":368,"column":30}},"261":{"start":{"line":370,"column":4},"end":{"line":370,"column":101}},"262":{"start":{"line":371,"column":4},"end":{"line":377,"column":6}},"263":{"start":{"line":378,"column":4},"end":{"line":378,"column":44}},"264":{"start":{"line":380,"column":4},"end":{"line":380,"column":103}},"265":{"start":{"line":384,"column":35},"end":{"line":415,"column":1}},"266":{"start":{"line":385,"column":13},"end":{"line":385,"column":40}},"267":{"start":{"line":386,"column":2},"end":{"line":389,"column":3}},"268":{"start":{"line":387,"column":4},"end":{"line":387,"column":85}},"269":{"start":{"line":388,"column":4},"end":{"line":388,"column":11}},"270":{"start":{"line":391,"column":15},"end":{"line":391,"column":77}},"271":{"start":{"line":391,"column":39},"end":{"line":391,"column":76}},"272":{"start":{"line":391,"column":62},"end":{"line":391,"column":75}},"273":{"start":{"line":392,"column":2},"end":{"line":414,"column":14}},"274":{"start":{"line":393,"column":4},"end":{"line":413,"column":6}},"275":{"start":{"line":417,"column":28},"end":{"line":449,"column":1}},"276":{"start":{"line":418,"column":2},"end":{"line":418,"column":26}},"277":{"start":{"line":418,"column":19},"end":{"line":418,"column":26}},"278":{"start":{"line":420,"column":14},"end":{"line":424,"column":27}},"279":{"start":{"line":420,"column":36},"end":{"line":424,"column":3}},"280":{"start":{"line":424,"column":18},"end":{"line":424,"column":26}},"281":{"start":{"line":426,"column":2},"end":{"line":429,"column":3}},"282":{"start":{"line":427,"column":4},"end":{"line":427,"column":50}},"283":{"start":{"line":428,"column":4},"end":{"line":428,"column":11}},"284":{"start":{"line":431,"column":2},"end":{"line":448,"column":3}},"285":{"start":{"line":432,"column":15},"end":{"line":439,"column":6}},"286":{"start":{"line":441,"column":4},"end":{"line":441,"column":42}},"287":{"start":{"line":441,"column":16},"end":{"line":441,"column":42}},"288":{"start":{"line":442,"column":15},"end":{"line":442,"column":30}},"289":{"start":{"line":443,"column":4},"end":{"line":443,"column":52}},"290":{"start":{"line":444,"column":4},"end":{"line":444,"column":27}},"291":{"start":{"line":445,"column":4},"end":{"line":445,"column":19}},"292":{"start":{"line":447,"column":4},"end":{"line":447,"column":48}},"293":{"start":{"line":451,"column":29},"end":{"line":458,"column":1}},"294":{"start":{"line":452,"column":13},"end":{"line":452,"column":35}},"295":{"start":{"line":453,"column":2},"end":{"line":457,"column":3}},"296":{"start":{"line":454,"column":4},"end":{"line":454,"column":30}},"297":{"start":{"line":455,"column":4},"end":{"line":455,"column":22}},"298":{"start":{"line":456,"column":4},"end":{"line":456,"column":21}},"299":{"start":{"line":460,"column":0},"end":{"line":465,"column":3}},"300":{"start":{"line":461,"column":13},"end":{"line":461,"column":33}},"301":{"start":{"line":461,"column":40},"end":{"line":461,"column":62}},"302":{"start":{"line":461,"column":69},"end":{"line":461,"column":87}},"303":{"start":{"line":462,"column":2},"end":{"line":462,"column":49}},"304":{"start":{"line":462,"column":23},"end":{"line":462,"column":49}},"305":{"start":{"line":463,"column":2},"end":{"line":463,"column":46}},"306":{"start":{"line":463,"column":23},"end":{"line":463,"column":46}},"307":{"start":{"line":464,"column":2},"end":{"line":464,"column":49}},"308":{"start":{"line":464,"column":23},"end":{"line":464,"column":49}},"309":{"start":{"line":468,"column":23},"end":{"line":495,"column":1}},"310":{"start":{"line":469,"column":12},"end":{"line":469,"column":21}},"311":{"start":{"line":469,"column":28},"end":{"line":469,"column":38}},"312":{"start":{"line":469,"column":45},"end":{"line":469,"column":76}},"313":{"start":{"line":470,"column":2},"end":{"line":494,"column":3}},"314":{"start":{"line":471,"column":14},"end":{"line":471,"column":33}},"315":{"start":{"line":472,"column":4},"end":{"line":473,"column":64}},"316":{"start":{"line":472,"column":30},"end":{"line":472,"column":59}},"317":{"start":{"line":473,"column":9},"end":{"line":473,"column":64}},"318":{"start":{"line":473,"column":17},"end":{"line":473,"column":64}},"319":{"start":{"line":475,"column":15},"end":{"line":477,"column":6}},"320":{"start":{"line":478,"column":15},"end":{"line":478,"column":30}},"321":{"start":{"line":479,"column":15},"end":{"line":479,"column":36}},"322":{"start":{"line":481,"column":4},"end":{"line":491,"column":5}},"323":{"start":{"line":482,"column":6},"end":{"line":490,"column":84}},"324":{"start":{"line":482,"column":45},"end":{"line":490,"column":7}},"325":{"start":{"line":493,"column":4},"end":{"line":493,"column":22}},"326":{"start":{"line":497,"column":21},"end":{"line":510,"column":1}},"327":{"start":{"line":498,"column":13},"end":{"line":498,"column":33}},"328":{"start":{"line":499,"column":2},"end":{"line":499,"column":18}},"329":{"start":{"line":499,"column":11},"end":{"line":499,"column":18}},"330":{"start":{"line":500,"column":2},"end":{"line":509,"column":3}},"331":{"start":{"line":501,"column":15},"end":{"line":503,"column":6}},"332":{"start":{"line":504,"column":15},"end":{"line":504,"column":30}},"333":{"start":{"line":505,"column":4},"end":{"line":506,"column":112}},"334":{"start":{"line":506,"column":18},"end":{"line":506,"column":101}},"335":{"start":{"line":508,"column":4},"end":{"line":508,"column":45}},"336":{"start":{"line":512,"column":28},"end":{"line":550,"column":1}},"337":{"start":{"line":513,"column":13},"end":{"line":513,"column":39}},"338":{"start":{"line":514,"column":2},"end":{"line":514,"column":18}},"339":{"start":{"line":514,"column":11},"end":{"line":514,"column":18}},"340":{"start":{"line":515,"column":13},"end":{"line":515,"column":34}},"341":{"start":{"line":516,"column":2},"end":{"line":516,"column":60}},"342":{"start":{"line":516,"column":10},"end":{"line":516,"column":60}},"343":{"start":{"line":518,"column":2},"end":{"line":549,"column":5}},"344":{"start":{"line":519,"column":4},"end":{"line":519,"column":23}},"345":{"start":{"line":520,"column":15},"end":{"line":525,"column":5}},"346":{"start":{"line":527,"column":4},"end":{"line":530,"column":5}},"347":{"start":{"line":528,"column":6},"end":{"line":528,"column":46}},"348":{"start":{"line":529,"column":6},"end":{"line":529,"column":13}},"349":{"start":{"line":532,"column":4},"end":{"line":548,"column":5}},"350":{"start":{"line":533,"column":17},"end":{"line":540,"column":8}},"351":{"start":{"line":542,"column":6},"end":{"line":542,"column":44}},"352":{"start":{"line":542,"column":18},"end":{"line":542,"column":44}},"353":{"start":{"line":543,"column":6},"end":{"line":543,"column":39}},"354":{"start":{"line":544,"column":6},"end":{"line":544,"column":17}},"355":{"start":{"line":545,"column":6},"end":{"line":545,"column":64}},"356":{"start":{"line":545,"column":14},"end":{"line":545,"column":64}},"357":{"start":{"line":547,"column":6},"end":{"line":547,"column":50}},"358":{"start":{"line":553,"column":23},"end":{"line":587,"column":1}},"359":{"start":{"line":554,"column":13},"end":{"line":554,"column":35}},"360":{"start":{"line":555,"column":2},"end":{"line":555,"column":18}},"361":{"start":{"line":555,"column":11},"end":{"line":555,"column":18}},"362":{"start":{"line":557,"column":2},"end":{"line":586,"column":5}},"363":{"start":{"line":558,"column":4},"end":{"line":558,"column":23}},"364":{"start":{"line":559,"column":15},"end":{"line":565,"column":5}},"365":{"start":{"line":567,"column":4},"end":{"line":585,"column":5}},"366":{"start":{"line":568,"column":17},"end":{"line":575,"column":8}},"367":{"start":{"line":577,"column":6},"end":{"line":580,"column":7}},"368":{"start":{"line":578,"column":19},"end":{"line":578,"column":34}},"369":{"start":{"line":579,"column":8},"end":{"line":579,"column":46}},"370":{"start":{"line":581,"column":6},"end":{"line":581,"column":50}},"371":{"start":{"line":582,"column":6},"end":{"line":582,"column":17}},"372":{"start":{"line":584,"column":6},"end":{"line":584,"column":37}},"373":{"start":{"line":590,"column":20},"end":{"line":678,"column":1}},"374":{"start":{"line":591,"column":12},"end":{"line":591,"column":33}},"375":{"start":{"line":592,"column":2},"end":{"line":592,"column":17}},"376":{"start":{"line":592,"column":10},"end":{"line":592,"column":17}},"377":{"start":{"line":594,"column":12},"end":{"line":594,"column":21}},"378":{"start":{"line":594,"column":28},"end":{"line":594,"column":66}},"379":{"start":{"line":596,"column":2},"end":{"line":677,"column":3}},"380":{"start":{"line":597,"column":14},"end":{"line":597,"column":49}},"381":{"start":{"line":598,"column":4},"end":{"line":598,"column":59}},"382":{"start":{"line":598,"column":12},"end":{"line":598,"column":59}},"383":{"start":{"line":600,"column":15},"end":{"line":602,"column":6}},"384":{"start":{"line":604,"column":4},"end":{"line":604,"column":64}},"385":{"start":{"line":604,"column":16},"end":{"line":604,"column":64}},"386":{"start":{"line":605,"column":15},"end":{"line":605,"column":30}},"387":{"start":{"line":607,"column":4},"end":{"line":607,"column":47}},"388":{"start":{"line":609,"column":4},"end":{"line":612,"column":5}},"389":{"start":{"line":610,"column":6},"end":{"line":610,"column":120}},"390":{"start":{"line":611,"column":6},"end":{"line":611,"column":13}},"391":{"start":{"line":615,"column":19},"end":{"line":620,"column":52}},"392":{"start":{"line":615,"column":42},"end":{"line":620,"column":5}},"393":{"start":{"line":623,"column":15},"end":{"line":667,"column":5}},"394":{"start":{"line":653,"column":26},"end":{"line":663,"column":13}},"395":{"start":{"line":668,"column":4},"end":{"line":668,"column":23}},"396":{"start":{"line":671,"column":4},"end":{"line":671,"column":19}},"397":{"start":{"line":672,"column":4},"end":{"line":672,"column":19}},"398":{"start":{"line":675,"column":4},"end":{"line":675,"column":42}},"399":{"start":{"line":676,"column":4},"end":{"line":676,"column":80}},"400":{"start":{"line":680,"column":0},"end":{"line":680,"column":86}},"401":{"start":{"line":680,"column":24},"end":{"line":680,"column":86}},"402":{"start":{"line":681,"column":0},"end":{"line":681,"column":97}},"403":{"start":{"line":681,"column":31},"end":{"line":681,"column":97}},"404":{"start":{"line":683,"column":21},"end":{"line":700,"column":1}},"405":{"start":{"line":684,"column":2},"end":{"line":699,"column":3}},"406":{"start":{"line":685,"column":15},"end":{"line":687,"column":6}},"407":{"start":{"line":689,"column":4},"end":{"line":689,"column":51}},"408":{"start":{"line":689,"column":16},"end":{"line":689,"column":51}},"409":{"start":{"line":690,"column":15},"end":{"line":690,"column":30}},"410":{"start":{"line":691,"column":15},"end":{"line":691,"column":45}},"411":{"start":{"line":692,"column":14},"end":{"line":692,"column":41}},"412":{"start":{"line":693,"column":4},"end":{"line":693,"column":16}},"413":{"start":{"line":694,"column":4},"end":{"line":694,"column":65}},"414":{"start":{"line":695,"column":4},"end":{"line":695,"column":14}},"415":{"start":{"line":696,"column":4},"end":{"line":696,"column":40}},"416":{"start":{"line":698,"column":4},"end":{"line":698,"column":35}},"417":{"start":{"line":705,"column":19},"end":{"line":760,"column":1}},"418":{"start":{"line":706,"column":13},"end":{"line":706,"column":48}},"419":{"start":{"line":707,"column":13},"end":{"line":707,"column":47}},"420":{"start":{"line":708,"column":2},"end":{"line":708,"column":25}},"421":{"start":{"line":708,"column":18},"end":{"line":708,"column":25}},"422":{"start":{"line":710,"column":2},"end":{"line":710,"column":47}},"423":{"start":{"line":710,"column":22},"end":{"line":710,"column":47}},"424":{"start":{"line":711,"column":2},"end":{"line":711,"column":47}},"425":{"start":{"line":711,"column":22},"end":{"line":711,"column":47}},"426":{"start":{"line":714,"column":17},"end":{"line":719,"column":50}},"427":{"start":{"line":714,"column":42},"end":{"line":719,"column":3}},"428":{"start":{"line":722,"column":2},"end":{"line":735,"column":5}},"429":{"start":{"line":738,"column":20},"end":{"line":738,"column":22}},"430":{"start":{"line":739,"column":2},"end":{"line":743,"column":5}},"431":{"start":{"line":740,"column":4},"end":{"line":742,"column":5}},"432":{"start":{"line":741,"column":6},"end":{"line":741,"column":92}},"433":{"start":{"line":745,"column":2},"end":{"line":759,"column":5}},"434":{"start":{"line":763,"column":19},"end":{"line":783,"column":1}},"435":{"start":{"line":764,"column":2},"end":{"line":782,"column":3}},"436":{"start":{"line":765,"column":15},"end":{"line":767,"column":6}},"437":{"start":{"line":768,"column":15},"end":{"line":768,"column":30}},"438":{"start":{"line":770,"column":4},"end":{"line":779,"column":5}},"439":{"start":{"line":771,"column":6},"end":{"line":778,"column":18}},"440":{"start":{"line":771,"column":53},"end":{"line":778,"column":7}},"441":{"start":{"line":781,"column":4},"end":{"line":781,"column":51}},"442":{"start":{"line":785,"column":21},"end":{"line":797,"column":1}},"443":{"start":{"line":786,"column":2},"end":{"line":796,"column":3}},"444":{"start":{"line":787,"column":15},"end":{"line":790,"column":6}},"445":{"start":{"line":791,"column":15},"end":{"line":791,"column":30}},"446":{"start":{"line":792,"column":4},"end":{"line":792,"column":37}},"447":{"start":{"line":793,"column":4},"end":{"line":793,"column":17}},"448":{"start":{"line":795,"column":4},"end":{"line":795,"column":35}},"449":{"start":{"line":800,"column":19},"end":{"line":800,"column":71}},"450":{"start":{"line":800,"column":27},"end":{"line":800,"column":69}},"451":{"start":{"line":801,"column":20},"end":{"line":801,"column":72}},"452":{"start":{"line":801,"column":28},"end":{"line":801,"column":70}},"453":{"start":{"line":803,"column":21},"end":{"line":817,"column":1}},"454":{"start":{"line":804,"column":13},"end":{"line":804,"column":36}},"455":{"start":{"line":805,"column":2},"end":{"line":816,"column":3}},"456":{"start":{"line":806,"column":15},"end":{"line":810,"column":6}},"457":{"start":{"line":811,"column":15},"end":{"line":811,"column":30}},"458":{"start":{"line":812,"column":4},"end":{"line":812,"column":37}},"459":{"start":{"line":813,"column":4},"end":{"line":813,"column":18}},"460":{"start":{"line":815,"column":4},"end":{"line":815,"column":35}},"461":{"start":{"line":819,"column":23},"end":{"line":824,"column":10}},"462":{"start":{"line":819,"column":31},"end":{"line":824,"column":9}},"463":{"start":{"line":826,"column":25},"end":{"line":841,"column":1}},"464":{"start":{"line":827,"column":2},"end":{"line":840,"column":3}},"465":{"start":{"line":828,"column":15},"end":{"line":830,"column":6}},"466":{"start":{"line":831,"column":15},"end":{"line":831,"column":30}},"467":{"start":{"line":832,"column":15},"end":{"line":832,"column":70}},"468":{"start":{"line":832,"column":39},"end":{"line":832,"column":51}},"469":{"start":{"line":833,"column":17},"end":{"line":834,"column":64}},"470":{"start":{"line":834,"column":18},"end":{"line":834,"column":54}},"471":{"start":{"line":836,"column":4},"end":{"line":836,"column":64}},"472":{"start":{"line":836,"column":28},"end":{"line":836,"column":64}},"473":{"start":{"line":837,"column":4},"end":{"line":837,"column":78}},"474":{"start":{"line":837,"column":35},"end":{"line":837,"column":78}},"475":{"start":{"line":839,"column":4},"end":{"line":839,"column":22}},"476":{"start":{"line":843,"column":26},"end":{"line":874,"column":1}},"477":{"start":{"line":844,"column":12},"end":{"line":844,"column":21}},"478":{"start":{"line":844,"column":27},"end":{"line":844,"column":54}},"479":{"start":{"line":845,"column":2},"end":{"line":845,"column":23}},"480":{"start":{"line":845,"column":16},"end":{"line":845,"column":23}},"481":{"start":{"line":847,"column":2},"end":{"line":873,"column":3}},"482":{"start":{"line":848,"column":15},"end":{"line":850,"column":6}},"483":{"start":{"line":851,"column":15},"end":{"line":851,"column":30}},"484":{"start":{"line":853,"column":4},"end":{"line":856,"column":5}},"485":{"start":{"line":854,"column":6},"end":{"line":854,"column":110}},"486":{"start":{"line":855,"column":6},"end":{"line":855,"column":13}},"487":{"start":{"line":858,"column":4},"end":{"line":870,"column":16}},"488":{"start":{"line":858,"column":30},"end":{"line":870,"column":5}},"489":{"start":{"line":872,"column":4},"end":{"line":872,"column":64}},"490":{"start":{"line":877,"column":13},"end":{"line":887,"column":1}},"491":{"start":{"line":878,"column":2},"end":{"line":878,"column":14}},"492":{"start":{"line":879,"column":2},"end":{"line":879,"column":61}},"493":{"start":{"line":880,"column":2},"end":{"line":880,"column":14}},"494":{"start":{"line":883,"column":2},"end":{"line":883,"column":68}},"495":{"start":{"line":885,"column":13},"end":{"line":885,"column":23}},"496":{"start":{"line":885,"column":30},"end":{"line":885,"column":39}},"497":{"start":{"line":886,"column":2},"end":{"line":886,"column":57}},"498":{"start":{"line":886,"column":16},"end":{"line":886,"column":57}},"499":{"start":{"line":886,"column":33},"end":{"line":886,"column":50}},"500":{"start":{"line":889,"column":0},"end":{"line":893,"column":1}},"501":{"start":{"line":890,"column":2},"end":{"line":890,"column":54}},"502":{"start":{"line":892,"column":2},"end":{"line":892,"column":9}}},"fnMap":{"0":{"name":"(anonymous_0)","decl":{"start":{"line":6,"column":10},"end":{"line":6,"column":11}},"loc":{"start":{"line":6,"column":24},"end":{"line":6,"column":56}},"line":6},"1":{"name":"(anonymous_1)","decl":{"start":{"line":9,"column":17},"end":{"line":9,"column":18}},"loc":{"start":{"line":9,"column":23},"end":{"line":9,"column":54}},"line":9},"2":{"name":"(anonymous_2)","decl":{"start":{"line":10,"column":17},"end":{"line":10,"column":18}},"loc":{"start":{"line":10,"column":24},"end":{"line":10,"column":58}},"line":10},"3":{"name":"(anonymous_3)","decl":{"start":{"line":11,"column":16},"end":{"line":11,"column":17}},"loc":{"start":{"line":11,"column":22},"end":{"line":14,"column":1}},"line":11},"4":{"name":"(anonymous_4)","decl":{"start":{"line":15,"column":16},"end":{"line":15,"column":17}},"loc":{"start":{"line":15,"column":23},"end":{"line":15,"column":72}},"line":15},"5":{"name":"(anonymous_5)","decl":{"start":{"line":16,"column":21},"end":{"line":16,"column":22}},"loc":{"start":{"line":16,"column":27},"end":{"line":19,"column":1}},"line":16},"6":{"name":"(anonymous_6)","decl":{"start":{"line":21,"column":18},"end":{"line":21,"column":19}},"loc":{"start":{"line":21,"column":54},"end":{"line":39,"column":1}},"line":21},"7":{"name":"(anonymous_7)","decl":{"start":{"line":30,"column":38},"end":{"line":30,"column":39}},"loc":{"start":{"line":30,"column":44},"end":{"line":33,"column":3}},"line":30},"8":{"name":"(anonymous_8)","decl":{"start":{"line":32,"column":15},"end":{"line":32,"column":16}},"loc":{"start":{"line":32,"column":21},"end":{"line":32,"column":31}},"line":32},"9":{"name":"(anonymous_9)","decl":{"start":{"line":35,"column":26},"end":{"line":35,"column":27}},"loc":{"start":{"line":35,"column":32},"end":{"line":38,"column":3}},"line":35},"10":{"name":"(anonymous_10)","decl":{"start":{"line":37,"column":15},"end":{"line":37,"column":16}},"loc":{"start":{"line":37,"column":21},"end":{"line":37,"column":31}},"line":37},"11":{"name":"(anonymous_11)","decl":{"start":{"line":42,"column":18},"end":{"line":42,"column":19}},"loc":{"start":{"line":42,"column":24},"end":{"line":46,"column":1}},"line":42},"12":{"name":"(anonymous_12)","decl":{"start":{"line":47,"column":20},"end":{"line":47,"column":21}},"loc":{"start":{"line":47,"column":26},"end":{"line":53,"column":1}},"line":47},"13":{"name":"(anonymous_13)","decl":{"start":{"line":54,"column":23},"end":{"line":54,"column":24}},"loc":{"start":{"line":54,"column":30},"end":{"line":57,"column":1}},"line":54},"14":{"name":"(anonymous_14)","decl":{"start":{"line":60,"column":18},"end":{"line":60,"column":19}},"loc":{"start":{"line":60,"column":24},"end":{"line":126,"column":1}},"line":60},"15":{"name":"(anonymous_15)","decl":{"start":{"line":64,"column":39},"end":{"line":64,"column":40}},"loc":{"start":{"line":64,"column":45},"end":{"line":71,"column":3}},"line":64},"16":{"name":"(anonymous_16)","decl":{"start":{"line":73,"column":32},"end":{"line":73,"column":33}},"loc":{"start":{"line":73,"column":45},"end":{"line":125,"column":3}},"line":73},"17":{"name":"(anonymous_17)","decl":{"start":{"line":104,"column":41},"end":{"line":104,"column":42}},"loc":{"start":{"line":104,"column":48},"end":{"line":104,"column":67}},"line":104},"18":{"name":"(anonymous_18)","decl":{"start":{"line":117,"column":19},"end":{"line":117,"column":20}},"loc":{"start":{"line":117,"column":25},"end":{"line":117,"column":42}},"line":117},"19":{"name":"(anonymous_19)","decl":{"start":{"line":128,"column":20},"end":{"line":128,"column":21}},"loc":{"start":{"line":128,"column":26},"end":{"line":136,"column":1}},"line":128},"20":{"name":"(anonymous_20)","decl":{"start":{"line":130,"column":39},"end":{"line":130,"column":40}},"loc":{"start":{"line":130,"column":45},"end":{"line":135,"column":3}},"line":130},"21":{"name":"(anonymous_21)","decl":{"start":{"line":139,"column":20},"end":{"line":139,"column":21}},"loc":{"start":{"line":139,"column":28},"end":{"line":143,"column":9}},"line":139},"22":{"name":"(anonymous_22)","decl":{"start":{"line":145,"column":24},"end":{"line":145,"column":25}},"loc":{"start":{"line":145,"column":30},"end":{"line":186,"column":1}},"line":145},"23":{"name":"(anonymous_23)","decl":{"start":{"line":153,"column":49},"end":{"line":153,"column":50}},"loc":{"start":{"line":153,"column":54},"end":{"line":153,"column":58}},"line":153},"24":{"name":"(anonymous_24)","decl":{"start":{"line":158,"column":47},"end":{"line":158,"column":48}},"loc":{"start":{"line":158,"column":57},"end":{"line":158,"column":81}},"line":158},"25":{"name":"(anonymous_25)","decl":{"start":{"line":159,"column":55},"end":{"line":159,"column":56}},"loc":{"start":{"line":159,"column":65},"end":{"line":159,"column":89}},"line":159},"26":{"name":"(anonymous_26)","decl":{"start":{"line":168,"column":26},"end":{"line":168,"column":27}},"loc":{"start":{"line":168,"column":32},"end":{"line":171,"column":3}},"line":168},"27":{"name":"(anonymous_27)","decl":{"start":{"line":188,"column":24},"end":{"line":188,"column":25}},"loc":{"start":{"line":188,"column":34},"end":{"line":239,"column":1}},"line":188},"28":{"name":"(anonymous_28)","decl":{"start":{"line":212,"column":16},"end":{"line":212,"column":17}},"loc":{"start":{"line":212,"column":33},"end":{"line":220,"column":3}},"line":212},"29":{"name":"(anonymous_29)","decl":{"start":{"line":222,"column":44},"end":{"line":222,"column":45}},"loc":{"start":{"line":222,"column":51},"end":{"line":238,"column":3}},"line":222},"30":{"name":"(anonymous_30)","decl":{"start":{"line":223,"column":34},"end":{"line":223,"column":35}},"loc":{"start":{"line":223,"column":40},"end":{"line":237,"column":5}},"line":223},"31":{"name":"(anonymous_31)","decl":{"start":{"line":224,"column":48},"end":{"line":224,"column":49}},"loc":{"start":{"line":224,"column":53},"end":{"line":224,"column":81}},"line":224},"32":{"name":"(anonymous_32)","decl":{"start":{"line":226,"column":60},"end":{"line":226,"column":61}},"loc":{"start":{"line":226,"column":65},"end":{"line":226,"column":93}},"line":226},"33":{"name":"(anonymous_33)","decl":{"start":{"line":241,"column":24},"end":{"line":241,"column":25}},"loc":{"start":{"line":241,"column":31},"end":{"line":254,"column":1}},"line":241},"34":{"name":"(anonymous_34)","decl":{"start":{"line":257,"column":21},"end":{"line":257,"column":22}},"loc":{"start":{"line":257,"column":33},"end":{"line":312,"column":1}},"line":257},"35":{"name":"(anonymous_35)","decl":{"start":{"line":277,"column":15},"end":{"line":277,"column":16}},"loc":{"start":{"line":277,"column":20},"end":{"line":280,"column":5}},"line":277},"36":{"name":"(anonymous_36)","decl":{"start":{"line":285,"column":17},"end":{"line":285,"column":18}},"loc":{"start":{"line":285,"column":22},"end":{"line":306,"column":5}},"line":285},"37":{"name":"(anonymous_37)","decl":{"start":{"line":288,"column":22},"end":{"line":288,"column":23}},"loc":{"start":{"line":288,"column":32},"end":{"line":288,"column":70}},"line":288},"38":{"name":"(anonymous_38)","decl":{"start":{"line":288,"column":80},"end":{"line":288,"column":81}},"loc":{"start":{"line":288,"column":86},"end":{"line":303,"column":9}},"line":288},"39":{"name":"(anonymous_39)","decl":{"start":{"line":314,"column":27},"end":{"line":314,"column":28}},"loc":{"start":{"line":314,"column":33},"end":{"line":349,"column":1}},"line":314},"40":{"name":"(anonymous_40)","decl":{"start":{"line":316,"column":39},"end":{"line":316,"column":40}},"loc":{"start":{"line":316,"column":45},"end":{"line":316,"column":83}},"line":316},"41":{"name":"(anonymous_41)","decl":{"start":{"line":317,"column":39},"end":{"line":317,"column":40}},"loc":{"start":{"line":317,"column":45},"end":{"line":317,"column":83}},"line":317},"42":{"name":"(anonymous_42)","decl":{"start":{"line":320,"column":40},"end":{"line":320,"column":41}},"loc":{"start":{"line":320,"column":53},"end":{"line":348,"column":3}},"line":320},"43":{"name":"(anonymous_43)","decl":{"start":{"line":354,"column":28},"end":{"line":354,"column":29}},"loc":{"start":{"line":354,"column":43},"end":{"line":382,"column":1}},"line":354},"44":{"name":"(anonymous_44)","decl":{"start":{"line":384,"column":35},"end":{"line":384,"column":36}},"loc":{"start":{"line":384,"column":44},"end":{"line":415,"column":1}},"line":384},"45":{"name":"(anonymous_45)","decl":{"start":{"line":391,"column":26},"end":{"line":391,"column":27}},"loc":{"start":{"line":391,"column":39},"end":{"line":391,"column":76}},"line":391},"46":{"name":"(anonymous_46)","decl":{"start":{"line":391,"column":57},"end":{"line":391,"column":58}},"loc":{"start":{"line":391,"column":62},"end":{"line":391,"column":75}},"line":391},"47":{"name":"(anonymous_47)","decl":{"start":{"line":392,"column":26},"end":{"line":392,"column":27}},"loc":{"start":{"line":392,"column":32},"end":{"line":414,"column":3}},"line":392},"48":{"name":"(anonymous_48)","decl":{"start":{"line":417,"column":28},"end":{"line":417,"column":29}},"loc":{"start":{"line":417,"column":40},"end":{"line":449,"column":1}},"line":417},"49":{"name":"(anonymous_49)","decl":{"start":{"line":420,"column":30},"end":{"line":420,"column":31}},"loc":{"start":{"line":420,"column":36},"end":{"line":424,"column":3}},"line":420},"50":{"name":"(anonymous_50)","decl":{"start":{"line":424,"column":13},"end":{"line":424,"column":14}},"loc":{"start":{"line":424,"column":18},"end":{"line":424,"column":26}},"line":424},"51":{"name":"(anonymous_51)","decl":{"start":{"line":451,"column":29},"end":{"line":451,"column":30}},"loc":{"start":{"line":451,"column":35},"end":{"line":458,"column":1}},"line":451},"52":{"name":"(anonymous_52)","decl":{"start":{"line":460,"column":33},"end":{"line":460,"column":34}},"loc":{"start":{"line":460,"column":38},"end":{"line":465,"column":1}},"line":460},"53":{"name":"(anonymous_53)","decl":{"start":{"line":468,"column":23},"end":{"line":468,"column":24}},"loc":{"start":{"line":468,"column":35},"end":{"line":495,"column":1}},"line":468},"54":{"name":"(anonymous_54)","decl":{"start":{"line":482,"column":40},"end":{"line":482,"column":41}},"loc":{"start":{"line":482,"column":45},"end":{"line":490,"column":7}},"line":482},"55":{"name":"(anonymous_55)","decl":{"start":{"line":497,"column":21},"end":{"line":497,"column":22}},"loc":{"start":{"line":497,"column":33},"end":{"line":510,"column":1}},"line":497},"56":{"name":"(anonymous_56)","decl":{"start":{"line":506,"column":13},"end":{"line":506,"column":14}},"loc":{"start":{"line":506,"column":18},"end":{"line":506,"column":101}},"line":506},"57":{"name":"(anonymous_57)","decl":{"start":{"line":512,"column":28},"end":{"line":512,"column":29}},"loc":{"start":{"line":512,"column":34},"end":{"line":550,"column":1}},"line":512},"58":{"name":"(anonymous_58)","decl":{"start":{"line":518,"column":32},"end":{"line":518,"column":33}},"loc":{"start":{"line":518,"column":45},"end":{"line":549,"column":3}},"line":518},"59":{"name":"(anonymous_59)","decl":{"start":{"line":553,"column":23},"end":{"line":553,"column":24}},"loc":{"start":{"line":553,"column":29},"end":{"line":587,"column":1}},"line":553},"60":{"name":"(anonymous_60)","decl":{"start":{"line":557,"column":32},"end":{"line":557,"column":33}},"loc":{"start":{"line":557,"column":45},"end":{"line":586,"column":3}},"line":557},"61":{"name":"(anonymous_61)","decl":{"start":{"line":590,"column":20},"end":{"line":590,"column":21}},"loc":{"start":{"line":590,"column":32},"end":{"line":678,"column":1}},"line":590},"62":{"name":"(anonymous_62)","decl":{"start":{"line":615,"column":29},"end":{"line":615,"column":30}},"loc":{"start":{"line":615,"column":42},"end":{"line":620,"column":5}},"line":615},"63":{"name":"(anonymous_63)","decl":{"start":{"line":653,"column":21},"end":{"line":653,"column":22}},"loc":{"start":{"line":653,"column":26},"end":{"line":663,"column":13}},"line":653},"64":{"name":"(anonymous_64)","decl":{"start":{"line":683,"column":21},"end":{"line":683,"column":22}},"loc":{"start":{"line":683,"column":35},"end":{"line":700,"column":1}},"line":683},"65":{"name":"(anonymous_65)","decl":{"start":{"line":705,"column":19},"end":{"line":705,"column":20}},"loc":{"start":{"line":705,"column":29},"end":{"line":760,"column":1}},"line":705},"66":{"name":"(anonymous_66)","decl":{"start":{"line":714,"column":29},"end":{"line":714,"column":30}},"loc":{"start":{"line":714,"column":42},"end":{"line":719,"column":3}},"line":714},"67":{"name":"(anonymous_67)","decl":{"start":{"line":739,"column":15},"end":{"line":739,"column":16}},"loc":{"start":{"line":739,"column":20},"end":{"line":743,"column":3}},"line":739},"68":{"name":"(anonymous_68)","decl":{"start":{"line":763,"column":19},"end":{"line":763,"column":20}},"loc":{"start":{"line":763,"column":31},"end":{"line":783,"column":1}},"line":763},"69":{"name":"(anonymous_69)","decl":{"start":{"line":771,"column":43},"end":{"line":771,"column":44}},"loc":{"start":{"line":771,"column":53},"end":{"line":778,"column":7}},"line":771},"70":{"name":"(anonymous_70)","decl":{"start":{"line":785,"column":21},"end":{"line":785,"column":22}},"loc":{"start":{"line":785,"column":33},"end":{"line":797,"column":1}},"line":785},"71":{"name":"(anonymous_71)","decl":{"start":{"line":800,"column":19},"end":{"line":800,"column":20}},"loc":{"start":{"line":800,"column":25},"end":{"line":800,"column":71}},"line":800},"72":{"name":"(anonymous_72)","decl":{"start":{"line":801,"column":20},"end":{"line":801,"column":21}},"loc":{"start":{"line":801,"column":26},"end":{"line":801,"column":72}},"line":801},"73":{"name":"(anonymous_73)","decl":{"start":{"line":803,"column":21},"end":{"line":803,"column":22}},"loc":{"start":{"line":803,"column":33},"end":{"line":817,"column":1}},"line":803},"74":{"name":"(anonymous_74)","decl":{"start":{"line":819,"column":23},"end":{"line":819,"column":24}},"loc":{"start":{"line":819,"column":31},"end":{"line":824,"column":9}},"line":819},"75":{"name":"(anonymous_75)","decl":{"start":{"line":826,"column":25},"end":{"line":826,"column":26}},"loc":{"start":{"line":826,"column":37},"end":{"line":841,"column":1}},"line":826},"76":{"name":"(anonymous_76)","decl":{"start":{"line":832,"column":34},"end":{"line":832,"column":35}},"loc":{"start":{"line":832,"column":39},"end":{"line":832,"column":51}},"line":832},"77":{"name":"(anonymous_77)","decl":{"start":{"line":834,"column":13},"end":{"line":834,"column":14}},"loc":{"start":{"line":834,"column":18},"end":{"line":834,"column":54}},"line":834},"78":{"name":"(anonymous_78)","decl":{"start":{"line":843,"column":26},"end":{"line":843,"column":27}},"loc":{"start":{"line":843,"column":38},"end":{"line":874,"column":1}},"line":843},"79":{"name":"(anonymous_79)","decl":{"start":{"line":858,"column":25},"end":{"line":858,"column":26}},"loc":{"start":{"line":858,"column":30},"end":{"line":870,"column":5}},"line":858},"80":{"name":"(anonymous_80)","decl":{"start":{"line":877,"column":13},"end":{"line":877,"column":14}},"loc":{"start":{"line":877,"column":19},"end":{"line":887,"column":1}},"line":877},"81":{"name":"(anonymous_81)","decl":{"start":{"line":886,"column":27},"end":{"line":886,"column":28}},"loc":{"start":{"line":886,"column":33},"end":{"line":886,"column":50}},"line":886}},"branchMap":{"0":{"loc":{"start":{"line":13,"column":9},"end":{"line":13,"column":33}},"type":"cond-expr","locations":[{"start":{"line":13,"column":13},"end":{"line":13,"column":26}},{"start":{"line":13,"column":29},"end":{"line":13,"column":33}}],"line":13},"1":{"loc":{"start":{"line":21,"column":24},"end":{"line":21,"column":37}},"type":"default-arg","locations":[{"start":{"line":21,"column":31},"end":{"line":21,"column":37}}],"line":21},"2":{"loc":{"start":{"line":21,"column":39},"end":{"line":21,"column":49}},"type":"default-arg","locations":[{"start":{"line":21,"column":45},"end":{"line":21,"column":49}}],"line":21},"3":{"loc":{"start":{"line":23,"column":2},"end":{"line":23,"column":33}},"type":"if","locations":[{"start":{"line":23,"column":2},"end":{"line":23,"column":33}},{"start":{},"end":{}}],"line":23},"4":{"loc":{"start":{"line":35,"column":2},"end":{"line":38,"column":10}},"type":"if","locations":[{"start":{"line":35,"column":2},"end":{"line":38,"column":10}},{"start":{},"end":{}}],"line":35},"5":{"loc":{"start":{"line":43,"column":12},"end":{"line":43,"column":54}},"type":"binary-expr","locations":[{"start":{"line":43,"column":12},"end":{"line":43,"column":43}},{"start":{"line":43,"column":47},"end":{"line":43,"column":54}}],"line":43},"6":{"loc":{"start":{"line":49,"column":12},"end":{"line":49,"column":43}},"type":"cond-expr","locations":[{"start":{"line":49,"column":27},"end":{"line":49,"column":34}},{"start":{"line":49,"column":37},"end":{"line":49,"column":43}}],"line":49},"7":{"loc":{"start":{"line":56,"column":2},"end":{"line":56,"column":75}},"type":"if","locations":[{"start":{"line":56,"column":2},"end":{"line":56,"column":75}},{"start":{},"end":{}}],"line":56},"8":{"loc":{"start":{"line":56,"column":23},"end":{"line":56,"column":74}},"type":"cond-expr","locations":[{"start":{"line":56,"column":38},"end":{"line":56,"column":55}},{"start":{"line":56,"column":58},"end":{"line":56,"column":74}}],"line":56},"9":{"loc":{"start":{"line":62,"column":2},"end":{"line":62,"column":18}},"type":"if","locations":[{"start":{"line":62,"column":2},"end":{"line":62,"column":18}},{"start":{},"end":{}}],"line":62},"10":{"loc":{"start":{"line":64,"column":2},"end":{"line":71,"column":5}},"type":"if","locations":[{"start":{"line":64,"column":2},"end":{"line":71,"column":5}},{"start":{},"end":{}}],"line":64},"11":{"loc":{"start":{"line":66,"column":23},"end":{"line":66,"column":44}},"type":"cond-expr","locations":[{"start":{"line":66,"column":28},"end":{"line":66,"column":35}},{"start":{"line":66,"column":38},"end":{"line":66,"column":44}}],"line":66},"12":{"loc":{"start":{"line":67,"column":21},"end":{"line":67,"column":56}},"type":"cond-expr","locations":[{"start":{"line":67,"column":26},"end":{"line":67,"column":46}},{"start":{"line":67,"column":49},"end":{"line":67,"column":56}}],"line":67},"13":{"loc":{"start":{"line":68,"column":35},"end":{"line":68,"column":72}},"type":"cond-expr","locations":[{"start":{"line":68,"column":40},"end":{"line":68,"column":53}},{"start":{"line":68,"column":56},"end":{"line":68,"column":72}}],"line":68},"14":{"loc":{"start":{"line":69,"column":21},"end":{"line":69,"column":88}},"type":"cond-expr","locations":[{"start":{"line":69,"column":26},"end":{"line":69,"column":51}},{"start":{"line":69,"column":54},"end":{"line":69,"column":88}}],"line":69},"15":{"loc":{"start":{"line":79,"column":4},"end":{"line":82,"column":5}},"type":"if","locations":[{"start":{"line":79,"column":4},"end":{"line":82,"column":5}},{"start":{},"end":{}}],"line":79},"16":{"loc":{"start":{"line":79,"column":8},"end":{"line":79,"column":35}},"type":"binary-expr","locations":[{"start":{"line":79,"column":8},"end":{"line":79,"column":11}},{"start":{"line":79,"column":15},"end":{"line":79,"column":18}},{"start":{"line":79,"column":22},"end":{"line":79,"column":35}}],"line":79},"17":{"loc":{"start":{"line":86,"column":21},"end":{"line":86,"column":54}},"type":"cond-expr","locations":[{"start":{"line":86,"column":26},"end":{"line":86,"column":42}},{"start":{"line":86,"column":45},"end":{"line":86,"column":54}}],"line":86},"18":{"loc":{"start":{"line":89,"column":18},"end":{"line":89,"column":67}},"type":"cond-expr","locations":[{"start":{"line":89,"column":23},"end":{"line":89,"column":45}},{"start":{"line":89,"column":48},"end":{"line":89,"column":67}}],"line":89},"19":{"loc":{"start":{"line":90,"column":17},"end":{"line":94,"column":37}},"type":"cond-expr","locations":[{"start":{"line":90,"column":22},"end":{"line":94,"column":7}},{"start":{"line":94,"column":10},"end":{"line":94,"column":37}}],"line":90},"20":{"loc":{"start":{"line":93,"column":20},"end":{"line":93,"column":57}},"type":"binary-expr","locations":[{"start":{"line":93,"column":20},"end":{"line":93,"column":49}},{"start":{"line":93,"column":53},"end":{"line":93,"column":57}}],"line":93},"21":{"loc":{"start":{"line":102,"column":6},"end":{"line":102,"column":71}},"type":"if","locations":[{"start":{"line":102,"column":6},"end":{"line":102,"column":71}},{"start":{},"end":{}}],"line":102},"22":{"loc":{"start":{"line":103,"column":6},"end":{"line":106,"column":7}},"type":"if","locations":[{"start":{"line":103,"column":6},"end":{"line":106,"column":7}},{"start":{},"end":{}}],"line":103},"23":{"loc":{"start":{"line":105,"column":24},"end":{"line":105,"column":44}},"type":"binary-expr","locations":[{"start":{"line":105,"column":24},"end":{"line":105,"column":32}},{"start":{"line":105,"column":36},"end":{"line":105,"column":44}}],"line":105},"24":{"loc":{"start":{"line":110,"column":6},"end":{"line":118,"column":7}},"type":"if","locations":[{"start":{"line":110,"column":6},"end":{"line":118,"column":7}},{"start":{"line":113,"column":13},"end":{"line":118,"column":7}}],"line":110},"25":{"loc":{"start":{"line":130,"column":2},"end":{"line":135,"column":5}},"type":"if","locations":[{"start":{"line":130,"column":2},"end":{"line":135,"column":5}},{"start":{},"end":{}}],"line":130},"26":{"loc":{"start":{"line":131,"column":4},"end":{"line":134,"column":5}},"type":"if","locations":[{"start":{"line":131,"column":4},"end":{"line":134,"column":5}},{"start":{},"end":{}}],"line":131},"27":{"loc":{"start":{"line":139,"column":28},"end":{"line":143,"column":9}},"type":"binary-expr","locations":[{"start":{"line":139,"column":28},"end":{"line":143,"column":4}},{"start":{"line":143,"column":8},"end":{"line":143,"column":9}}],"line":139},"28":{"loc":{"start":{"line":147,"column":2},"end":{"line":147,"column":20}},"type":"if","locations":[{"start":{"line":147,"column":2},"end":{"line":147,"column":20}},{"start":{},"end":{}}],"line":147},"29":{"loc":{"start":{"line":158,"column":57},"end":{"line":158,"column":81}},"type":"cond-expr","locations":[{"start":{"line":158,"column":67},"end":{"line":158,"column":68}},{"start":{"line":158,"column":71},"end":{"line":158,"column":81}}],"line":158},"30":{"loc":{"start":{"line":159,"column":65},"end":{"line":159,"column":89}},"type":"cond-expr","locations":[{"start":{"line":159,"column":75},"end":{"line":159,"column":76}},{"start":{"line":159,"column":79},"end":{"line":159,"column":89}}],"line":159},"31":{"loc":{"start":{"line":164,"column":21},"end":{"line":164,"column":52}},"type":"binary-expr","locations":[{"start":{"line":164,"column":21},"end":{"line":164,"column":36}},{"start":{"line":164,"column":40},"end":{"line":164,"column":52}}],"line":164},"32":{"loc":{"start":{"line":170,"column":4},"end":{"line":170,"column":34}},"type":"if","locations":[{"start":{"line":170,"column":4},"end":{"line":170,"column":34}},{"start":{},"end":{}}],"line":170},"33":{"loc":{"start":{"line":180,"column":2},"end":{"line":183,"column":3}},"type":"if","locations":[{"start":{"line":180,"column":2},"end":{"line":183,"column":3}},{"start":{},"end":{}}],"line":180},"34":{"loc":{"start":{"line":182,"column":4},"end":{"line":182,"column":48}},"type":"if","locations":[{"start":{"line":182,"column":4},"end":{"line":182,"column":48}},{"start":{},"end":{}}],"line":182},"35":{"loc":{"start":{"line":190,"column":2},"end":{"line":190,"column":19}},"type":"if","locations":[{"start":{"line":190,"column":2},"end":{"line":190,"column":19}},{"start":{},"end":{}}],"line":190},"36":{"loc":{"start":{"line":199,"column":2},"end":{"line":201,"column":3}},"type":"if","locations":[{"start":{"line":199,"column":2},"end":{"line":201,"column":3}},{"start":{},"end":{}}],"line":199},"37":{"loc":{"start":{"line":199,"column":6},"end":{"line":199,"column":44}},"type":"binary-expr","locations":[{"start":{"line":199,"column":6},"end":{"line":199,"column":24}},{"start":{"line":199,"column":28},"end":{"line":199,"column":44}}],"line":199},"38":{"loc":{"start":{"line":203,"column":2},"end":{"line":205,"column":3}},"type":"if","locations":[{"start":{"line":203,"column":2},"end":{"line":205,"column":3}},{"start":{},"end":{}}],"line":203},"39":{"loc":{"start":{"line":213,"column":4},"end":{"line":219,"column":5}},"type":"if","locations":[{"start":{"line":213,"column":4},"end":{"line":219,"column":5}},{"start":{},"end":{}}],"line":213},"40":{"loc":{"start":{"line":213,"column":8},"end":{"line":213,"column":63}},"type":"binary-expr","locations":[{"start":{"line":213,"column":8},"end":{"line":213,"column":34}},{"start":{"line":213,"column":38},"end":{"line":213,"column":63}}],"line":213},"41":{"loc":{"start":{"line":215,"column":34},"end":{"line":215,"column":61}},"type":"cond-expr","locations":[{"start":{"line":215,"column":48},"end":{"line":215,"column":56}},{"start":{"line":215,"column":59},"end":{"line":215,"column":61}}],"line":215},"42":{"loc":{"start":{"line":229,"column":6},"end":{"line":236,"column":7}},"type":"if","locations":[{"start":{"line":229,"column":6},"end":{"line":236,"column":7}},{"start":{},"end":{}}],"line":229},"43":{"loc":{"start":{"line":231,"column":8},"end":{"line":231,"column":67}},"type":"if","locations":[{"start":{"line":231,"column":8},"end":{"line":231,"column":67}},{"start":{},"end":{}}],"line":231},"44":{"loc":{"start":{"line":232,"column":8},"end":{"line":232,"column":63}},"type":"if","locations":[{"start":{"line":232,"column":8},"end":{"line":232,"column":63}},{"start":{},"end":{}}],"line":232},"45":{"loc":{"start":{"line":233,"column":8},"end":{"line":233,"column":61}},"type":"if","locations":[{"start":{"line":233,"column":8},"end":{"line":233,"column":61}},{"start":{},"end":{}}],"line":233},"46":{"loc":{"start":{"line":234,"column":8},"end":{"line":234,"column":73}},"type":"if","locations":[{"start":{"line":234,"column":8},"end":{"line":234,"column":73}},{"start":{},"end":{}}],"line":234},"47":{"loc":{"start":{"line":235,"column":8},"end":{"line":235,"column":70}},"type":"if","locations":[{"start":{"line":235,"column":8},"end":{"line":235,"column":70}},{"start":{},"end":{}}],"line":235},"48":{"loc":{"start":{"line":243,"column":2},"end":{"line":243,"column":43}},"type":"if","locations":[{"start":{"line":243,"column":2},"end":{"line":243,"column":43}},{"start":{},"end":{}}],"line":243},"49":{"loc":{"start":{"line":244,"column":2},"end":{"line":244,"column":39}},"type":"if","locations":[{"start":{"line":244,"column":2},"end":{"line":244,"column":39}},{"start":{},"end":{}}],"line":244},"50":{"loc":{"start":{"line":245,"column":2},"end":{"line":245,"column":37}},"type":"if","locations":[{"start":{"line":245,"column":2},"end":{"line":245,"column":37}},{"start":{},"end":{}}],"line":245},"51":{"loc":{"start":{"line":246,"column":2},"end":{"line":246,"column":49}},"type":"if","locations":[{"start":{"line":246,"column":2},"end":{"line":246,"column":49}},{"start":{},"end":{}}],"line":246},"52":{"loc":{"start":{"line":247,"column":2},"end":{"line":247,"column":94}},"type":"if","locations":[{"start":{"line":247,"column":2},"end":{"line":247,"column":94}},{"start":{},"end":{}}],"line":247},"53":{"loc":{"start":{"line":247,"column":6},"end":{"line":247,"column":77}},"type":"binary-expr","locations":[{"start":{"line":247,"column":6},"end":{"line":247,"column":29}},{"start":{"line":247,"column":34},"end":{"line":247,"column":54}},{"start":{"line":247,"column":58},"end":{"line":247,"column":76}}],"line":247},"54":{"loc":{"start":{"line":250,"column":2},"end":{"line":252,"column":3}},"type":"if","locations":[{"start":{"line":250,"column":2},"end":{"line":252,"column":3}},{"start":{},"end":{}}],"line":250},"55":{"loc":{"start":{"line":250,"column":6},"end":{"line":250,"column":29}},"type":"binary-expr","locations":[{"start":{"line":250,"column":6},"end":{"line":250,"column":9}},{"start":{"line":250,"column":13},"end":{"line":250,"column":29}}],"line":250},"56":{"loc":{"start":{"line":251,"column":24},"end":{"line":251,"column":94}},"type":"cond-expr","locations":[{"start":{"line":251,"column":71},"end":{"line":251,"column":85}},{"start":{"line":251,"column":88},"end":{"line":251,"column":94}}],"line":251},"57":{"loc":{"start":{"line":251,"column":25},"end":{"line":251,"column":67}},"type":"binary-expr","locations":[{"start":{"line":251,"column":25},"end":{"line":251,"column":45}},{"start":{"line":251,"column":49},"end":{"line":251,"column":67}}],"line":251},"58":{"loc":{"start":{"line":253,"column":2},"end":{"line":253,"column":64}},"type":"if","locations":[{"start":{"line":253,"column":2},"end":{"line":253,"column":64}},{"start":{},"end":{}}],"line":253},"59":{"loc":{"start":{"line":253,"column":6},"end":{"line":253,"column":43}},"type":"binary-expr","locations":[{"start":{"line":253,"column":6},"end":{"line":253,"column":24}},{"start":{"line":253,"column":28},"end":{"line":253,"column":43}}],"line":253},"60":{"loc":{"start":{"line":268,"column":4},"end":{"line":268,"column":51}},"type":"if","locations":[{"start":{"line":268,"column":4},"end":{"line":268,"column":51}},{"start":{},"end":{}}],"line":268},"61":{"loc":{"start":{"line":271,"column":4},"end":{"line":274,"column":5}},"type":"if","locations":[{"start":{"line":271,"column":4},"end":{"line":274,"column":5}},{"start":{},"end":{}}],"line":271},"62":{"loc":{"start":{"line":278,"column":6},"end":{"line":278,"column":59}},"type":"if","locations":[{"start":{"line":278,"column":6},"end":{"line":278,"column":59}},{"start":{},"end":{}}],"line":278},"63":{"loc":{"start":{"line":286,"column":6},"end":{"line":305,"column":7}},"type":"if","locations":[{"start":{"line":286,"column":6},"end":{"line":305,"column":7}},{"start":{},"end":{}}],"line":286},"64":{"loc":{"start":{"line":290,"column":22},"end":{"line":292,"column":16}},"type":"cond-expr","locations":[{"start":{"line":291,"column":14},"end":{"line":291,"column":79}},{"start":{"line":292,"column":14},"end":{"line":292,"column":16}}],"line":290},"65":{"loc":{"start":{"line":290,"column":23},"end":{"line":290,"column":65}},"type":"binary-expr","locations":[{"start":{"line":290,"column":23},"end":{"line":290,"column":43}},{"start":{"line":290,"column":47},"end":{"line":290,"column":65}}],"line":290},"66":{"loc":{"start":{"line":299,"column":16},"end":{"line":299,"column":95}},"type":"cond-expr","locations":[{"start":{"line":299,"column":33},"end":{"line":299,"column":90}},{"start":{"line":299,"column":93},"end":{"line":299,"column":95}}],"line":299},"67":{"loc":{"start":{"line":316,"column":2},"end":{"line":316,"column":85}},"type":"if","locations":[{"start":{"line":316,"column":2},"end":{"line":316,"column":85}},{"start":{},"end":{}}],"line":316},"68":{"loc":{"start":{"line":316,"column":47},"end":{"line":316,"column":81}},"type":"if","locations":[{"start":{"line":316,"column":47},"end":{"line":316,"column":81}},{"start":{},"end":{}}],"line":316},"69":{"loc":{"start":{"line":317,"column":2},"end":{"line":317,"column":85}},"type":"if","locations":[{"start":{"line":317,"column":2},"end":{"line":317,"column":85}},{"start":{},"end":{}}],"line":317},"70":{"loc":{"start":{"line":317,"column":47},"end":{"line":317,"column":81}},"type":"if","locations":[{"start":{"line":317,"column":47},"end":{"line":317,"column":81}},{"start":{},"end":{}}],"line":317},"71":{"loc":{"start":{"line":320,"column":2},"end":{"line":348,"column":5}},"type":"if","locations":[{"start":{"line":320,"column":2},"end":{"line":348,"column":5}},{"start":{},"end":{}}],"line":320},"72":{"loc":{"start":{"line":327,"column":19},"end":{"line":327,"column":49}},"type":"binary-expr","locations":[{"start":{"line":327,"column":19},"end":{"line":327,"column":41}},{"start":{"line":327,"column":45},"end":{"line":327,"column":49}}],"line":327},"73":{"loc":{"start":{"line":340,"column":6},"end":{"line":340,"column":44}},"type":"if","locations":[{"start":{"line":340,"column":6},"end":{"line":340,"column":44}},{"start":{},"end":{}}],"line":340},"74":{"loc":{"start":{"line":342,"column":6},"end":{"line":342,"column":40}},"type":"if","locations":[{"start":{"line":342,"column":6},"end":{"line":342,"column":40}},{"start":{},"end":{}}],"line":342},"75":{"loc":{"start":{"line":357,"column":2},"end":{"line":357,"column":18}},"type":"if","locations":[{"start":{"line":357,"column":2},"end":{"line":357,"column":18}},{"start":{},"end":{}}],"line":357},"76":{"loc":{"start":{"line":366,"column":4},"end":{"line":366,"column":42}},"type":"if","locations":[{"start":{"line":366,"column":4},"end":{"line":366,"column":42}},{"start":{},"end":{}}],"line":366},"77":{"loc":{"start":{"line":386,"column":2},"end":{"line":389,"column":3}},"type":"if","locations":[{"start":{"line":386,"column":2},"end":{"line":389,"column":3}},{"start":{},"end":{}}],"line":386},"78":{"loc":{"start":{"line":386,"column":6},"end":{"line":386,"column":29}},"type":"binary-expr","locations":[{"start":{"line":386,"column":6},"end":{"line":386,"column":9}},{"start":{"line":386,"column":13},"end":{"line":386,"column":29}}],"line":386},"79":{"loc":{"start":{"line":396,"column":14},"end":{"line":396,"column":34}},"type":"binary-expr","locations":[{"start":{"line":396,"column":14},"end":{"line":396,"column":27}},{"start":{"line":396,"column":31},"end":{"line":396,"column":34}}],"line":396},"80":{"loc":{"start":{"line":401,"column":38},"end":{"line":401,"column":85}},"type":"cond-expr","locations":[{"start":{"line":401,"column":70},"end":{"line":401,"column":80}},{"start":{"line":401,"column":83},"end":{"line":401,"column":85}}],"line":401},"81":{"loc":{"start":{"line":402,"column":37},"end":{"line":402,"column":83}},"type":"cond-expr","locations":[{"start":{"line":402,"column":68},"end":{"line":402,"column":78}},{"start":{"line":402,"column":81},"end":{"line":402,"column":83}}],"line":402},"82":{"loc":{"start":{"line":403,"column":35},"end":{"line":403,"column":79}},"type":"cond-expr","locations":[{"start":{"line":403,"column":64},"end":{"line":403,"column":74}},{"start":{"line":403,"column":77},"end":{"line":403,"column":79}}],"line":403},"83":{"loc":{"start":{"line":404,"column":35},"end":{"line":404,"column":79}},"type":"cond-expr","locations":[{"start":{"line":404,"column":64},"end":{"line":404,"column":74}},{"start":{"line":404,"column":77},"end":{"line":404,"column":79}}],"line":404},"84":{"loc":{"start":{"line":405,"column":31},"end":{"line":405,"column":65}},"type":"cond-expr","locations":[{"start":{"line":405,"column":50},"end":{"line":405,"column":60}},{"start":{"line":405,"column":63},"end":{"line":405,"column":65}}],"line":405},"85":{"loc":{"start":{"line":410,"column":26},"end":{"line":410,"column":46}},"type":"binary-expr","locations":[{"start":{"line":410,"column":26},"end":{"line":410,"column":40}},{"start":{"line":410,"column":44},"end":{"line":410,"column":46}}],"line":410},"86":{"loc":{"start":{"line":418,"column":2},"end":{"line":418,"column":26}},"type":"if","locations":[{"start":{"line":418,"column":2},"end":{"line":418,"column":26}},{"start":{},"end":{}}],"line":418},"87":{"loc":{"start":{"line":422,"column":12},"end":{"line":422,"column":88}},"type":"binary-expr","locations":[{"start":{"line":422,"column":12},"end":{"line":422,"column":75}},{"start":{"line":422,"column":79},"end":{"line":422,"column":88}}],"line":422},"88":{"loc":{"start":{"line":423,"column":11},"end":{"line":423,"column":77}},"type":"binary-expr","locations":[{"start":{"line":423,"column":11},"end":{"line":423,"column":71}},{"start":{"line":423,"column":75},"end":{"line":423,"column":77}}],"line":423},"89":{"loc":{"start":{"line":426,"column":2},"end":{"line":429,"column":3}},"type":"if","locations":[{"start":{"line":426,"column":2},"end":{"line":429,"column":3}},{"start":{},"end":{}}],"line":426},"90":{"loc":{"start":{"line":441,"column":4},"end":{"line":441,"column":42}},"type":"if","locations":[{"start":{"line":441,"column":4},"end":{"line":441,"column":42}},{"start":{},"end":{}}],"line":441},"91":{"loc":{"start":{"line":443,"column":14},"end":{"line":443,"column":39}},"type":"binary-expr","locations":[{"start":{"line":443,"column":14},"end":{"line":443,"column":24}},{"start":{"line":443,"column":28},"end":{"line":443,"column":39}}],"line":443},"92":{"loc":{"start":{"line":453,"column":2},"end":{"line":457,"column":3}},"type":"if","locations":[{"start":{"line":453,"column":2},"end":{"line":457,"column":3}},{"start":{},"end":{}}],"line":453},"93":{"loc":{"start":{"line":462,"column":2},"end":{"line":462,"column":49}},"type":"if","locations":[{"start":{"line":462,"column":2},"end":{"line":462,"column":49}},{"start":{},"end":{}}],"line":462},"94":{"loc":{"start":{"line":463,"column":2},"end":{"line":463,"column":46}},"type":"if","locations":[{"start":{"line":463,"column":2},"end":{"line":463,"column":46}},{"start":{},"end":{}}],"line":463},"95":{"loc":{"start":{"line":464,"column":2},"end":{"line":464,"column":49}},"type":"if","locations":[{"start":{"line":464,"column":2},"end":{"line":464,"column":49}},{"start":{},"end":{}}],"line":464},"96":{"loc":{"start":{"line":469,"column":45},"end":{"line":469,"column":76}},"type":"binary-expr","locations":[{"start":{"line":469,"column":45},"end":{"line":469,"column":70}},{"start":{"line":469,"column":74},"end":{"line":469,"column":76}}],"line":469},"97":{"loc":{"start":{"line":472,"column":4},"end":{"line":473,"column":64}},"type":"if","locations":[{"start":{"line":472,"column":4},"end":{"line":473,"column":64}},{"start":{"line":473,"column":9},"end":{"line":473,"column":64}}],"line":472},"98":{"loc":{"start":{"line":473,"column":9},"end":{"line":473,"column":64}},"type":"if","locations":[{"start":{"line":473,"column":9},"end":{"line":473,"column":64}},{"start":{},"end":{}}],"line":473},"99":{"loc":{"start":{"line":481,"column":4},"end":{"line":491,"column":5}},"type":"if","locations":[{"start":{"line":481,"column":4},"end":{"line":491,"column":5}},{"start":{},"end":{}}],"line":481},"100":{"loc":{"start":{"line":482,"column":21},"end":{"line":490,"column":83}},"type":"cond-expr","locations":[{"start":{"line":482,"column":33},"end":{"line":490,"column":17}},{"start":{"line":490,"column":20},"end":{"line":490,"column":83}}],"line":482},"101":{"loc":{"start":{"line":485,"column":16},"end":{"line":485,"column":37}},"type":"binary-expr","locations":[{"start":{"line":485,"column":16},"end":{"line":485,"column":30}},{"start":{"line":485,"column":34},"end":{"line":485,"column":37}}],"line":485},"102":{"loc":{"start":{"line":486,"column":16},"end":{"line":486,"column":35}},"type":"binary-expr","locations":[{"start":{"line":486,"column":16},"end":{"line":486,"column":28}},{"start":{"line":486,"column":32},"end":{"line":486,"column":35}}],"line":486},"103":{"loc":{"start":{"line":488,"column":16},"end":{"line":488,"column":30}},"type":"binary-expr","locations":[{"start":{"line":488,"column":16},"end":{"line":488,"column":23}},{"start":{"line":488,"column":27},"end":{"line":488,"column":30}}],"line":488},"104":{"loc":{"start":{"line":499,"column":2},"end":{"line":499,"column":18}},"type":"if","locations":[{"start":{"line":499,"column":2},"end":{"line":499,"column":18}},{"start":{},"end":{}}],"line":499},"105":{"loc":{"start":{"line":506,"column":61},"end":{"line":506,"column":89}},"type":"binary-expr","locations":[{"start":{"line":506,"column":61},"end":{"line":506,"column":73}},{"start":{"line":506,"column":77},"end":{"line":506,"column":89}}],"line":506},"106":{"loc":{"start":{"line":514,"column":2},"end":{"line":514,"column":18}},"type":"if","locations":[{"start":{"line":514,"column":2},"end":{"line":514,"column":18}},{"start":{},"end":{}}],"line":514},"107":{"loc":{"start":{"line":516,"column":2},"end":{"line":516,"column":60}},"type":"if","locations":[{"start":{"line":516,"column":2},"end":{"line":516,"column":60}},{"start":{},"end":{}}],"line":516},"108":{"loc":{"start":{"line":527,"column":4},"end":{"line":530,"column":5}},"type":"if","locations":[{"start":{"line":527,"column":4},"end":{"line":530,"column":5}},{"start":{},"end":{}}],"line":527},"109":{"loc":{"start":{"line":542,"column":6},"end":{"line":542,"column":44}},"type":"if","locations":[{"start":{"line":542,"column":6},"end":{"line":542,"column":44}},{"start":{},"end":{}}],"line":542},"110":{"loc":{"start":{"line":545,"column":6},"end":{"line":545,"column":64}},"type":"if","locations":[{"start":{"line":545,"column":6},"end":{"line":545,"column":64}},{"start":{},"end":{}}],"line":545},"111":{"loc":{"start":{"line":555,"column":2},"end":{"line":555,"column":18}},"type":"if","locations":[{"start":{"line":555,"column":2},"end":{"line":555,"column":18}},{"start":{},"end":{}}],"line":555},"112":{"loc":{"start":{"line":564,"column":18},"end":{"line":564,"column":54}},"type":"binary-expr","locations":[{"start":{"line":564,"column":18},"end":{"line":564,"column":46}},{"start":{"line":564,"column":50},"end":{"line":564,"column":54}}],"line":564},"113":{"loc":{"start":{"line":577,"column":6},"end":{"line":580,"column":7}},"type":"if","locations":[{"start":{"line":577,"column":6},"end":{"line":580,"column":7}},{"start":{},"end":{}}],"line":577},"114":{"loc":{"start":{"line":579,"column":24},"end":{"line":579,"column":44}},"type":"binary-expr","locations":[{"start":{"line":579,"column":24},"end":{"line":579,"column":32}},{"start":{"line":579,"column":36},"end":{"line":579,"column":44}}],"line":579},"115":{"loc":{"start":{"line":592,"column":2},"end":{"line":592,"column":17}},"type":"if","locations":[{"start":{"line":592,"column":2},"end":{"line":592,"column":17}},{"start":{},"end":{}}],"line":592},"116":{"loc":{"start":{"line":594,"column":28},"end":{"line":594,"column":66}},"type":"binary-expr","locations":[{"start":{"line":594,"column":28},"end":{"line":594,"column":60}},{"start":{"line":594,"column":64},"end":{"line":594,"column":66}}],"line":594},"117":{"loc":{"start":{"line":598,"column":4},"end":{"line":598,"column":59}},"type":"if","locations":[{"start":{"line":598,"column":4},"end":{"line":598,"column":59}},{"start":{},"end":{}}],"line":598},"118":{"loc":{"start":{"line":604,"column":4},"end":{"line":604,"column":64}},"type":"if","locations":[{"start":{"line":604,"column":4},"end":{"line":604,"column":64}},{"start":{},"end":{}}],"line":604},"119":{"loc":{"start":{"line":609,"column":4},"end":{"line":612,"column":5}},"type":"if","locations":[{"start":{"line":609,"column":4},"end":{"line":612,"column":5}},{"start":{},"end":{}}],"line":609},"120":{"loc":{"start":{"line":616,"column":30},"end":{"line":616,"column":54}},"type":"binary-expr","locations":[{"start":{"line":616,"column":30},"end":{"line":616,"column":49}},{"start":{"line":616,"column":53},"end":{"line":616,"column":54}}],"line":616},"121":{"loc":{"start":{"line":617,"column":28},"end":{"line":617,"column":51}},"type":"binary-expr","locations":[{"start":{"line":617,"column":28},"end":{"line":617,"column":46}},{"start":{"line":617,"column":50},"end":{"line":617,"column":51}}],"line":617},"122":{"loc":{"start":{"line":618,"column":24},"end":{"line":618,"column":45}},"type":"binary-expr","locations":[{"start":{"line":618,"column":24},"end":{"line":618,"column":40}},{"start":{"line":618,"column":44},"end":{"line":618,"column":45}}],"line":618},"123":{"loc":{"start":{"line":619,"column":24},"end":{"line":619,"column":45}},"type":"binary-expr","locations":[{"start":{"line":619,"column":24},"end":{"line":619,"column":40}},{"start":{"line":619,"column":44},"end":{"line":619,"column":45}}],"line":619},"124":{"loc":{"start":{"line":656,"column":22},"end":{"line":656,"column":41}},"type":"binary-expr","locations":[{"start":{"line":656,"column":22},"end":{"line":656,"column":34}},{"start":{"line":656,"column":38},"end":{"line":656,"column":41}}],"line":656},"125":{"loc":{"start":{"line":657,"column":56},"end":{"line":657,"column":70}},"type":"binary-expr","locations":[{"start":{"line":657,"column":56},"end":{"line":657,"column":65}},{"start":{"line":657,"column":69},"end":{"line":657,"column":70}}],"line":657},"126":{"loc":{"start":{"line":658,"column":55},"end":{"line":658,"column":68}},"type":"binary-expr","locations":[{"start":{"line":658,"column":55},"end":{"line":658,"column":63}},{"start":{"line":658,"column":67},"end":{"line":658,"column":68}}],"line":658},"127":{"loc":{"start":{"line":659,"column":56},"end":{"line":659,"column":67}},"type":"binary-expr","locations":[{"start":{"line":659,"column":56},"end":{"line":659,"column":62}},{"start":{"line":659,"column":66},"end":{"line":659,"column":67}}],"line":659},"128":{"loc":{"start":{"line":660,"column":53},"end":{"line":660,"column":64}},"type":"binary-expr","locations":[{"start":{"line":660,"column":53},"end":{"line":660,"column":59}},{"start":{"line":660,"column":63},"end":{"line":660,"column":64}}],"line":660},"129":{"loc":{"start":{"line":661,"column":30},"end":{"line":661,"column":55}},"type":"binary-expr","locations":[{"start":{"line":661,"column":30},"end":{"line":661,"column":50}},{"start":{"line":661,"column":54},"end":{"line":661,"column":55}}],"line":661},"130":{"loc":{"start":{"line":680,"column":0},"end":{"line":680,"column":86}},"type":"if","locations":[{"start":{"line":680,"column":0},"end":{"line":680,"column":86}},{"start":{},"end":{}}],"line":680},"131":{"loc":{"start":{"line":681,"column":0},"end":{"line":681,"column":97}},"type":"if","locations":[{"start":{"line":681,"column":0},"end":{"line":681,"column":97}},{"start":{},"end":{}}],"line":681},"132":{"loc":{"start":{"line":689,"column":4},"end":{"line":689,"column":51}},"type":"if","locations":[{"start":{"line":689,"column":4},"end":{"line":689,"column":51}},{"start":{},"end":{}}],"line":689},"133":{"loc":{"start":{"line":694,"column":31},"end":{"line":694,"column":62}},"type":"cond-expr","locations":[{"start":{"line":694,"column":48},"end":{"line":694,"column":54}},{"start":{"line":694,"column":57},"end":{"line":694,"column":62}}],"line":694},"134":{"loc":{"start":{"line":708,"column":2},"end":{"line":708,"column":25}},"type":"if","locations":[{"start":{"line":708,"column":2},"end":{"line":708,"column":25}},{"start":{},"end":{}}],"line":708},"135":{"loc":{"start":{"line":708,"column":6},"end":{"line":708,"column":16}},"type":"binary-expr","locations":[{"start":{"line":708,"column":6},"end":{"line":708,"column":9}},{"start":{"line":708,"column":13},"end":{"line":708,"column":16}}],"line":708},"136":{"loc":{"start":{"line":710,"column":2},"end":{"line":710,"column":47}},"type":"if","locations":[{"start":{"line":710,"column":2},"end":{"line":710,"column":47}},{"start":{},"end":{}}],"line":710},"137":{"loc":{"start":{"line":711,"column":2},"end":{"line":711,"column":47}},"type":"if","locations":[{"start":{"line":711,"column":2},"end":{"line":711,"column":47}},{"start":{},"end":{}}],"line":711},"138":{"loc":{"start":{"line":715,"column":28},"end":{"line":715,"column":52}},"type":"binary-expr","locations":[{"start":{"line":715,"column":28},"end":{"line":715,"column":47}},{"start":{"line":715,"column":51},"end":{"line":715,"column":52}}],"line":715},"139":{"loc":{"start":{"line":716,"column":26},"end":{"line":716,"column":49}},"type":"binary-expr","locations":[{"start":{"line":716,"column":26},"end":{"line":716,"column":44}},{"start":{"line":716,"column":48},"end":{"line":716,"column":49}}],"line":716},"140":{"loc":{"start":{"line":717,"column":22},"end":{"line":717,"column":43}},"type":"binary-expr","locations":[{"start":{"line":717,"column":22},"end":{"line":717,"column":38}},{"start":{"line":717,"column":42},"end":{"line":717,"column":43}}],"line":717},"141":{"loc":{"start":{"line":718,"column":22},"end":{"line":718,"column":43}},"type":"binary-expr","locations":[{"start":{"line":718,"column":22},"end":{"line":718,"column":38}},{"start":{"line":718,"column":42},"end":{"line":718,"column":43}}],"line":718},"142":{"loc":{"start":{"line":740,"column":4},"end":{"line":742,"column":5}},"type":"if","locations":[{"start":{"line":740,"column":4},"end":{"line":742,"column":5}},{"start":{},"end":{}}],"line":740},"143":{"loc":{"start":{"line":741,"column":33},"end":{"line":741,"column":61}},"type":"binary-expr","locations":[{"start":{"line":741,"column":33},"end":{"line":741,"column":56}},{"start":{"line":741,"column":60},"end":{"line":741,"column":61}}],"line":741},"144":{"loc":{"start":{"line":741,"column":66},"end":{"line":741,"column":90}},"type":"binary-expr","locations":[{"start":{"line":741,"column":66},"end":{"line":741,"column":85}},{"start":{"line":741,"column":89},"end":{"line":741,"column":90}}],"line":741},"145":{"loc":{"start":{"line":770,"column":4},"end":{"line":779,"column":5}},"type":"if","locations":[{"start":{"line":770,"column":4},"end":{"line":779,"column":5}},{"start":{},"end":{}}],"line":770},"146":{"loc":{"start":{"line":775,"column":16},"end":{"line":775,"column":35}},"type":"binary-expr","locations":[{"start":{"line":775,"column":16},"end":{"line":775,"column":28}},{"start":{"line":775,"column":32},"end":{"line":775,"column":35}}],"line":775},"147":{"loc":{"start":{"line":819,"column":31},"end":{"line":824,"column":9}},"type":"binary-expr","locations":[{"start":{"line":819,"column":31},"end":{"line":824,"column":4}},{"start":{"line":824,"column":8},"end":{"line":824,"column":9}}],"line":819},"148":{"loc":{"start":{"line":836,"column":4},"end":{"line":836,"column":64}},"type":"if","locations":[{"start":{"line":836,"column":4},"end":{"line":836,"column":64}},{"start":{},"end":{}}],"line":836},"149":{"loc":{"start":{"line":837,"column":4},"end":{"line":837,"column":78}},"type":"if","locations":[{"start":{"line":837,"column":4},"end":{"line":837,"column":78}},{"start":{},"end":{}}],"line":837},"150":{"loc":{"start":{"line":845,"column":2},"end":{"line":845,"column":23}},"type":"if","locations":[{"start":{"line":845,"column":2},"end":{"line":845,"column":23}},{"start":{},"end":{}}],"line":845},"151":{"loc":{"start":{"line":845,"column":6},"end":{"line":845,"column":14}},"type":"binary-expr","locations":[{"start":{"line":845,"column":6},"end":{"line":845,"column":8}},{"start":{"line":845,"column":12},"end":{"line":845,"column":14}}],"line":845},"152":{"loc":{"start":{"line":853,"column":4},"end":{"line":856,"column":5}},"type":"if","locations":[{"start":{"line":853,"column":4},"end":{"line":856,"column":5}},{"start":{},"end":{}}],"line":853},"153":{"loc":{"start":{"line":866,"column":29},"end":{"line":866,"column":74}},"type":"cond-expr","locations":[{"start":{"line":866,"column":41},"end":{"line":866,"column":56}},{"start":{"line":866,"column":59},"end":{"line":866,"column":74}}],"line":866},"154":{"loc":{"start":{"line":867,"column":12},"end":{"line":867,"column":45}},"type":"cond-expr","locations":[{"start":{"line":867,"column":24},"end":{"line":867,"column":35}},{"start":{"line":867,"column":38},"end":{"line":867,"column":45}}],"line":867},"155":{"loc":{"start":{"line":886,"column":2},"end":{"line":886,"column":57}},"type":"if","locations":[{"start":{"line":886,"column":2},"end":{"line":886,"column":57}},{"start":{},"end":{}}],"line":886},"156":{"loc":{"start":{"line":886,"column":6},"end":{"line":886,"column":14}},"type":"binary-expr","locations":[{"start":{"line":886,"column":6},"end":{"line":886,"column":8}},{"start":{"line":886,"column":12},"end":{"line":886,"column":14}}],"line":886},"157":{"loc":{"start":{"line":889,"column":0},"end":{"line":893,"column":1}},"type":"if","locations":[{"start":{"line":889,"column":0},"end":{"line":893,"column":1}},{"start":{"line":891,"column":7},"end":{"line":893,"column":1}}],"line":889}},"s":{"0":0,"1":0,"2":0,"3":0,"4":0,"5":0,"6":0,"7":0,"8":0,"9":0,"10":0,"11":0,"12":0,"13":0,"14":0,"15":0,"16":0,"17":0,"18":0,"19":0,"20":0,"21":0,"22":0,"23":0,"24":0,"25":0,"26":0,"27":0,"28":0,"29":0,"30":0,"31":0,"32":0,"33":0,"34":0,"35":0,"36":0,"37":0,"38":0,"39":0,"40":0,"41":0,"42":0,"43":0,"44":0,"45":0,"46":0,"47":0,"48":0,"49":0,"50":0,"51":0,"52":0,"53":0,"54":0,"55":0,"56":0,"57":0,"58":0,"59":0,"60":0,"61":0,"62":0,"63":0,"64":0,"65":0,"66":0,"67":0,"68":0,"69":0,"70":0,"71":0,"72":0,"73":0,"74":0,"75":0,"76":0,"77":0,"78":0,"79":0,"80":0,"81":0,"82":0,"83":0,"84":0,"85":0,"86":0,"87":0,"88":0,"89":0,"90":0,"91":0,"92":0,"93":0,"94":0,"95":0,"96":0,"97":0,"98":0,"99":0,"100":0,"101":0,"102":0,"103":0,"104":0,"105":0,"106":0,"107":0,"108":0,"109":0,"110":0,"111":0,"112":0,"113":0,"114":0,"115":0,"116":0,"117":0,"118":0,"119":0,"120":0,"121":0,"122":0,"123":0,"124":0,"125":0,"126":0,"127":0,"128":0,"129":0,"130":0,"131":0,"132":0,"133":0,"134":0,"135":0,"136":0,"137":0,"138":0,"139":0,"140":0,"141":0,"142":0,"143":0,"144":0,"145":0,"146":0,"147":0,"148":0,"149":0,"150":0,"151":0,"152":0,"153":0,"154":0,"155":0,"156":0,"157":0,"158":0,"159":0,"160":0,"161":0,"162":0,"163":0,"164":0,"165":0,"166":0,"167":0,"168":0,"169":0,"170":0,"171":0,"172":0,"173":0,"174":0,"175":0,"176":0,"177":0,"178":0,"179":0,"180":0,"181":0,"182":0,"183":0,"184":0,"185":0,"186":0,"187":0,"188":0,"189":0,"190":0,"191":0,"192":0,"193":0,"194":0,"195":0,"196":0,"197":0,"198":0,"199":0,"200":0,"201":0,"202":0,"203":0,"204":0,"205":0,"206":0,"207":0,"208":0,"209":0,"210":0,"211":0,"212":0,"213":0,"214":0,"215":0,"216":0,"217":0,"218":0,"219":0,"220":0,"221":0,"222":0,"223":0,"224":0,"225":0,"226":0,"227":0,"228":0,"229":0,"230":0,"231":0,"232":0,"233":0,"234":0,"235":0,"236":0,"237":0,"238":0,"239":0,"240":0,"241":0,"242":0,"243":0,"244":0,"245":0,"246":0,"247":0,"248":0,"249":0,"250":0,"251":0,"252":0,"253":0,"254":0,"255":0,"256":0,"257":0,"258":0,"259":0,"260":0,"261":0,"262":0,"263":0,"264":0,"265":0,"266":0,"267":0,"268":0,"269":0,"270":0,"271":0,"272":0,"273":0,"274":0,"275":0,"276":0,"277":0,"278":0,"279":0,"280":0,"281":0,"282":0,"283":0,"284":0,"285":0,"286":0,"287":0,"288":0,"289":0,"290":0,"291":0,"292":0,"293":0,"294":0,"295":0,"296":0,"297":0,"298":0,"299":0,"300":0,"301":0,"302":0,"303":0,"304":0,"305":0,"306":0,"307":0,"308":0,"309":0,"310":0,"311":0,"312":0,"313":0,"314":0,"315":0,"316":0,"317":0,"318":0,"319":0,"320":0,"321":0,"322":0,"323":0,"324":0,"325":0,"326":0,"327":0,"328":0,"329":0,"330":0,"331":0,"332":0,"333":0,"334":0,"335":0,"336":0,"337":0,"338":0,"339":0,"340":0,"341":0,"342":0,"343":0,"344":0,"345":0,"346":0,"347":0,"348":0,"349":0,"350":0,"351":0,"352":0,"353":0,"354":0,"355":0,"356":0,"357":0,"358":0,"359":0,"360":0,"361":0,"362":0,"363":0,"364":0,"365":0,"366":0,"367":0,"368":0,"369":0,"370":0,"371":0,"372":0,"373":0,"374":0,"375":0,"376":0,"377":0,"378":0,"379":0,"380":0,"381":0,"382":0,"383":0,"384":0,"385":0,"386":0,"387":0,"388":0,"389":0,"390":0,"391":0,"392":0,"393":0,"394":0,"395":0,"396":0,"397":0,"398":0,"399":0,"400":0,"401":0,"402":0,"403":0,"404":0,"405":0,"406":0,"407":0,"408":0,"409":0,"410":0,"411":0,"412":0,"413":0,"414":0,"415":0,"416":0,"417":0,"418":0,"419":0,"420":0,"421":0,"422":0,"423":0,"424":0,"425":0,"426":0,"427":0,"428":0,"429":0,"430":0,"431":0,"432":0,"433":0,"434":0,"435":0,"436":0,"437":0,"438":0,"439":0,"440":0,"441":0,"442":0,"443":0,"444":0,"445":0,"446":0,"447":0,"448":0,"449":0,"450":0,"451":0,"452":0,"453":0,"454":0,"455":0,"456":0,"457":0,"458":0,"459":0,"460":0,"461":0,"462":0,"463":0,"464":0,"465":0,"466":0,"467":0,"468":0,"469":0,"470":0,"471":0,"472":0,"473":0,"474":0,"475":0,"476":0,"477":0,"478":0,"479":0,"480":0,"481":0,"482":0,"483":0,"484":0,"485":0,"486":0,"487":0,"488":0,"489":0,"490":0,"491":0,"492":0,"493":0,"494":0,"495":0,"496":0,"497":0,"498":0,"499":0,"500":0,"501":0,"502":0},"f":{"0":0,"1":0,"2":0,"3":0,"4":0,"5":0,"6":0,"7":0,"8":0,"9":0,"10":0,"11":0,"12":0,"13":0,"14":0,"15":0,"16":0,"17":0,"18":0,"19":0,"20":0,"21":0,"22":0,"23":0,"24":0,"25":0,"26":0,"27":0,"28":0,"29":0,"30":0,"31":0,"32":0,"33":0,"34":0,"35":0,"36":0,"37":0,"38":0,"39":0,"40":0,"41":0,"42":0,"43":0,"44":0,"45":0,"46":0,"47":0,"48":0,"49":0,"50":0,"51":0,"52":0,"53":0,"54":0,"55":0,"56":0,"57":0,"58":0,"59":0,"60":0,"61":0,"62":0,"63":0,"64":0,"65":0,"66":0,"67":0,"68":0,"69":0,"70":0,"71":0,"72":0,"73":0,"74":0,"75":0,"76":0,"77":0,"78":0,"79":0,"80":0,"81":0},"b":{"0":[0,0],"1":[0],"2":[0],"3":[0,0],"4":[0,0],"5":[0,0],"6":[0,0],"7":[0,0],"8":[0,0],"9":[0,0],"10":[0,0],"11":[0,0],"12":[0,0],"13":[0,0],"14":[0,0],"15":[0,0],"16":[0,0,0],"17":[0,0],"18":[0,0],"19":[0,0],"20":[0,0],"21":[0,0],"22":[0,0],"23":[0,0],"24":[0,0],"25":[0,0],"26":[0,0],"27":[0,0],"28":[0,0],"29":[0,0],"30":[0,0],"31":[0,0],"32":[0,0],"33":[0,0],"34":[0,0],"35":[0,0],"36":[0,0],"37":[0,0],"38":[0,0],"39":[0,0],"40":[0,0],"41":[0,0],"42":[0,0],"43":[0,0],"44":[0,0],"45":[0,0],"46":[0,0],"47":[0,0],"48":[0,0],"49":[0,0],"50":[0,0],"51":[0,0],"52":[0,0],"53":[0,0,0],"54":[0,0],"55":[0,0],"56":[0,0],"57":[0,0],"58":[0,0],"59":[0,0],"60":[0,0],"61":[0,0],"62":[0,0],"63":[0,0],"64":[0,0],"65":[0,0],"66":[0,0],"67":[0,0],"68":[0,0],"69":[0,0],"70":[0,0],"71":[0,0],"72":[0,0],"73":[0,0],"74":[0,0],"75":[0,0],"76":[0,0],"77":[0,0],"78":[0,0],"79":[0,0],"80":[0,0],"81":[0,0],"82":[0,0],"83":[0,0],"84":[0,0],"85":[0,0],"86":[0,0],"87":[0,0],"88":[0,0],"89":[0,0],"90":[0,0],"91":[0,0],"92":[0,0],"93":[0,0],"94":[0,0],"95":[0,0],"96":[0,0],"97":[0,0],"98":[0,0],"99":[0,0],"100":[0,0],"101":[0,0],"102":[0,0],"103":[0,0],"104":[0,0],"105":[0,0],"106":[0,0],"107":[0,0],"108":[0,0],"109":[0,0],"110":[0,0],"111":[0,0],"112":[0,0],"113":[0,0],"114":[0,0],"115":[0,0],"116":[0,0],"117":[0,0],"118":[0,0],"119":[0,0],"120":[0,0],"121":[0,0],"122":[0,0],"123":[0,0],"124":[0,0],"125":[0,0],"126":[0,0],"127":[0,0],"128":[0,0],"129":[0,0],"130":[0,0],"131":[0,0],"132":[0,0],"133":[0,0],"134":[0,0],"135":[0,0],"136":[0,0],"137":[0,0],"138":[0,0],"139":[0,0],"140":[0,0],"141":[0,0],"142":[0,0],"143":[0,0],"144":[0,0],"145":[0,0],"146":[0,0],"147":[0,0],"148":[0,0],"149":[0,0],"150":[0,0],"151":[0,0],"152":[0,0],"153":[0,0],"154":[0,0],"155":[0,0],"156":[0,0],"157":[0,0]},"inputSourceMap":null}
}
