TN:
SF:app.js
FN:6,(anonymous_0)
FN:9,(anonymous_1)
FN:10,(anonymous_2)
FN:11,(anonymous_3)
FN:15,(anonymous_4)
FN:16,(anonymous_5)
FN:21,(anonymous_6)
FN:30,(anonymous_7)
FN:32,(anonymous_8)
FN:35,(anonymous_9)
FN:37,(anonymous_10)
FN:42,(anonymous_11)
FN:47,(anonymous_12)
FN:54,(anonymous_13)
FN:60,(anonymous_14)
FN:64,(anonymous_15)
FN:73,(anonymous_16)
FN:104,(anonymous_17)
FN:117,(anonymous_18)
FN:128,(anonymous_19)
FN:130,(anonymous_20)
FN:139,(anonymous_21)
FN:145,(anonymous_22)
FN:153,(anonymous_23)
FN:158,(anonymous_24)
FN:159,(anonymous_25)
FN:168,(anonymous_26)
FN:188,(anonymous_27)
FN:212,(anonymous_28)
FN:222,(anonymous_29)
FN:223,(anonymous_30)
FN:224,(anonymous_31)
FN:226,(anonymous_32)
FN:241,(anonymous_33)
FN:257,(anonymous_34)
FN:277,(anonymous_35)
FN:285,(anonymous_36)
FN:288,(anonymous_37)
FN:288,(anonymous_38)
FN:314,(anonymous_39)
FN:316,(anonymous_40)
FN:317,(anonymous_41)
FN:320,(anonymous_42)
FN:354,(anonymous_43)
FN:384,(anonymous_44)
FN:391,(anonymous_45)
FN:391,(anonymous_46)
FN:392,(anonymous_47)
FN:417,(anonymous_48)
FN:420,(anonymous_49)
FN:424,(anonymous_50)
FN:451,(anonymous_51)
FN:460,(anonymous_52)
FN:468,(anonymous_53)
FN:482,(anonymous_54)
FN:497,(anonymous_55)
FN:506,(anonymous_56)
FN:512,(anonymous_57)
FN:518,(anonymous_58)
FN:553,(anonymous_59)
FN:557,(anonymous_60)
FN:590,(anonymous_61)
FN:615,(anonymous_62)
FN:653,(anonymous_63)
FN:683,(anonymous_64)
FN:705,(anonymous_65)
FN:714,(anonymous_66)
FN:739,(anonymous_67)
FN:763,(anonymous_68)
FN:771,(anonymous_69)
FN:785,(anonymous_70)
FN:800,(anonymous_71)
FN:801,(anonymous_72)
FN:803,(anonymous_73)
FN:819,(anonymous_74)
FN:826,(anonymous_75)
FN:832,(anonymous_76)
FN:834,(anonymous_77)
FN:843,(anonymous_78)
FN:858,(anonymous_79)
FN:877,(anonymous_80)
FN:886,(anonymous_81)
FNF:82
FNH:0
FNDA:0,(anonymous_0)
FNDA:0,(anonymous_1)
FNDA:0,(anonymous_2)
FNDA:0,(anonymous_3)
FNDA:0,(anonymous_4)
FNDA:0,(anonymous_5)
FNDA:0,(anonymous_6)
FNDA:0,(anonymous_7)
FNDA:0,(anonymous_8)
FNDA:0,(anonymous_9)
FNDA:0,(anonymous_10)
FNDA:0,(anonymous_11)
FNDA:0,(anonymous_12)
FNDA:0,(anonymous_13)
FNDA:0,(anonymous_14)
FNDA:0,(anonymous_15)
FNDA:0,(anonymous_16)
FNDA:0,(anonymous_17)
FNDA:0,(anonymous_18)
FNDA:0,(anonymous_19)
FNDA:0,(anonymous_20)
FNDA:0,(anonymous_21)
FNDA:0,(anonymous_22)
FNDA:0,(anonymous_23)
FNDA:0,(anonymous_24)
FNDA:0,(anonymous_25)
FNDA:0,(anonymous_26)
FNDA:0,(anonymous_27)
FNDA:0,(anonymous_28)
FNDA:0,(anonymous_29)
FNDA:0,(anonymous_30)
FNDA:0,(anonymous_31)
FNDA:0,(anonymous_32)
FNDA:0,(anonymous_33)
FNDA:0,(anonymous_34)
FNDA:0,(anonymous_35)
FNDA:0,(anonymous_36)
FNDA:0,(anonymous_37)
FNDA:0,(anonymous_38)
FNDA:0,(anonymous_39)
FNDA:0,(anonymous_40)
FNDA:0,(anonymous_41)
FNDA:0,(anonymous_42)
FNDA:0,(anonymous_43)
FNDA:0,(anonymous_44)
FNDA:0,(anonymous_45)
FNDA:0,(anonymous_46)
FNDA:0,(anonymous_47)
FNDA:0,(anonymous_48)
FNDA:0,(anonymous_49)
FNDA:0,(anonymous_50)
FNDA:0,(anonymous_51)
FNDA:0,(anonymous_52)
FNDA:0,(anonymous_53)
FNDA:0,(anonymous_54)
FNDA:0,(anonymous_55)
FNDA:0,(anonymous_56)
FNDA:0,(anonymous_57)
FNDA:0,(anonymous_58)
FNDA:0,(anonymous_59)
FNDA:0,(anonymous_60)
FNDA:0,(anonymous_61)
FNDA:0,(anonymous_62)
FNDA:0,(anonymous_63)
FNDA:0,(anonymous_64)
FNDA:0,(anonymous_65)
FNDA:0,(anonymous_66)
FNDA:0,(anonymous_67)
FNDA:0,(anonymous_68)
FNDA:0,(anonymous_69)
FNDA:0,(anonymous_70)
FNDA:0,(anonymous_71)
FNDA:0,(anonymous_72)
FNDA:0,(anonymous_73)
FNDA:0,(anonymous_74)
FNDA:0,(anonymous_75)
FNDA:0,(anonymous_76)
FNDA:0,(anonymous_77)
FNDA:0,(anonymous_78)
FNDA:0,(anonymous_79)
FNDA:0,(anonymous_80)
FNDA:0,(anonymous_81)
DA:1,0
DA:2,0
DA:3,0
DA:4,0
DA:6,0
DA:9,0
DA:10,0
DA:11,0
DA:12,0
DA:13,0
DA:15,0
DA:16,0
DA:17,0
DA:18,0
DA:21,0
DA:22,0
DA:23,0
DA:24,0
DA:25,0
DA:26,0
DA:30,0
DA:31,0
DA:32,0
DA:34,0
DA:35,0
DA:36,0
DA:37,0
DA:42,0
DA:43,0
DA:44,0
DA:45,0
DA:47,0
DA:48,0
DA:49,0
DA:50,0
DA:51,0
DA:52,0
DA:54,0
DA:55,0
DA:56,0
DA:60,0
DA:61,0
DA:62,0
DA:64,0
DA:65,0
DA:66,0
DA:67,0
DA:68,0
DA:69,0
DA:70,0
DA:73,0
DA:74,0
DA:75,0
DA:76,0
DA:77,0
DA:79,0
DA:80,0
DA:81,0
DA:84,0
DA:85,0
DA:86,0
DA:88,0
DA:89,0
DA:90,0
DA:96,0
DA:102,0
DA:103,0
DA:104,0
DA:105,0
DA:108,0
DA:110,0
DA:111,0
DA:112,0
DA:114,0
DA:115,0
DA:116,0
DA:117,0
DA:120,0
DA:122,0
DA:123,0
DA:128,0
DA:129,0
DA:130,0
DA:131,0
DA:132,0
DA:133,0
DA:139,0
DA:145,0
DA:146,0
DA:147,0
DA:149,0
DA:150,0
DA:151,0
DA:153,0
DA:155,0
DA:158,0
DA:159,0
DA:168,0
DA:169,0
DA:170,0
DA:173,0
DA:174,0
DA:175,0
DA:176,0
DA:177,0
DA:180,0
DA:181,0
DA:182,0
DA:185,0
DA:188,0
DA:189,0
DA:190,0
DA:191,0
DA:193,0
DA:199,0
DA:200,0
DA:203,0
DA:204,0
DA:207,0
DA:212,0
DA:213,0
DA:214,0
DA:215,0
DA:216,0
DA:217,0
DA:218,0
DA:222,0
DA:223,0
DA:224,0
DA:225,0
DA:226,0
DA:227,0
DA:228,0
DA:229,0
DA:230,0
DA:231,0
DA:232,0
DA:233,0
DA:234,0
DA:235,0
DA:241,0
DA:242,0
DA:243,0
DA:244,0
DA:245,0
DA:246,0
DA:247,0
DA:249,0
DA:250,0
DA:251,0
DA:253,0
DA:257,0
DA:258,0
DA:259,0
DA:260,0
DA:262,0
DA:264,0
DA:268,0
DA:269,0
DA:271,0
DA:272,0
DA:273,0
DA:276,0
DA:277,0
DA:278,0
DA:279,0
DA:282,0
DA:283,0
DA:285,0
DA:286,0
DA:287,0
DA:288,0
DA:290,0
DA:294,0
DA:304,0
DA:307,0
DA:308,0
DA:310,0
DA:314,0
DA:315,0
DA:316,0
DA:317,0
DA:319,0
DA:320,0
DA:321,0
DA:322,0
DA:330,0
DA:331,0
DA:340,0
DA:341,0
DA:342,0
DA:343,0
DA:344,0
DA:346,0
DA:352,0
DA:354,0
DA:355,0
DA:356,0
DA:357,0
DA:358,0
DA:359,0
DA:361,0
DA:362,0
DA:366,0
DA:367,0
DA:368,0
DA:370,0
DA:371,0
DA:378,0
DA:380,0
DA:384,0
DA:385,0
DA:386,0
DA:387,0
DA:388,0
DA:391,0
DA:392,0
DA:393,0
DA:417,0
DA:418,0
DA:420,0
DA:424,0
DA:426,0
DA:427,0
DA:428,0
DA:431,0
DA:432,0
DA:441,0
DA:442,0
DA:443,0
DA:444,0
DA:445,0
DA:447,0
DA:451,0
DA:452,0
DA:453,0
DA:454,0
DA:455,0
DA:456,0
DA:460,0
DA:461,0
DA:462,0
DA:463,0
DA:464,0
DA:468,0
DA:469,0
DA:470,0
DA:471,0
DA:472,0
DA:473,0
DA:475,0
DA:478,0
DA:479,0
DA:481,0
DA:482,0
DA:493,0
DA:497,0
DA:498,0
DA:499,0
DA:500,0
DA:501,0
DA:504,0
DA:505,0
DA:506,0
DA:508,0
DA:512,0
DA:513,0
DA:514,0
DA:515,0
DA:516,0
DA:518,0
DA:519,0
DA:520,0
DA:527,0
DA:528,0
DA:529,0
DA:532,0
DA:533,0
DA:542,0
DA:543,0
DA:544,0
DA:545,0
DA:547,0
DA:553,0
DA:554,0
DA:555,0
DA:557,0
DA:558,0
DA:559,0
DA:567,0
DA:568,0
DA:577,0
DA:578,0
DA:579,0
DA:581,0
DA:582,0
DA:584,0
DA:590,0
DA:591,0
DA:592,0
DA:594,0
DA:596,0
DA:597,0
DA:598,0
DA:600,0
DA:604,0
DA:605,0
DA:607,0
DA:609,0
DA:610,0
DA:611,0
DA:615,0
DA:623,0
DA:653,0
DA:668,0
DA:671,0
DA:672,0
DA:675,0
DA:676,0
DA:680,0
DA:681,0
DA:683,0
DA:684,0
DA:685,0
DA:689,0
DA:690,0
DA:691,0
DA:692,0
DA:693,0
DA:694,0
DA:695,0
DA:696,0
DA:698,0
DA:705,0
DA:706,0
DA:707,0
DA:708,0
DA:710,0
DA:711,0
DA:714,0
DA:722,0
DA:738,0
DA:739,0
DA:740,0
DA:741,0
DA:745,0
DA:763,0
DA:764,0
DA:765,0
DA:768,0
DA:770,0
DA:771,0
DA:781,0
DA:785,0
DA:786,0
DA:787,0
DA:791,0
DA:792,0
DA:793,0
DA:795,0
DA:800,0
DA:801,0
DA:803,0
DA:804,0
DA:805,0
DA:806,0
DA:811,0
DA:812,0
DA:813,0
DA:815,0
DA:819,0
DA:826,0
DA:827,0
DA:828,0
DA:831,0
DA:832,0
DA:833,0
DA:834,0
DA:836,0
DA:837,0
DA:839,0
DA:843,0
DA:844,0
DA:845,0
DA:847,0
DA:848,0
DA:851,0
DA:853,0
DA:854,0
DA:855,0
DA:858,0
DA:872,0
DA:877,0
DA:878,0
DA:879,0
DA:880,0
DA:883,0
DA:885,0
DA:886,0
DA:889,0
DA:890,0
DA:892,0
LF:402
LH:0
BRDA:13,0,0,0
BRDA:13,0,1,0
BRDA:21,1,0,0
BRDA:21,2,0,0
BRDA:23,3,0,0
BRDA:23,3,1,0
BRDA:35,4,0,0
BRDA:35,4,1,0
BRDA:43,5,0,0
BRDA:43,5,1,0
BRDA:49,6,0,0
BRDA:49,6,1,0
BRDA:56,7,0,0
BRDA:56,7,1,0
BRDA:56,8,0,0
BRDA:56,8,1,0
BRDA:62,9,0,0
BRDA:62,9,1,0
BRDA:64,10,0,0
BRDA:64,10,1,0
BRDA:66,11,0,0
BRDA:66,11,1,0
BRDA:67,12,0,0
BRDA:67,12,1,0
BRDA:68,13,0,0
BRDA:68,13,1,0
BRDA:69,14,0,0
BRDA:69,14,1,0
BRDA:79,15,0,0
BRDA:79,15,1,0
BRDA:79,16,0,0
BRDA:79,16,1,0
BRDA:79,16,2,0
BRDA:86,17,0,0
BRDA:86,17,1,0
BRDA:89,18,0,0
BRDA:89,18,1,0
BRDA:90,19,0,0
BRDA:90,19,1,0
BRDA:93,20,0,0
BRDA:93,20,1,0
BRDA:102,21,0,0
BRDA:102,21,1,0
BRDA:103,22,0,0
BRDA:103,22,1,0
BRDA:105,23,0,0
BRDA:105,23,1,0
BRDA:110,24,0,0
BRDA:110,24,1,0
BRDA:130,25,0,0
BRDA:130,25,1,0
BRDA:131,26,0,0
BRDA:131,26,1,0
BRDA:139,27,0,0
BRDA:139,27,1,0
BRDA:147,28,0,0
BRDA:147,28,1,0
BRDA:158,29,0,0
BRDA:158,29,1,0
BRDA:159,30,0,0
BRDA:159,30,1,0
BRDA:164,31,0,0
BRDA:164,31,1,0
BRDA:170,32,0,0
BRDA:170,32,1,0
BRDA:180,33,0,0
BRDA:180,33,1,0
BRDA:182,34,0,0
BRDA:182,34,1,0
BRDA:190,35,0,0
BRDA:190,35,1,0
BRDA:199,36,0,0
BRDA:199,36,1,0
BRDA:199,37,0,0
BRDA:199,37,1,0
BRDA:203,38,0,0
BRDA:203,38,1,0
BRDA:213,39,0,0
BRDA:213,39,1,0
BRDA:213,40,0,0
BRDA:213,40,1,0
BRDA:215,41,0,0
BRDA:215,41,1,0
BRDA:229,42,0,0
BRDA:229,42,1,0
BRDA:231,43,0,0
BRDA:231,43,1,0
BRDA:232,44,0,0
BRDA:232,44,1,0
BRDA:233,45,0,0
BRDA:233,45,1,0
BRDA:234,46,0,0
BRDA:234,46,1,0
BRDA:235,47,0,0
BRDA:235,47,1,0
BRDA:243,48,0,0
BRDA:243,48,1,0
BRDA:244,49,0,0
BRDA:244,49,1,0
BRDA:245,50,0,0
BRDA:245,50,1,0
BRDA:246,51,0,0
BRDA:246,51,1,0
BRDA:247,52,0,0
BRDA:247,52,1,0
BRDA:247,53,0,0
BRDA:247,53,1,0
BRDA:247,53,2,0
BRDA:250,54,0,0
BRDA:250,54,1,0
BRDA:250,55,0,0
BRDA:250,55,1,0
BRDA:251,56,0,0
BRDA:251,56,1,0
BRDA:251,57,0,0
BRDA:251,57,1,0
BRDA:253,58,0,0
BRDA:253,58,1,0
BRDA:253,59,0,0
BRDA:253,59,1,0
BRDA:268,60,0,0
BRDA:268,60,1,0
BRDA:271,61,0,0
BRDA:271,61,1,0
BRDA:278,62,0,0
BRDA:278,62,1,0
BRDA:286,63,0,0
BRDA:286,63,1,0
BRDA:290,64,0,0
BRDA:290,64,1,0
BRDA:290,65,0,0
BRDA:290,65,1,0
BRDA:299,66,0,0
BRDA:299,66,1,0
BRDA:316,67,0,0
BRDA:316,67,1,0
BRDA:316,68,0,0
BRDA:316,68,1,0
BRDA:317,69,0,0
BRDA:317,69,1,0
BRDA:317,70,0,0
BRDA:317,70,1,0
BRDA:320,71,0,0
BRDA:320,71,1,0
BRDA:327,72,0,0
BRDA:327,72,1,0
BRDA:340,73,0,0
BRDA:340,73,1,0
BRDA:342,74,0,0
BRDA:342,74,1,0
BRDA:357,75,0,0
BRDA:357,75,1,0
BRDA:366,76,0,0
BRDA:366,76,1,0
BRDA:386,77,0,0
BRDA:386,77,1,0
BRDA:386,78,0,0
BRDA:386,78,1,0
BRDA:396,79,0,0
BRDA:396,79,1,0
BRDA:401,80,0,0
BRDA:401,80,1,0
BRDA:402,81,0,0
BRDA:402,81,1,0
BRDA:403,82,0,0
BRDA:403,82,1,0
BRDA:404,83,0,0
BRDA:404,83,1,0
BRDA:405,84,0,0
BRDA:405,84,1,0
BRDA:410,85,0,0
BRDA:410,85,1,0
BRDA:418,86,0,0
BRDA:418,86,1,0
BRDA:422,87,0,0
BRDA:422,87,1,0
BRDA:423,88,0,0
BRDA:423,88,1,0
BRDA:426,89,0,0
BRDA:426,89,1,0
BRDA:441,90,0,0
BRDA:441,90,1,0
BRDA:443,91,0,0
BRDA:443,91,1,0
BRDA:453,92,0,0
BRDA:453,92,1,0
BRDA:462,93,0,0
BRDA:462,93,1,0
BRDA:463,94,0,0
BRDA:463,94,1,0
BRDA:464,95,0,0
BRDA:464,95,1,0
BRDA:469,96,0,0
BRDA:469,96,1,0
BRDA:472,97,0,0
BRDA:472,97,1,0
BRDA:473,98,0,0
BRDA:473,98,1,0
BRDA:481,99,0,0
BRDA:481,99,1,0
BRDA:482,100,0,0
BRDA:482,100,1,0
BRDA:485,101,0,0
BRDA:485,101,1,0
BRDA:486,102,0,0
BRDA:486,102,1,0
BRDA:488,103,0,0
BRDA:488,103,1,0
BRDA:499,104,0,0
BRDA:499,104,1,0
BRDA:506,105,0,0
BRDA:506,105,1,0
BRDA:514,106,0,0
BRDA:514,106,1,0
BRDA:516,107,0,0
BRDA:516,107,1,0
BRDA:527,108,0,0
BRDA:527,108,1,0
BRDA:542,109,0,0
BRDA:542,109,1,0
BRDA:545,110,0,0
BRDA:545,110,1,0
BRDA:555,111,0,0
BRDA:555,111,1,0
BRDA:564,112,0,0
BRDA:564,112,1,0
BRDA:577,113,0,0
BRDA:577,113,1,0
BRDA:579,114,0,0
BRDA:579,114,1,0
BRDA:592,115,0,0
BRDA:592,115,1,0
BRDA:594,116,0,0
BRDA:594,116,1,0
BRDA:598,117,0,0
BRDA:598,117,1,0
BRDA:604,118,0,0
BRDA:604,118,1,0
BRDA:609,119,0,0
BRDA:609,119,1,0
BRDA:616,120,0,0
BRDA:616,120,1,0
BRDA:617,121,0,0
BRDA:617,121,1,0
BRDA:618,122,0,0
BRDA:618,122,1,0
BRDA:619,123,0,0
BRDA:619,123,1,0
BRDA:656,124,0,0
BRDA:656,124,1,0
BRDA:657,125,0,0
BRDA:657,125,1,0
BRDA:658,126,0,0
BRDA:658,126,1,0
BRDA:659,127,0,0
BRDA:659,127,1,0
BRDA:660,128,0,0
BRDA:660,128,1,0
BRDA:661,129,0,0
BRDA:661,129,1,0
BRDA:680,130,0,0
BRDA:680,130,1,0
BRDA:681,131,0,0
BRDA:681,131,1,0
BRDA:689,132,0,0
BRDA:689,132,1,0
BRDA:694,133,0,0
BRDA:694,133,1,0
BRDA:708,134,0,0
BRDA:708,134,1,0
BRDA:708,135,0,0
BRDA:708,135,1,0
BRDA:710,136,0,0
BRDA:710,136,1,0
BRDA:711,137,0,0
BRDA:711,137,1,0
BRDA:715,138,0,0
BRDA:715,138,1,0
BRDA:716,139,0,0
BRDA:716,139,1,0
BRDA:717,140,0,0
BRDA:717,140,1,0
BRDA:718,141,0,0
BRDA:718,141,1,0
BRDA:740,142,0,0
BRDA:740,142,1,0
BRDA:741,143,0,0
BRDA:741,143,1,0
BRDA:741,144,0,0
BRDA:741,144,1,0
BRDA:770,145,0,0
BRDA:770,145,1,0
BRDA:775,146,0,0
BRDA:775,146,1,0
BRDA:819,147,0,0
BRDA:819,147,1,0
BRDA:836,148,0,0
BRDA:836,148,1,0
BRDA:837,149,0,0
BRDA:837,149,1,0
BRDA:845,150,0,0
BRDA:845,150,1,0
BRDA:845,151,0,0
BRDA:845,151,1,0
BRDA:853,152,0,0
BRDA:853,152,1,0
BRDA:866,153,0,0
BRDA:866,153,1,0
BRDA:867,154,0,0
BRDA:867,154,1,0
BRDA:886,155,0,0
BRDA:886,155,1,0
BRDA:886,156,0,0
BRDA:886,156,1,0
BRDA:889,157,0,0
BRDA:889,157,1,0
BRF:316
BRH:0
end_of_record
