{"C:\\Users\\baksa\\attendance-system\\backend\\server.js": {"path":"C:\\Users\\baksa\\attendance-system\\backend\\server.js","statementMap":{"0":{"start":{"line":1,"column":16},"end":{"line":1,"column":34}},"1":{"start":{"line":2,"column":13},"end":{"line":2,"column":28}},"2":{"start":{"line":3,"column":15},"end":{"line":3,"column":32}},"3":{"start":{"line":4,"column":18},"end":{"line":4,"column":47}},"4":{"start":{"line":5,"column":12},"end":{"line":5,"column":32}},"5":{"start":{"line":6,"column":12},"end":{"line":6,"column":26}},"6":{"start":{"line":7,"column":20},"end":{"line":7,"column":42}},"7":{"start":{"line":8,"column":0},"end":{"line":8,"column":27}},"8":{"start":{"line":10,"column":12},"end":{"line":10,"column":21}},"9":{"start":{"line":13,"column":0},"end":{"line":13,"column":18}},"10":{"start":{"line":14,"column":0},"end":{"line":19,"column":4}},"11":{"start":{"line":20,"column":0},"end":{"line":20,"column":15}},"12":{"start":{"line":21,"column":0},"end":{"line":21,"column":15}},"13":{"start":{"line":22,"column":0},"end":{"line":22,"column":23}},"14":{"start":{"line":25,"column":16},"end":{"line":25,"column":66}},"15":{"start":{"line":26,"column":20},"end":{"line":26,"column":68}},"16":{"start":{"line":27,"column":0},"end":{"line":27,"column":17}},"17":{"start":{"line":28,"column":0},"end":{"line":28,"column":40}},"18":{"start":{"line":30,"column":0},"end":{"line":30,"column":41}},"19":{"start":{"line":31,"column":0},"end":{"line":31,"column":48}},"20":{"start":{"line":34,"column":0},"end":{"line":34,"column":47}},"21":{"start":{"line":35,"column":0},"end":{"line":35,"column":59}},"22":{"start":{"line":36,"column":0},"end":{"line":36,"column":53}},"23":{"start":{"line":37,"column":0},"end":{"line":37,"column":65}},"24":{"start":{"line":38,"column":0},"end":{"line":38,"column":49}},"25":{"start":{"line":39,"column":0},"end":{"line":39,"column":55}},"26":{"start":{"line":40,"column":0},"end":{"line":40,"column":53}},"27":{"start":{"line":43,"column":0},"end":{"line":49,"column":3}},"28":{"start":{"line":44,"column":2},"end":{"line":48,"column":5}},"29":{"start":{"line":52,"column":0},"end":{"line":55,"column":3}},"30":{"start":{"line":53,"column":2},"end":{"line":53,"column":38}},"31":{"start":{"line":54,"column":2},"end":{"line":54,"column":63}},"32":{"start":{"line":58,"column":13},"end":{"line":58,"column":37}},"33":{"start":{"line":59,"column":0},"end":{"line":63,"column":3}},"34":{"start":{"line":60,"column":2},"end":{"line":60,"column":53}},"35":{"start":{"line":61,"column":2},"end":{"line":61,"column":56}},"36":{"start":{"line":62,"column":2},"end":{"line":62,"column":104}},"37":{"start":{"line":65,"column":0},"end":{"line":65,"column":21}},"38":{"start":{"line":68,"column":0},"end":{"line":75,"column":1}},"39":{"start":{"line":69,"column":15},"end":{"line":69,"column":39}},"40":{"start":{"line":70,"column":2},"end":{"line":74,"column":5}},"41":{"start":{"line":71,"column":4},"end":{"line":71,"column":55}},"42":{"start":{"line":72,"column":4},"end":{"line":72,"column":58}},"43":{"start":{"line":73,"column":4},"end":{"line":73,"column":106}}},"fnMap":{"0":{"name":"(anonymous_0)","decl":{"start":{"line":43,"column":23},"end":{"line":43,"column":24}},"loc":{"start":{"line":43,"column":37},"end":{"line":49,"column":1}},"line":43},"1":{"name":"(anonymous_1)","decl":{"start":{"line":52,"column":8},"end":{"line":52,"column":9}},"loc":{"start":{"line":52,"column":33},"end":{"line":55,"column":1}},"line":52},"2":{"name":"(anonymous_2)","decl":{"start":{"line":59,"column":17},"end":{"line":59,"column":18}},"loc":{"start":{"line":59,"column":23},"end":{"line":63,"column":1}},"line":59},"3":{"name":"(anonymous_3)","decl":{"start":{"line":70,"column":19},"end":{"line":70,"column":20}},"loc":{"start":{"line":70,"column":25},"end":{"line":74,"column":3}},"line":70}},"branchMap":{"0":{"loc":{"start":{"line":58,"column":13},"end":{"line":58,"column":37}},"type":"binary-expr","locations":[{"start":{"line":58,"column":13},"end":{"line":58,"column":29}},{"start":{"line":58,"column":33},"end":{"line":58,"column":37}}],"line":58},"1":{"loc":{"start":{"line":68,"column":0},"end":{"line":75,"column":1}},"type":"if","locations":[{"start":{"line":68,"column":0},"end":{"line":75,"column":1}},{"start":{},"end":{}}],"line":68},"2":{"loc":{"start":{"line":69,"column":15},"end":{"line":69,"column":39}},"type":"binary-expr","locations":[{"start":{"line":69,"column":15},"end":{"line":69,"column":31}},{"start":{"line":69,"column":35},"end":{"line":69,"column":39}}],"line":69}},"s":{"0":2,"1":2,"2":2,"3":2,"4":2,"5":2,"6":2,"7":2,"8":2,"9":2,"10":2,"11":2,"12":2,"13":2,"14":2,"15":2,"16":2,"17":2,"18":2,"19":2,"20":2,"21":2,"22":2,"23":2,"24":2,"25":2,"26":2,"27":2,"28":0,"29":2,"30":0,"31":0,"32":2,"33":2,"34":1,"35":1,"36":1,"37":2,"38":2,"39":0,"40":0,"41":0,"42":0,"43":0},"f":{"0":0,"1":0,"2":1,"3":0},"b":{"0":[2,0],"1":[0,2],"2":[0,0]},"_coverageSchema":"1a1c01bbd47fc00a2c39e90264f33305004495a9","hash":"bf327e92769d868791a888ee16e196d8137a8ee0"}
,"C:\\Users\\baksa\\attendance-system\\backend\\config\\db.js": {"path":"C:\\Users\\baksa\\attendance-system\\backend\\config\\db.js","statementMap":{"0":{"start":{"line":1,"column":17},"end":{"line":1,"column":30}},"1":{"start":{"line":2,"column":0},"end":{"line":2,"column":27}},"2":{"start":{"line":4,"column":13},"end":{"line":10,"column":2}},"3":{"start":{"line":12,"column":0},"end":{"line":12,"column":62}},"4":{"start":{"line":12,"column":25},"end":{"line":12,"column":60}},"5":{"start":{"line":13,"column":0},"end":{"line":13,"column":67}},"6":{"start":{"line":13,"column":26},"end":{"line":13,"column":65}},"7":{"start":{"line":15,"column":0},"end":{"line":15,"column":22}}},"fnMap":{"0":{"name":"(anonymous_0)","decl":{"start":{"line":12,"column":19},"end":{"line":12,"column":20}},"loc":{"start":{"line":12,"column":25},"end":{"line":12,"column":60}},"line":12},"1":{"name":"(anonymous_1)","decl":{"start":{"line":13,"column":17},"end":{"line":13,"column":18}},"loc":{"start":{"line":13,"column":26},"end":{"line":13,"column":65}},"line":13}},"branchMap":{},"s":{"0":2,"1":2,"2":2,"3":2,"4":2,"5":2,"6":0,"7":2},"f":{"0":2,"1":0},"b":{},"_coverageSchema":"1a1c01bbd47fc00a2c39e90264f33305004495a9","hash":"3a2c0d0c88a47a9ab3e071e2921c34398f977eb1"}
,"C:\\Users\\baksa\\attendance-system\\backend\\routes\\admin.js": {"path":"C:\\Users\\baksa\\attendance-system\\backend\\routes\\admin.js","statementMap":{"0":{"start":{"line":1,"column":16},"end":{"line":1,"column":34}},"1":{"start":{"line":2,"column":15},"end":{"line":2,"column":31}},"2":{"start":{"line":3,"column":15},"end":{"line":3,"column":34}},"3":{"start":{"line":4,"column":13},"end":{"line":4,"column":36}},"4":{"start":{"line":5,"column":12},"end":{"line":5,"column":35}},"5":{"start":{"line":6,"column":22},"end":{"line":6,"column":48}},"6":{"start":{"line":8,"column":20},"end":{"line":22,"column":1}},"7":{"start":{"line":9,"column":16},"end":{"line":9,"column":56}},"8":{"start":{"line":10,"column":2},"end":{"line":10,"column":78}},"9":{"start":{"line":10,"column":14},"end":{"line":10,"column":78}},"10":{"start":{"line":12,"column":2},"end":{"line":21,"column":3}},"11":{"start":{"line":13,"column":20},"end":{"line":13,"column":61}},"12":{"start":{"line":14,"column":4},"end":{"line":16,"column":5}},"13":{"start":{"line":15,"column":6},"end":{"line":15,"column":79}},"14":{"start":{"line":17,"column":4},"end":{"line":17,"column":23}},"15":{"start":{"line":18,"column":4},"end":{"line":18,"column":11}},"16":{"start":{"line":20,"column":4},"end":{"line":20,"column":54}},"17":{"start":{"line":25,"column":0},"end":{"line":50,"column":3}},"18":{"start":{"line":26,"column":2},"end":{"line":49,"column":3}},"19":{"start":{"line":27,"column":61},"end":{"line":27,"column":69}},"20":{"start":{"line":29,"column":4},"end":{"line":31,"column":5}},"21":{"start":{"line":30,"column":6},"end":{"line":30,"column":66}},"22":{"start":{"line":33,"column":21},"end":{"line":33,"column":101}},"23":{"start":{"line":34,"column":4},"end":{"line":36,"column":5}},"24":{"start":{"line":35,"column":6},"end":{"line":35,"column":90}},"25":{"start":{"line":38,"column":17},"end":{"line":38,"column":48}},"26":{"start":{"line":39,"column":19},"end":{"line":42,"column":5}},"27":{"start":{"line":44,"column":4},"end":{"line":44,"column":85}},"28":{"start":{"line":45,"column":4},"end":{"line":45,"column":41}},"29":{"start":{"line":47,"column":4},"end":{"line":47,"column":45}},"30":{"start":{"line":48,"column":4},"end":{"line":48,"column":80}},"31":{"start":{"line":52,"column":0},"end":{"line":52,"column":24}}},"fnMap":{"0":{"name":"(anonymous_0)","decl":{"start":{"line":8,"column":20},"end":{"line":8,"column":21}},"loc":{"start":{"line":8,"column":40},"end":{"line":22,"column":1}},"line":8},"1":{"name":"(anonymous_1)","decl":{"start":{"line":25,"column":41},"end":{"line":25,"column":42}},"loc":{"start":{"line":25,"column":61},"end":{"line":50,"column":1}},"line":25}},"branchMap":{"0":{"loc":{"start":{"line":10,"column":2},"end":{"line":10,"column":78}},"type":"if","locations":[{"start":{"line":10,"column":2},"end":{"line":10,"column":78}},{"start":{},"end":{}}],"line":10},"1":{"loc":{"start":{"line":14,"column":4},"end":{"line":16,"column":5}},"type":"if","locations":[{"start":{"line":14,"column":4},"end":{"line":16,"column":5}},{"start":{},"end":{}}],"line":14},"2":{"loc":{"start":{"line":29,"column":4},"end":{"line":31,"column":5}},"type":"if","locations":[{"start":{"line":29,"column":4},"end":{"line":31,"column":5}},{"start":{},"end":{}}],"line":29},"3":{"loc":{"start":{"line":34,"column":4},"end":{"line":36,"column":5}},"type":"if","locations":[{"start":{"line":34,"column":4},"end":{"line":36,"column":5}},{"start":{},"end":{}}],"line":34},"4":{"loc":{"start":{"line":41,"column":51},"end":{"line":41,"column":69}},"type":"binary-expr","locations":[{"start":{"line":41,"column":51},"end":{"line":41,"column":61}},{"start":{"line":41,"column":65},"end":{"line":41,"column":69}}],"line":41}},"s":{"0":2,"1":2,"2":2,"3":2,"4":2,"5":2,"6":2,"7":0,"8":0,"9":0,"10":0,"11":0,"12":0,"13":0,"14":0,"15":0,"16":0,"17":2,"18":0,"19":0,"20":0,"21":0,"22":0,"23":0,"24":0,"25":0,"26":0,"27":0,"28":0,"29":0,"30":0,"31":2},"f":{"0":0,"1":0},"b":{"0":[0,0],"1":[0,0],"2":[0,0],"3":[0,0],"4":[0,0]},"_coverageSchema":"1a1c01bbd47fc00a2c39e90264f33305004495a9","hash":"d81090b4ad47146b35d7aea5a95669fd88f69650"}
,"C:\\Users\\baksa\\attendance-system\\backend\\routes\\attendance.js": {"path":"C:\\Users\\baksa\\attendance-system\\backend\\routes\\attendance.js","statementMap":{"0":{"start":{"line":1,"column":16},"end":{"line":1,"column":34}},"1":{"start":{"line":2,"column":15},"end":{"line":2,"column":31}},"2":{"start":{"line":3,"column":13},"end":{"line":3,"column":36}},"3":{"start":{"line":4,"column":12},"end":{"line":4,"column":35}},"4":{"start":{"line":5,"column":22},"end":{"line":5,"column":48}},"5":{"start":{"line":7,"column":20},"end":{"line":17,"column":1}},"6":{"start":{"line":8,"column":16},"end":{"line":8,"column":56}},"7":{"start":{"line":9,"column":2},"end":{"line":9,"column":78}},"8":{"start":{"line":9,"column":14},"end":{"line":9,"column":78}},"9":{"start":{"line":11,"column":2},"end":{"line":16,"column":3}},"10":{"start":{"line":12,"column":4},"end":{"line":12,"column":57}},"11":{"start":{"line":13,"column":4},"end":{"line":13,"column":11}},"12":{"start":{"line":15,"column":4},"end":{"line":15,"column":54}},"13":{"start":{"line":20,"column":0},"end":{"line":60,"column":3}},"14":{"start":{"line":21,"column":2},"end":{"line":59,"column":3}},"15":{"start":{"line":22,"column":4},"end":{"line":24,"column":5}},"16":{"start":{"line":23,"column":6},"end":{"line":23,"column":64}},"17":{"start":{"line":26,"column":48},"end":{"line":26,"column":56}},"18":{"start":{"line":29,"column":21},"end":{"line":32,"column":5}},"19":{"start":{"line":35,"column":4},"end":{"line":52,"column":5}},"20":{"start":{"line":37,"column":6},"end":{"line":43,"column":8}},"21":{"start":{"line":46,"column":6},"end":{"line":51,"column":8}},"22":{"start":{"line":54,"column":4},"end":{"line":54,"column":105}},"23":{"start":{"line":55,"column":4},"end":{"line":55,"column":41}},"24":{"start":{"line":57,"column":4},"end":{"line":57,"column":51}},"25":{"start":{"line":58,"column":4},"end":{"line":58,"column":54}},"26":{"start":{"line":63,"column":0},"end":{"line":86,"column":3}},"27":{"start":{"line":64,"column":2},"end":{"line":85,"column":3}},"28":{"start":{"line":65,"column":39},"end":{"line":65,"column":48}},"29":{"start":{"line":66,"column":16},"end":{"line":66,"column":135}},"30":{"start":{"line":67,"column":19},"end":{"line":67,"column":21}},"31":{"start":{"line":69,"column":4},"end":{"line":72,"column":5}},"32":{"start":{"line":70,"column":6},"end":{"line":70,"column":30}},"33":{"start":{"line":71,"column":6},"end":{"line":71,"column":55}},"34":{"start":{"line":73,"column":4},"end":{"line":76,"column":5}},"35":{"start":{"line":74,"column":6},"end":{"line":74,"column":30}},"36":{"start":{"line":75,"column":6},"end":{"line":75,"column":55}},"37":{"start":{"line":78,"column":4},"end":{"line":78,"column":37}},"38":{"start":{"line":80,"column":19},"end":{"line":80,"column":50}},"39":{"start":{"line":81,"column":4},"end":{"line":81,"column":26}},"40":{"start":{"line":83,"column":4},"end":{"line":83,"column":48}},"41":{"start":{"line":84,"column":4},"end":{"line":84,"column":54}},"42":{"start":{"line":88,"column":0},"end":{"line":88,"column":24}}},"fnMap":{"0":{"name":"(anonymous_0)","decl":{"start":{"line":7,"column":20},"end":{"line":7,"column":21}},"loc":{"start":{"line":7,"column":40},"end":{"line":17,"column":1}},"line":7},"1":{"name":"(anonymous_1)","decl":{"start":{"line":20,"column":30},"end":{"line":20,"column":31}},"loc":{"start":{"line":20,"column":50},"end":{"line":60,"column":1}},"line":20},"2":{"name":"(anonymous_2)","decl":{"start":{"line":63,"column":29},"end":{"line":63,"column":30}},"loc":{"start":{"line":63,"column":49},"end":{"line":86,"column":1}},"line":63}},"branchMap":{"0":{"loc":{"start":{"line":9,"column":2},"end":{"line":9,"column":78}},"type":"if","locations":[{"start":{"line":9,"column":2},"end":{"line":9,"column":78}},{"start":{},"end":{}}],"line":9},"1":{"loc":{"start":{"line":22,"column":4},"end":{"line":24,"column":5}},"type":"if","locations":[{"start":{"line":22,"column":4},"end":{"line":24,"column":5}},{"start":{},"end":{}}],"line":22},"2":{"loc":{"start":{"line":22,"column":8},"end":{"line":22,"column":64}},"type":"binary-expr","locations":[{"start":{"line":22,"column":8},"end":{"line":22,"column":35}},{"start":{"line":22,"column":39},"end":{"line":22,"column":64}}],"line":22},"3":{"loc":{"start":{"line":35,"column":4},"end":{"line":52,"column":5}},"type":"if","locations":[{"start":{"line":35,"column":4},"end":{"line":52,"column":5}},{"start":{"line":44,"column":11},"end":{"line":52,"column":5}}],"line":35},"4":{"loc":{"start":{"line":42,"column":17},"end":{"line":42,"column":30}},"type":"binary-expr","locations":[{"start":{"line":42,"column":17},"end":{"line":42,"column":22}},{"start":{"line":42,"column":26},"end":{"line":42,"column":30}}],"line":42},"5":{"loc":{"start":{"line":50,"column":35},"end":{"line":50,"column":48}},"type":"binary-expr","locations":[{"start":{"line":50,"column":35},"end":{"line":50,"column":40}},{"start":{"line":50,"column":44},"end":{"line":50,"column":48}}],"line":50},"6":{"loc":{"start":{"line":69,"column":4},"end":{"line":72,"column":5}},"type":"if","locations":[{"start":{"line":69,"column":4},"end":{"line":72,"column":5}},{"start":{},"end":{}}],"line":69},"7":{"loc":{"start":{"line":73,"column":4},"end":{"line":76,"column":5}},"type":"if","locations":[{"start":{"line":73,"column":4},"end":{"line":76,"column":5}},{"start":{},"end":{}}],"line":73}},"s":{"0":2,"1":2,"2":2,"3":2,"4":2,"5":2,"6":0,"7":0,"8":0,"9":0,"10":0,"11":0,"12":0,"13":2,"14":0,"15":0,"16":0,"17":0,"18":0,"19":0,"20":0,"21":0,"22":0,"23":0,"24":0,"25":0,"26":2,"27":0,"28":0,"29":0,"30":0,"31":0,"32":0,"33":0,"34":0,"35":0,"36":0,"37":0,"38":0,"39":0,"40":0,"41":0,"42":2},"f":{"0":0,"1":0,"2":0},"b":{"0":[0,0],"1":[0,0],"2":[0,0],"3":[0,0],"4":[0,0],"5":[0,0],"6":[0,0],"7":[0,0]},"_coverageSchema":"1a1c01bbd47fc00a2c39e90264f33305004495a9","hash":"edb13c667714886f6f521eac9731f3eaf309a35b"}
,"C:\\Users\\baksa\\attendance-system\\backend\\routes\\auth.js": {"path":"C:\\Users\\baksa\\attendance-system\\backend\\routes\\auth.js","statementMap":{"0":{"start":{"line":1,"column":16},"end":{"line":1,"column":34}},"1":{"start":{"line":2,"column":15},"end":{"line":2,"column":31}},"2":{"start":{"line":3,"column":15},"end":{"line":3,"column":34}},"3":{"start":{"line":4,"column":12},"end":{"line":4,"column":35}},"4":{"start":{"line":5,"column":15},"end":{"line":5,"column":32}},"5":{"start":{"line":6,"column":13},"end":{"line":6,"column":36}},"6":{"start":{"line":7,"column":22},"end":{"line":7,"column":48}},"7":{"start":{"line":10,"column":0},"end":{"line":35,"column":3}},"8":{"start":{"line":11,"column":2},"end":{"line":34,"column":3}},"9":{"start":{"line":12,"column":61},"end":{"line":12,"column":69}},"10":{"start":{"line":14,"column":4},"end":{"line":16,"column":5}},"11":{"start":{"line":15,"column":6},"end":{"line":15,"column":90}},"12":{"start":{"line":18,"column":21},"end":{"line":18,"column":101}},"13":{"start":{"line":19,"column":4},"end":{"line":21,"column":5}},"14":{"start":{"line":20,"column":6},"end":{"line":20,"column":90}},"15":{"start":{"line":23,"column":17},"end":{"line":23,"column":48}},"16":{"start":{"line":24,"column":19},"end":{"line":27,"column":5}},"17":{"start":{"line":29,"column":4},"end":{"line":29,"column":82}},"18":{"start":{"line":30,"column":4},"end":{"line":30,"column":41}},"19":{"start":{"line":32,"column":4},"end":{"line":32,"column":42}},"20":{"start":{"line":33,"column":4},"end":{"line":33,"column":70}},"21":{"start":{"line":38,"column":0},"end":{"line":75,"column":3}},"22":{"start":{"line":39,"column":2},"end":{"line":74,"column":3}},"23":{"start":{"line":40,"column":32},"end":{"line":40,"column":40}},"24":{"start":{"line":42,"column":19},"end":{"line":42,"column":98}},"25":{"start":{"line":43,"column":4},"end":{"line":45,"column":5}},"26":{"start":{"line":44,"column":6},"end":{"line":44,"column":74}},"27":{"start":{"line":47,"column":17},"end":{"line":47,"column":31}},"28":{"start":{"line":48,"column":26},"end":{"line":48,"column":76}},"29":{"start":{"line":49,"column":4},"end":{"line":51,"column":5}},"30":{"start":{"line":50,"column":6},"end":{"line":50,"column":74}},"31":{"start":{"line":53,"column":18},"end":{"line":57,"column":5}},"32":{"start":{"line":59,"column":4},"end":{"line":59,"column":64}},"33":{"start":{"line":61,"column":4},"end":{"line":70,"column":7}},"34":{"start":{"line":72,"column":4},"end":{"line":72,"column":39}},"35":{"start":{"line":73,"column":4},"end":{"line":73,"column":64}},"36":{"start":{"line":78,"column":0},"end":{"line":98,"column":3}},"37":{"start":{"line":79,"column":2},"end":{"line":97,"column":3}},"38":{"start":{"line":80,"column":18},"end":{"line":80,"column":58}},"39":{"start":{"line":81,"column":4},"end":{"line":81,"column":80}},"40":{"start":{"line":81,"column":16},"end":{"line":81,"column":80}},"41":{"start":{"line":83,"column":20},"end":{"line":83,"column":61}},"42":{"start":{"line":84,"column":4},"end":{"line":86,"column":5}},"43":{"start":{"line":85,"column":6},"end":{"line":85,"column":64}},"44":{"start":{"line":88,"column":19},"end":{"line":91,"column":5}},"45":{"start":{"line":93,"column":4},"end":{"line":93,"column":26}},"46":{"start":{"line":95,"column":4},"end":{"line":95,"column":46}},"47":{"start":{"line":96,"column":4},"end":{"line":96,"column":54}},"48":{"start":{"line":101,"column":0},"end":{"line":128,"column":3}},"49":{"start":{"line":102,"column":2},"end":{"line":127,"column":3}},"50":{"start":{"line":103,"column":22},"end":{"line":103,"column":30}},"51":{"start":{"line":104,"column":17},"end":{"line":104,"column":83}},"52":{"start":{"line":106,"column":4},"end":{"line":108,"column":5}},"53":{"start":{"line":107,"column":6},"end":{"line":107,"column":83}},"54":{"start":{"line":110,"column":18},"end":{"line":110,"column":56}},"55":{"start":{"line":111,"column":20},"end":{"line":111,"column":50}},"56":{"start":{"line":113,"column":4},"end":{"line":117,"column":6}},"57":{"start":{"line":120,"column":4},"end":{"line":120,"column":50}},"58":{"start":{"line":121,"column":4},"end":{"line":121,"column":78}},"59":{"start":{"line":123,"column":4},"end":{"line":123,"column":73}},"60":{"start":{"line":125,"column":4},"end":{"line":125,"column":49}},"61":{"start":{"line":126,"column":4},"end":{"line":126,"column":54}},"62":{"start":{"line":131,"column":0},"end":{"line":157,"column":3}},"63":{"start":{"line":132,"column":2},"end":{"line":156,"column":3}},"64":{"start":{"line":133,"column":35},"end":{"line":133,"column":43}},"65":{"start":{"line":135,"column":4},"end":{"line":137,"column":5}},"66":{"start":{"line":136,"column":6},"end":{"line":136,"column":86}},"67":{"start":{"line":139,"column":18},"end":{"line":142,"column":5}},"68":{"start":{"line":144,"column":4},"end":{"line":146,"column":5}},"69":{"start":{"line":145,"column":6},"end":{"line":145,"column":94}},"70":{"start":{"line":148,"column":17},"end":{"line":148,"column":51}},"71":{"start":{"line":149,"column":4},"end":{"line":149,"column":106}},"72":{"start":{"line":150,"column":4},"end":{"line":150,"column":78}},"73":{"start":{"line":152,"column":4},"end":{"line":152,"column":52}},"74":{"start":{"line":154,"column":4},"end":{"line":154,"column":48}},"75":{"start":{"line":155,"column":4},"end":{"line":155,"column":54}},"76":{"start":{"line":159,"column":0},"end":{"line":159,"column":24}}},"fnMap":{"0":{"name":"(anonymous_0)","decl":{"start":{"line":10,"column":25},"end":{"line":10,"column":26}},"loc":{"start":{"line":10,"column":45},"end":{"line":35,"column":1}},"line":10},"1":{"name":"(anonymous_1)","decl":{"start":{"line":38,"column":22},"end":{"line":38,"column":23}},"loc":{"start":{"line":38,"column":42},"end":{"line":75,"column":1}},"line":38},"2":{"name":"(anonymous_2)","decl":{"start":{"line":78,"column":30},"end":{"line":78,"column":31}},"loc":{"start":{"line":78,"column":50},"end":{"line":98,"column":1}},"line":78},"3":{"name":"(anonymous_3)","decl":{"start":{"line":101,"column":32},"end":{"line":101,"column":33}},"loc":{"start":{"line":101,"column":52},"end":{"line":128,"column":1}},"line":101},"4":{"name":"(anonymous_4)","decl":{"start":{"line":131,"column":31},"end":{"line":131,"column":32}},"loc":{"start":{"line":131,"column":51},"end":{"line":157,"column":1}},"line":131}},"branchMap":{"0":{"loc":{"start":{"line":14,"column":4},"end":{"line":16,"column":5}},"type":"if","locations":[{"start":{"line":14,"column":4},"end":{"line":16,"column":5}},{"start":{},"end":{}}],"line":14},"1":{"loc":{"start":{"line":19,"column":4},"end":{"line":21,"column":5}},"type":"if","locations":[{"start":{"line":19,"column":4},"end":{"line":21,"column":5}},{"start":{},"end":{}}],"line":19},"2":{"loc":{"start":{"line":26,"column":56},"end":{"line":26,"column":74}},"type":"binary-expr","locations":[{"start":{"line":26,"column":56},"end":{"line":26,"column":66}},{"start":{"line":26,"column":70},"end":{"line":26,"column":74}}],"line":26},"3":{"loc":{"start":{"line":43,"column":4},"end":{"line":45,"column":5}},"type":"if","locations":[{"start":{"line":43,"column":4},"end":{"line":45,"column":5}},{"start":{},"end":{}}],"line":43},"4":{"loc":{"start":{"line":49,"column":4},"end":{"line":51,"column":5}},"type":"if","locations":[{"start":{"line":49,"column":4},"end":{"line":51,"column":5}},{"start":{},"end":{}}],"line":49},"5":{"loc":{"start":{"line":81,"column":4},"end":{"line":81,"column":80}},"type":"if","locations":[{"start":{"line":81,"column":4},"end":{"line":81,"column":80}},{"start":{},"end":{}}],"line":81},"6":{"loc":{"start":{"line":84,"column":4},"end":{"line":86,"column":5}},"type":"if","locations":[{"start":{"line":84,"column":4},"end":{"line":86,"column":5}},{"start":{},"end":{}}],"line":84},"7":{"loc":{"start":{"line":106,"column":4},"end":{"line":108,"column":5}},"type":"if","locations":[{"start":{"line":106,"column":4},"end":{"line":108,"column":5}},{"start":{},"end":{}}],"line":106},"8":{"loc":{"start":{"line":135,"column":4},"end":{"line":137,"column":5}},"type":"if","locations":[{"start":{"line":135,"column":4},"end":{"line":137,"column":5}},{"start":{},"end":{}}],"line":135},"9":{"loc":{"start":{"line":135,"column":8},"end":{"line":135,"column":46}},"type":"binary-expr","locations":[{"start":{"line":135,"column":8},"end":{"line":135,"column":20}},{"start":{"line":135,"column":24},"end":{"line":135,"column":46}}],"line":135},"10":{"loc":{"start":{"line":144,"column":4},"end":{"line":146,"column":5}},"type":"if","locations":[{"start":{"line":144,"column":4},"end":{"line":146,"column":5}},{"start":{},"end":{}}],"line":144}},"s":{"0":2,"1":2,"2":2,"3":2,"4":2,"5":2,"6":2,"7":2,"8":3,"9":3,"10":3,"11":1,"12":2,"13":2,"14":1,"15":1,"16":1,"17":1,"18":1,"19":0,"20":0,"21":2,"22":4,"23":4,"24":4,"25":4,"26":1,"27":3,"28":3,"29":3,"30":1,"31":2,"32":2,"33":2,"34":0,"35":0,"36":2,"37":0,"38":0,"39":0,"40":0,"41":0,"42":0,"43":0,"44":0,"45":0,"46":0,"47":0,"48":2,"49":0,"50":0,"51":0,"52":0,"53":0,"54":0,"55":0,"56":0,"57":0,"58":0,"59":0,"60":0,"61":0,"62":2,"63":0,"64":0,"65":0,"66":0,"67":0,"68":0,"69":0,"70":0,"71":0,"72":0,"73":0,"74":0,"75":0,"76":2},"f":{"0":3,"1":4,"2":0,"3":0,"4":0},"b":{"0":[1,2],"1":[1,1],"2":[1,0],"3":[1,3],"4":[1,2],"5":[0,0],"6":[0,0],"7":[0,0],"8":[0,0],"9":[0,0],"10":[0,0]},"_coverageSchema":"1a1c01bbd47fc00a2c39e90264f33305004495a9","hash":"16c4cd1fe882dba9ac4656485299f49af753ef7b"}
,"C:\\Users\\baksa\\attendance-system\\backend\\routes\\notifications.js": {"path":"C:\\Users\\baksa\\attendance-system\\backend\\routes\\notifications.js","statementMap":{"0":{"start":{"line":1,"column":16},"end":{"line":1,"column":34}},"1":{"start":{"line":2,"column":15},"end":{"line":2,"column":31}},"2":{"start":{"line":3,"column":13},"end":{"line":3,"column":36}},"3":{"start":{"line":4,"column":12},"end":{"line":4,"column":35}},"4":{"start":{"line":6,"column":20},"end":{"line":16,"column":1}},"5":{"start":{"line":7,"column":16},"end":{"line":7,"column":56}},"6":{"start":{"line":8,"column":2},"end":{"line":8,"column":78}},"7":{"start":{"line":8,"column":14},"end":{"line":8,"column":78}},"8":{"start":{"line":10,"column":2},"end":{"line":15,"column":3}},"9":{"start":{"line":11,"column":4},"end":{"line":11,"column":57}},"10":{"start":{"line":12,"column":4},"end":{"line":12,"column":11}},"11":{"start":{"line":14,"column":4},"end":{"line":14,"column":54}},"12":{"start":{"line":19,"column":0},"end":{"line":35,"column":3}},"13":{"start":{"line":20,"column":2},"end":{"line":34,"column":3}},"14":{"start":{"line":21,"column":4},"end":{"line":23,"column":5}},"15":{"start":{"line":22,"column":6},"end":{"line":22,"column":64}},"16":{"start":{"line":25,"column":19},"end":{"line":28,"column":5}},"17":{"start":{"line":30,"column":4},"end":{"line":30,"column":26}},"18":{"start":{"line":32,"column":4},"end":{"line":32,"column":51}},"19":{"start":{"line":33,"column":4},"end":{"line":33,"column":49}},"20":{"start":{"line":37,"column":0},"end":{"line":37,"column":24}}},"fnMap":{"0":{"name":"(anonymous_0)","decl":{"start":{"line":6,"column":20},"end":{"line":6,"column":21}},"loc":{"start":{"line":6,"column":40},"end":{"line":16,"column":1}},"line":6},"1":{"name":"(anonymous_1)","decl":{"start":{"line":19,"column":37},"end":{"line":19,"column":38}},"loc":{"start":{"line":19,"column":57},"end":{"line":35,"column":1}},"line":19}},"branchMap":{"0":{"loc":{"start":{"line":8,"column":2},"end":{"line":8,"column":78}},"type":"if","locations":[{"start":{"line":8,"column":2},"end":{"line":8,"column":78}},{"start":{},"end":{}}],"line":8},"1":{"loc":{"start":{"line":21,"column":4},"end":{"line":23,"column":5}},"type":"if","locations":[{"start":{"line":21,"column":4},"end":{"line":23,"column":5}},{"start":{},"end":{}}],"line":21},"2":{"loc":{"start":{"line":21,"column":8},"end":{"line":21,"column":81}},"type":"binary-expr","locations":[{"start":{"line":21,"column":8},"end":{"line":21,"column":52}},{"start":{"line":21,"column":56},"end":{"line":21,"column":81}}],"line":21}},"s":{"0":2,"1":2,"2":2,"3":2,"4":2,"5":0,"6":0,"7":0,"8":0,"9":0,"10":0,"11":0,"12":2,"13":0,"14":0,"15":0,"16":0,"17":0,"18":0,"19":0,"20":2},"f":{"0":0,"1":0},"b":{"0":[0,0],"1":[0,0],"2":[0,0]},"_coverageSchema":"1a1c01bbd47fc00a2c39e90264f33305004495a9","hash":"406c0ac2beb9f44a309cc7cee65968ea9c838210"}
,"C:\\Users\\baksa\\attendance-system\\backend\\routes\\ratings.js": {"path":"C:\\Users\\baksa\\attendance-system\\backend\\routes\\ratings.js","statementMap":{"0":{"start":{"line":1,"column":16},"end":{"line":1,"column":34}},"1":{"start":{"line":2,"column":15},"end":{"line":2,"column":31}},"2":{"start":{"line":3,"column":13},"end":{"line":3,"column":36}},"3":{"start":{"line":4,"column":12},"end":{"line":4,"column":35}},"4":{"start":{"line":6,"column":20},"end":{"line":16,"column":1}},"5":{"start":{"line":7,"column":16},"end":{"line":7,"column":56}},"6":{"start":{"line":8,"column":2},"end":{"line":8,"column":78}},"7":{"start":{"line":8,"column":14},"end":{"line":8,"column":78}},"8":{"start":{"line":10,"column":2},"end":{"line":15,"column":3}},"9":{"start":{"line":11,"column":4},"end":{"line":11,"column":57}},"10":{"start":{"line":12,"column":4},"end":{"line":12,"column":11}},"11":{"start":{"line":14,"column":4},"end":{"line":14,"column":54}},"12":{"start":{"line":19,"column":0},"end":{"line":51,"column":3}},"13":{"start":{"line":20,"column":2},"end":{"line":50,"column":3}},"14":{"start":{"line":21,"column":4},"end":{"line":23,"column":5}},"15":{"start":{"line":22,"column":6},"end":{"line":22,"column":75}},"16":{"start":{"line":26,"column":21},"end":{"line":35,"column":6}},"17":{"start":{"line":37,"column":4},"end":{"line":37,"column":30}},"18":{"start":{"line":38,"column":4},"end":{"line":38,"column":88}},"19":{"start":{"line":40,"column":4},"end":{"line":42,"column":5}},"20":{"start":{"line":41,"column":6},"end":{"line":41,"column":102}},"21":{"start":{"line":44,"column":4},"end":{"line":44,"column":31}},"22":{"start":{"line":45,"column":4},"end":{"line":45,"column":70}},"23":{"start":{"line":47,"column":4},"end":{"line":47,"column":33}},"24":{"start":{"line":48,"column":4},"end":{"line":48,"column":45}},"25":{"start":{"line":49,"column":4},"end":{"line":49,"column":49}},"26":{"start":{"line":54,"column":0},"end":{"line":73,"column":3}},"27":{"start":{"line":55,"column":2},"end":{"line":72,"column":3}},"28":{"start":{"line":56,"column":27},"end":{"line":56,"column":36}},"29":{"start":{"line":57,"column":16},"end":{"line":57,"column":95}},"30":{"start":{"line":58,"column":19},"end":{"line":58,"column":21}},"31":{"start":{"line":60,"column":4},"end":{"line":63,"column":5}},"32":{"start":{"line":61,"column":6},"end":{"line":61,"column":57}},"33":{"start":{"line":62,"column":6},"end":{"line":62,"column":30}},"34":{"start":{"line":65,"column":4},"end":{"line":65,"column":53}},"35":{"start":{"line":67,"column":21},"end":{"line":67,"column":52}},"36":{"start":{"line":68,"column":4},"end":{"line":68,"column":19}},"37":{"start":{"line":70,"column":4},"end":{"line":70,"column":45}},"38":{"start":{"line":71,"column":4},"end":{"line":71,"column":49}},"39":{"start":{"line":75,"column":0},"end":{"line":75,"column":24}}},"fnMap":{"0":{"name":"(anonymous_0)","decl":{"start":{"line":6,"column":20},"end":{"line":6,"column":21}},"loc":{"start":{"line":6,"column":40},"end":{"line":16,"column":1}},"line":6},"1":{"name":"(anonymous_1)","decl":{"start":{"line":19,"column":41},"end":{"line":19,"column":42}},"loc":{"start":{"line":19,"column":61},"end":{"line":51,"column":1}},"line":19},"2":{"name":"(anonymous_2)","decl":{"start":{"line":54,"column":29},"end":{"line":54,"column":30}},"loc":{"start":{"line":54,"column":49},"end":{"line":73,"column":1}},"line":54}},"branchMap":{"0":{"loc":{"start":{"line":8,"column":2},"end":{"line":8,"column":78}},"type":"if","locations":[{"start":{"line":8,"column":2},"end":{"line":8,"column":78}},{"start":{},"end":{}}],"line":8},"1":{"loc":{"start":{"line":21,"column":4},"end":{"line":23,"column":5}},"type":"if","locations":[{"start":{"line":21,"column":4},"end":{"line":23,"column":5}},{"start":{},"end":{}}],"line":21},"2":{"loc":{"start":{"line":60,"column":4},"end":{"line":63,"column":5}},"type":"if","locations":[{"start":{"line":60,"column":4},"end":{"line":63,"column":5}},{"start":{},"end":{}}],"line":60}},"s":{"0":2,"1":2,"2":2,"3":2,"4":2,"5":0,"6":0,"7":0,"8":0,"9":0,"10":0,"11":0,"12":2,"13":0,"14":0,"15":0,"16":0,"17":0,"18":0,"19":0,"20":0,"21":0,"22":0,"23":0,"24":0,"25":0,"26":2,"27":0,"28":0,"29":0,"30":0,"31":0,"32":0,"33":0,"34":0,"35":0,"36":0,"37":0,"38":0,"39":2},"f":{"0":0,"1":0,"2":0},"b":{"0":[0,0],"1":[0,0],"2":[0,0]},"_coverageSchema":"1a1c01bbd47fc00a2c39e90264f33305004495a9","hash":"42c4d73d9079927b566b5414ce6ef60249908952"}
,"C:\\Users\\baksa\\attendance-system\\backend\\routes\\reports.js": {"path":"C:\\Users\\baksa\\attendance-system\\backend\\routes\\reports.js","statementMap":{"0":{"start":{"line":1,"column":16},"end":{"line":1,"column":34}},"1":{"start":{"line":2,"column":15},"end":{"line":2,"column":31}},"2":{"start":{"line":3,"column":13},"end":{"line":3,"column":36}},"3":{"start":{"line":4,"column":12},"end":{"line":4,"column":35}},"4":{"start":{"line":5,"column":39},"end":{"line":5,"column":65}},"5":{"start":{"line":8,"column":20},"end":{"line":23,"column":1}},"6":{"start":{"line":9,"column":16},"end":{"line":9,"column":56}},"7":{"start":{"line":10,"column":2},"end":{"line":13,"column":3}},"8":{"start":{"line":11,"column":4},"end":{"line":11,"column":40}},"9":{"start":{"line":12,"column":4},"end":{"line":12,"column":68}},"10":{"start":{"line":15,"column":2},"end":{"line":22,"column":3}},"11":{"start":{"line":16,"column":4},"end":{"line":16,"column":57}},"12":{"start":{"line":17,"column":4},"end":{"line":17,"column":81}},"13":{"start":{"line":18,"column":4},"end":{"line":18,"column":11}},"14":{"start":{"line":20,"column":4},"end":{"line":20,"column":51}},"15":{"start":{"line":21,"column":4},"end":{"line":21,"column":54}},"16":{"start":{"line":26,"column":0},"end":{"line":94,"column":3}},"17":{"start":{"line":27,"column":2},"end":{"line":93,"column":3}},"18":{"start":{"line":28,"column":4},"end":{"line":28,"column":82}},"19":{"start":{"line":29,"column":4},"end":{"line":29,"column":44}},"20":{"start":{"line":31,"column":39},"end":{"line":31,"column":48}},"21":{"start":{"line":32,"column":22},"end":{"line":32,"column":24}},"22":{"start":{"line":33,"column":19},"end":{"line":33,"column":21}},"23":{"start":{"line":36,"column":4},"end":{"line":52,"column":5}},"24":{"start":{"line":37,"column":6},"end":{"line":37,"column":38}},"25":{"start":{"line":38,"column":6},"end":{"line":38,"column":31}},"26":{"start":{"line":39,"column":6},"end":{"line":39,"column":57}},"27":{"start":{"line":40,"column":11},"end":{"line":52,"column":5}},"28":{"start":{"line":42,"column":6},"end":{"line":42,"column":46}},"29":{"start":{"line":43,"column":6},"end":{"line":43,"column":30}},"30":{"start":{"line":44,"column":6},"end":{"line":44,"column":61}},"31":{"start":{"line":45,"column":11},"end":{"line":52,"column":5}},"32":{"start":{"line":47,"column":6},"end":{"line":47,"column":38}},"33":{"start":{"line":48,"column":6},"end":{"line":48,"column":30}},"34":{"start":{"line":49,"column":6},"end":{"line":49,"column":68}},"35":{"start":{"line":51,"column":6},"end":{"line":51,"column":69}},"36":{"start":{"line":54,"column":18},"end":{"line":74,"column":5}},"37":{"start":{"line":76,"column":4},"end":{"line":76,"column":37}},"38":{"start":{"line":77,"column":4},"end":{"line":77,"column":35}},"39":{"start":{"line":79,"column":19},"end":{"line":79,"column":50}},"40":{"start":{"line":81,"column":4},"end":{"line":81,"column":60}},"41":{"start":{"line":82,"column":4},"end":{"line":84,"column":5}},"42":{"start":{"line":83,"column":6},"end":{"line":83,"column":52}},"43":{"start":{"line":86,"column":4},"end":{"line":86,"column":26}},"44":{"start":{"line":88,"column":4},"end":{"line":88,"column":44}},"45":{"start":{"line":89,"column":4},"end":{"line":92,"column":7}},"46":{"start":{"line":97,"column":0},"end":{"line":104,"column":3}},"47":{"start":{"line":98,"column":2},"end":{"line":103,"column":3}},"48":{"start":{"line":99,"column":4},"end":{"line":99,"column":51}},"49":{"start":{"line":101,"column":4},"end":{"line":101,"column":46}},"50":{"start":{"line":102,"column":4},"end":{"line":102,"column":63}},"51":{"start":{"line":107,"column":0},"end":{"line":114,"column":3}},"52":{"start":{"line":108,"column":2},"end":{"line":113,"column":3}},"53":{"start":{"line":109,"column":4},"end":{"line":109,"column":49}},"54":{"start":{"line":111,"column":4},"end":{"line":111,"column":44}},"55":{"start":{"line":112,"column":4},"end":{"line":112,"column":61}},"56":{"start":{"line":116,"column":0},"end":{"line":116,"column":24}}},"fnMap":{"0":{"name":"(anonymous_0)","decl":{"start":{"line":8,"column":20},"end":{"line":8,"column":21}},"loc":{"start":{"line":8,"column":40},"end":{"line":23,"column":1}},"line":8},"1":{"name":"(anonymous_1)","decl":{"start":{"line":26,"column":47},"end":{"line":26,"column":48}},"loc":{"start":{"line":26,"column":67},"end":{"line":94,"column":1}},"line":26},"2":{"name":"(anonymous_2)","decl":{"start":{"line":97,"column":41},"end":{"line":97,"column":42}},"loc":{"start":{"line":97,"column":61},"end":{"line":104,"column":1}},"line":97},"3":{"name":"(anonymous_3)","decl":{"start":{"line":107,"column":39},"end":{"line":107,"column":40}},"loc":{"start":{"line":107,"column":59},"end":{"line":114,"column":1}},"line":107}},"branchMap":{"0":{"loc":{"start":{"line":10,"column":2},"end":{"line":13,"column":3}},"type":"if","locations":[{"start":{"line":10,"column":2},"end":{"line":13,"column":3}},{"start":{},"end":{}}],"line":10},"1":{"loc":{"start":{"line":36,"column":4},"end":{"line":52,"column":5}},"type":"if","locations":[{"start":{"line":36,"column":4},"end":{"line":52,"column":5}},{"start":{"line":40,"column":11},"end":{"line":52,"column":5}}],"line":36},"2":{"loc":{"start":{"line":40,"column":11},"end":{"line":52,"column":5}},"type":"if","locations":[{"start":{"line":40,"column":11},"end":{"line":52,"column":5}},{"start":{"line":45,"column":11},"end":{"line":52,"column":5}}],"line":40},"3":{"loc":{"start":{"line":45,"column":11},"end":{"line":52,"column":5}},"type":"if","locations":[{"start":{"line":45,"column":11},"end":{"line":52,"column":5}},{"start":{"line":50,"column":11},"end":{"line":52,"column":5}}],"line":45},"4":{"loc":{"start":{"line":82,"column":4},"end":{"line":84,"column":5}},"type":"if","locations":[{"start":{"line":82,"column":4},"end":{"line":84,"column":5}},{"start":{},"end":{}}],"line":82}},"s":{"0":2,"1":2,"2":2,"3":2,"4":2,"5":2,"6":4,"7":4,"8":0,"9":0,"10":4,"11":4,"12":4,"13":4,"14":0,"15":0,"16":2,"17":2,"18":2,"19":2,"20":2,"21":2,"22":2,"23":2,"24":0,"25":0,"26":0,"27":2,"28":1,"29":1,"30":1,"31":1,"32":0,"33":0,"34":0,"35":1,"36":2,"37":2,"38":2,"39":2,"40":2,"41":2,"42":2,"43":2,"44":0,"45":0,"46":2,"47":1,"48":1,"49":0,"50":0,"51":2,"52":1,"53":1,"54":0,"55":0,"56":2},"f":{"0":4,"1":2,"2":1,"3":1},"b":{"0":[0,4],"1":[0,2],"2":[1,1],"3":[0,1],"4":[2,0]},"_coverageSchema":"1a1c01bbd47fc00a2c39e90264f33305004495a9","hash":"b44b391b69b2e7fa15fd109c3a40673e9dac1f44"}
,"C:\\Users\\baksa\\attendance-system\\backend\\routes\\schedule.js": {"path":"C:\\Users\\baksa\\attendance-system\\backend\\routes\\schedule.js","statementMap":{"0":{"start":{"line":1,"column":16},"end":{"line":1,"column":34}},"1":{"start":{"line":2,"column":15},"end":{"line":2,"column":31}},"2":{"start":{"line":3,"column":13},"end":{"line":3,"column":36}},"3":{"start":{"line":4,"column":12},"end":{"line":4,"column":35}},"4":{"start":{"line":5,"column":22},"end":{"line":5,"column":48}},"5":{"start":{"line":7,"column":20},"end":{"line":17,"column":1}},"6":{"start":{"line":8,"column":16},"end":{"line":8,"column":56}},"7":{"start":{"line":9,"column":2},"end":{"line":9,"column":78}},"8":{"start":{"line":9,"column":14},"end":{"line":9,"column":78}},"9":{"start":{"line":11,"column":2},"end":{"line":16,"column":3}},"10":{"start":{"line":12,"column":4},"end":{"line":12,"column":57}},"11":{"start":{"line":13,"column":4},"end":{"line":13,"column":11}},"12":{"start":{"line":15,"column":4},"end":{"line":15,"column":54}},"13":{"start":{"line":20,"column":0},"end":{"line":56,"column":3}},"14":{"start":{"line":21,"column":2},"end":{"line":55,"column":3}},"15":{"start":{"line":22,"column":39},"end":{"line":22,"column":48}},"16":{"start":{"line":23,"column":16},"end":{"line":23,"column":120}},"17":{"start":{"line":24,"column":19},"end":{"line":24,"column":21}},"18":{"start":{"line":27,"column":4},"end":{"line":47,"column":5}},"19":{"start":{"line":29,"column":20},"end":{"line":29,"column":53}},"20":{"start":{"line":30,"column":6},"end":{"line":35,"column":7}},"21":{"start":{"line":31,"column":8},"end":{"line":31,"column":27}},"22":{"start":{"line":32,"column":8},"end":{"line":32,"column":57}},"23":{"start":{"line":34,"column":8},"end":{"line":34,"column":30}},"24":{"start":{"line":39,"column":6},"end":{"line":42,"column":7}},"25":{"start":{"line":40,"column":8},"end":{"line":40,"column":32}},"26":{"start":{"line":41,"column":8},"end":{"line":41,"column":57}},"27":{"start":{"line":43,"column":6},"end":{"line":46,"column":7}},"28":{"start":{"line":44,"column":8},"end":{"line":44,"column":32}},"29":{"start":{"line":45,"column":8},"end":{"line":45,"column":57}},"30":{"start":{"line":49,"column":4},"end":{"line":49,"column":52}},"31":{"start":{"line":50,"column":19},"end":{"line":50,"column":50}},"32":{"start":{"line":51,"column":4},"end":{"line":51,"column":26}},"33":{"start":{"line":53,"column":4},"end":{"line":53,"column":46}},"34":{"start":{"line":54,"column":4},"end":{"line":54,"column":54}},"35":{"start":{"line":59,"column":0},"end":{"line":80,"column":3}},"36":{"start":{"line":60,"column":2},"end":{"line":79,"column":3}},"37":{"start":{"line":61,"column":4},"end":{"line":63,"column":5}},"38":{"start":{"line":62,"column":6},"end":{"line":62,"column":64}},"39":{"start":{"line":65,"column":78},"end":{"line":65,"column":86}},"40":{"start":{"line":67,"column":19},"end":{"line":72,"column":5}},"41":{"start":{"line":74,"column":4},"end":{"line":74,"column":89}},"42":{"start":{"line":75,"column":4},"end":{"line":75,"column":41}},"43":{"start":{"line":77,"column":4},"end":{"line":77,"column":49}},"44":{"start":{"line":78,"column":4},"end":{"line":78,"column":54}},"45":{"start":{"line":83,"column":0},"end":{"line":124,"column":3}},"46":{"start":{"line":84,"column":2},"end":{"line":123,"column":3}},"47":{"start":{"line":85,"column":4},"end":{"line":87,"column":5}},"48":{"start":{"line":86,"column":6},"end":{"line":86,"column":64}},"49":{"start":{"line":89,"column":18},"end":{"line":92,"column":5}},"50":{"start":{"line":94,"column":4},"end":{"line":96,"column":5}},"51":{"start":{"line":95,"column":6},"end":{"line":95,"column":67}},"52":{"start":{"line":98,"column":41},"end":{"line":98,"column":54}},"53":{"start":{"line":99,"column":18},"end":{"line":99,"column":56}},"54":{"start":{"line":101,"column":21},"end":{"line":112,"column":5}},"55":{"start":{"line":114,"column":4},"end":{"line":119,"column":7}},"56":{"start":{"line":121,"column":4},"end":{"line":121,"column":46}},"57":{"start":{"line":122,"column":4},"end":{"line":122,"column":54}},"58":{"start":{"line":127,"column":0},"end":{"line":195,"column":3}},"59":{"start":{"line":128,"column":2},"end":{"line":194,"column":3}},"60":{"start":{"line":129,"column":4},"end":{"line":131,"column":5}},"61":{"start":{"line":130,"column":6},"end":{"line":130,"column":64}},"62":{"start":{"line":133,"column":25},"end":{"line":133,"column":33}},"63":{"start":{"line":134,"column":4},"end":{"line":136,"column":5}},"64":{"start":{"line":135,"column":6},"end":{"line":135,"column":74}},"65":{"start":{"line":138,"column":17},"end":{"line":138,"column":55}},"66":{"start":{"line":139,"column":22},"end":{"line":139,"column":33}},"67":{"start":{"line":140,"column":20},"end":{"line":140,"column":22}},"68":{"start":{"line":141,"column":19},"end":{"line":141,"column":21}},"69":{"start":{"line":143,"column":19},"end":{"line":143,"column":39}},"70":{"start":{"line":145,"column":4},"end":{"line":179,"column":5}},"71":{"start":{"line":146,"column":6},"end":{"line":146,"column":34}},"72":{"start":{"line":148,"column":6},"end":{"line":171,"column":7}},"73":{"start":{"line":149,"column":8},"end":{"line":170,"column":9}},"74":{"start":{"line":150,"column":10},"end":{"line":150,"column":63}},"75":{"start":{"line":150,"column":54},"end":{"line":150,"column":63}},"76":{"start":{"line":152,"column":25},"end":{"line":163,"column":11}},"77":{"start":{"line":165,"column":10},"end":{"line":167,"column":11}},"78":{"start":{"line":166,"column":12},"end":{"line":166,"column":41}},"79":{"start":{"line":169,"column":10},"end":{"line":169,"column":76}},"80":{"start":{"line":173,"column":6},"end":{"line":173,"column":35}},"81":{"start":{"line":175,"column":6},"end":{"line":175,"column":37}},"82":{"start":{"line":176,"column":6},"end":{"line":176,"column":14}},"83":{"start":{"line":178,"column":6},"end":{"line":178,"column":23}},"84":{"start":{"line":181,"column":4},"end":{"line":183,"column":5}},"85":{"start":{"line":182,"column":6},"end":{"line":182,"column":102}},"86":{"start":{"line":185,"column":4},"end":{"line":185,"column":102}},"87":{"start":{"line":186,"column":4},"end":{"line":190,"column":7}},"88":{"start":{"line":192,"column":4},"end":{"line":192,"column":49}},"89":{"start":{"line":193,"column":4},"end":{"line":193,"column":54}},"90":{"start":{"line":197,"column":0},"end":{"line":197,"column":24}}},"fnMap":{"0":{"name":"(anonymous_0)","decl":{"start":{"line":7,"column":20},"end":{"line":7,"column":21}},"loc":{"start":{"line":7,"column":40},"end":{"line":17,"column":1}},"line":7},"1":{"name":"(anonymous_1)","decl":{"start":{"line":20,"column":29},"end":{"line":20,"column":30}},"loc":{"start":{"line":20,"column":49},"end":{"line":56,"column":1}},"line":20},"2":{"name":"(anonymous_2)","decl":{"start":{"line":59,"column":30},"end":{"line":59,"column":31}},"loc":{"start":{"line":59,"column":50},"end":{"line":80,"column":1}},"line":59},"3":{"name":"(anonymous_3)","decl":{"start":{"line":83,"column":49},"end":{"line":83,"column":50}},"loc":{"start":{"line":83,"column":69},"end":{"line":124,"column":1}},"line":83},"4":{"name":"(anonymous_4)","decl":{"start":{"line":127,"column":52},"end":{"line":127,"column":53}},"loc":{"start":{"line":127,"column":72},"end":{"line":195,"column":1}},"line":127}},"branchMap":{"0":{"loc":{"start":{"line":9,"column":2},"end":{"line":9,"column":78}},"type":"if","locations":[{"start":{"line":9,"column":2},"end":{"line":9,"column":78}},{"start":{},"end":{}}],"line":9},"1":{"loc":{"start":{"line":27,"column":4},"end":{"line":47,"column":5}},"type":"if","locations":[{"start":{"line":27,"column":4},"end":{"line":47,"column":5}},{"start":{"line":36,"column":11},"end":{"line":47,"column":5}}],"line":27},"2":{"loc":{"start":{"line":29,"column":20},"end":{"line":29,"column":53}},"type":"binary-expr","locations":[{"start":{"line":29,"column":20},"end":{"line":29,"column":39}},{"start":{"line":29,"column":43},"end":{"line":29,"column":53}}],"line":29},"3":{"loc":{"start":{"line":30,"column":6},"end":{"line":35,"column":7}},"type":"if","locations":[{"start":{"line":30,"column":6},"end":{"line":35,"column":7}},{"start":{"line":33,"column":13},"end":{"line":35,"column":7}}],"line":30},"4":{"loc":{"start":{"line":39,"column":6},"end":{"line":42,"column":7}},"type":"if","locations":[{"start":{"line":39,"column":6},"end":{"line":42,"column":7}},{"start":{},"end":{}}],"line":39},"5":{"loc":{"start":{"line":43,"column":6},"end":{"line":46,"column":7}},"type":"if","locations":[{"start":{"line":43,"column":6},"end":{"line":46,"column":7}},{"start":{},"end":{}}],"line":43},"6":{"loc":{"start":{"line":61,"column":4},"end":{"line":63,"column":5}},"type":"if","locations":[{"start":{"line":61,"column":4},"end":{"line":63,"column":5}},{"start":{},"end":{}}],"line":61},"7":{"loc":{"start":{"line":61,"column":8},"end":{"line":61,"column":64}},"type":"binary-expr","locations":[{"start":{"line":61,"column":8},"end":{"line":61,"column":35}},{"start":{"line":61,"column":39},"end":{"line":61,"column":64}}],"line":61},"8":{"loc":{"start":{"line":71,"column":70},"end":{"line":71,"column":89}},"type":"binary-expr","locations":[{"start":{"line":71,"column":70},"end":{"line":71,"column":81}},{"start":{"line":71,"column":85},"end":{"line":71,"column":89}}],"line":71},"9":{"loc":{"start":{"line":85,"column":4},"end":{"line":87,"column":5}},"type":"if","locations":[{"start":{"line":85,"column":4},"end":{"line":87,"column":5}},{"start":{},"end":{}}],"line":85},"10":{"loc":{"start":{"line":85,"column":8},"end":{"line":85,"column":64}},"type":"binary-expr","locations":[{"start":{"line":85,"column":8},"end":{"line":85,"column":35}},{"start":{"line":85,"column":39},"end":{"line":85,"column":64}}],"line":85},"11":{"loc":{"start":{"line":94,"column":4},"end":{"line":96,"column":5}},"type":"if","locations":[{"start":{"line":94,"column":4},"end":{"line":96,"column":5}},{"start":{},"end":{}}],"line":94},"12":{"loc":{"start":{"line":129,"column":4},"end":{"line":131,"column":5}},"type":"if","locations":[{"start":{"line":129,"column":4},"end":{"line":131,"column":5}},{"start":{},"end":{}}],"line":129},"13":{"loc":{"start":{"line":129,"column":8},"end":{"line":129,"column":64}},"type":"binary-expr","locations":[{"start":{"line":129,"column":8},"end":{"line":129,"column":35}},{"start":{"line":129,"column":39},"end":{"line":129,"column":64}}],"line":129},"14":{"loc":{"start":{"line":134,"column":4},"end":{"line":136,"column":5}},"type":"if","locations":[{"start":{"line":134,"column":4},"end":{"line":136,"column":5}},{"start":{},"end":{}}],"line":134},"15":{"loc":{"start":{"line":134,"column":8},"end":{"line":134,"column":70}},"type":"binary-expr","locations":[{"start":{"line":134,"column":8},"end":{"line":134,"column":17}},{"start":{"line":134,"column":21},"end":{"line":134,"column":45}},{"start":{"line":134,"column":49},"end":{"line":134,"column":70}}],"line":134},"16":{"loc":{"start":{"line":150,"column":10},"end":{"line":150,"column":63}},"type":"if","locations":[{"start":{"line":150,"column":10},"end":{"line":150,"column":63}},{"start":{},"end":{}}],"line":150},"17":{"loc":{"start":{"line":150,"column":14},"end":{"line":150,"column":52}},"type":"binary-expr","locations":[{"start":{"line":150,"column":14},"end":{"line":150,"column":33}},{"start":{"line":150,"column":37},"end":{"line":150,"column":52}}],"line":150},"18":{"loc":{"start":{"line":162,"column":55},"end":{"line":162,"column":76}},"type":"binary-expr","locations":[{"start":{"line":162,"column":55},"end":{"line":162,"column":68}},{"start":{"line":162,"column":72},"end":{"line":162,"column":76}}],"line":162},"19":{"loc":{"start":{"line":165,"column":10},"end":{"line":167,"column":11}},"type":"if","locations":[{"start":{"line":165,"column":10},"end":{"line":167,"column":11}},{"start":{},"end":{}}],"line":165},"20":{"loc":{"start":{"line":181,"column":4},"end":{"line":183,"column":5}},"type":"if","locations":[{"start":{"line":181,"column":4},"end":{"line":183,"column":5}},{"start":{},"end":{}}],"line":181},"21":{"loc":{"start":{"line":189,"column":14},"end":{"line":189,"column":52}},"type":"cond-expr","locations":[{"start":{"line":189,"column":34},"end":{"line":189,"column":40}},{"start":{"line":189,"column":43},"end":{"line":189,"column":52}}],"line":189}},"s":{"0":2,"1":2,"2":2,"3":2,"4":2,"5":2,"6":0,"7":0,"8":0,"9":0,"10":0,"11":0,"12":0,"13":2,"14":0,"15":0,"16":0,"17":0,"18":0,"19":0,"20":0,"21":0,"22":0,"23":0,"24":0,"25":0,"26":0,"27":0,"28":0,"29":0,"30":0,"31":0,"32":0,"33":0,"34":0,"35":2,"36":0,"37":0,"38":0,"39":0,"40":0,"41":0,"42":0,"43":0,"44":0,"45":2,"46":0,"47":0,"48":0,"49":0,"50":0,"51":0,"52":0,"53":0,"54":0,"55":0,"56":0,"57":0,"58":2,"59":0,"60":0,"61":0,"62":0,"63":0,"64":0,"65":0,"66":0,"67":0,"68":0,"69":0,"70":0,"71":0,"72":0,"73":0,"74":0,"75":0,"76":0,"77":0,"78":0,"79":0,"80":0,"81":0,"82":0,"83":0,"84":0,"85":0,"86":0,"87":0,"88":0,"89":0,"90":2},"f":{"0":0,"1":0,"2":0,"3":0,"4":0},"b":{"0":[0,0],"1":[0,0],"2":[0,0],"3":[0,0],"4":[0,0],"5":[0,0],"6":[0,0],"7":[0,0],"8":[0,0],"9":[0,0],"10":[0,0],"11":[0,0],"12":[0,0],"13":[0,0],"14":[0,0],"15":[0,0,0],"16":[0,0],"17":[0,0],"18":[0,0],"19":[0,0],"20":[0,0],"21":[0,0]},"_coverageSchema":"1a1c01bbd47fc00a2c39e90264f33305004495a9","hash":"92c68c21dc352fe16cfa450c32c792682bec891d"}
,"C:\\Users\\baksa\\attendance-system\\backend\\utils\\export.js": {"path":"C:\\Users\\baksa\\attendance-system\\backend\\utils\\export.js","statementMap":{"0":{"start":{"line":1,"column":16},"end":{"line":1,"column":34}},"1":{"start":{"line":2,"column":20},"end":{"line":2,"column":37}},"2":{"start":{"line":3,"column":13},"end":{"line":3,"column":36}},"3":{"start":{"line":6,"column":14},"end":{"line":11,"column":3}},"4":{"start":{"line":12,"column":17},"end":{"line":12,"column":19}},"5":{"start":{"line":14,"column":2},"end":{"line":17,"column":3}},"6":{"start":{"line":15,"column":4},"end":{"line":15,"column":57}},"7":{"start":{"line":16,"column":4},"end":{"line":16,"column":25}},"8":{"start":{"line":19,"column":2},"end":{"line":19,"column":49}},"9":{"start":{"line":21,"column":19},"end":{"line":21,"column":50}},"10":{"start":{"line":22,"column":2},"end":{"line":22,"column":14}},"11":{"start":{"line":25,"column":0},"end":{"line":90,"column":2}},"12":{"start":{"line":27,"column":17},"end":{"line":27,"column":49}},"13":{"start":{"line":28,"column":21},"end":{"line":28,"column":43}},"14":{"start":{"line":29,"column":18},"end":{"line":29,"column":55}},"15":{"start":{"line":31,"column":4},"end":{"line":36,"column":6}},"16":{"start":{"line":38,"column":4},"end":{"line":41,"column":9}},"17":{"start":{"line":38,"column":35},"end":{"line":41,"column":5}},"18":{"start":{"line":43,"column":4},"end":{"line":43,"column":103}},"19":{"start":{"line":44,"column":4},"end":{"line":44,"column":123}},"20":{"start":{"line":46,"column":4},"end":{"line":46,"column":35}},"21":{"start":{"line":47,"column":4},"end":{"line":47,"column":14}},"22":{"start":{"line":51,"column":17},"end":{"line":51,"column":49}},"23":{"start":{"line":52,"column":16},"end":{"line":52,"column":59}},"24":{"start":{"line":54,"column":4},"end":{"line":54,"column":53}},"25":{"start":{"line":55,"column":4},"end":{"line":55,"column":122}},"26":{"start":{"line":57,"column":4},"end":{"line":57,"column":18}},"27":{"start":{"line":59,"column":4},"end":{"line":59,"column":95}},"28":{"start":{"line":60,"column":4},"end":{"line":60,"column":116}},"29":{"start":{"line":61,"column":4},"end":{"line":61,"column":69}},"30":{"start":{"line":61,"column":17},"end":{"line":61,"column":69}},"31":{"start":{"line":62,"column":4},"end":{"line":62,"column":20}},"32":{"start":{"line":64,"column":19},"end":{"line":64,"column":24}},"33":{"start":{"line":65,"column":4},"end":{"line":65,"column":31}},"34":{"start":{"line":66,"column":4},"end":{"line":66,"column":32}},"35":{"start":{"line":67,"column":4},"end":{"line":67,"column":36}},"36":{"start":{"line":68,"column":4},"end":{"line":68,"column":34}},"37":{"start":{"line":69,"column":4},"end":{"line":69,"column":36}},"38":{"start":{"line":71,"column":4},"end":{"line":71,"column":66}},"39":{"start":{"line":73,"column":4},"end":{"line":73,"column":26}},"40":{"start":{"line":74,"column":12},"end":{"line":74,"column":23}},"41":{"start":{"line":76,"column":4},"end":{"line":86,"column":7}},"42":{"start":{"line":77,"column":6},"end":{"line":77,"column":45}},"43":{"start":{"line":77,"column":21},"end":{"line":77,"column":35}},"44":{"start":{"line":77,"column":36},"end":{"line":77,"column":43}},"45":{"start":{"line":79,"column":6},"end":{"line":79,"column":53}},"46":{"start":{"line":80,"column":6},"end":{"line":80,"column":61}},"47":{"start":{"line":81,"column":6},"end":{"line":81,"column":86}},"48":{"start":{"line":82,"column":6},"end":{"line":82,"column":50}},"49":{"start":{"line":84,"column":6},"end":{"line":84,"column":14}},"50":{"start":{"line":85,"column":6},"end":{"line":85,"column":48}},"51":{"start":{"line":88,"column":4},"end":{"line":88,"column":14}}},"fnMap":{"0":{"name":"getAttendanceData","decl":{"start":{"line":5,"column":15},"end":{"line":5,"column":32}},"loc":{"start":{"line":5,"column":49},"end":{"line":23,"column":1}},"line":5},"1":{"name":"(anonymous_1)","decl":{"start":{"line":26,"column":2},"end":{"line":26,"column":3}},"loc":{"start":{"line":26,"column":43},"end":{"line":48,"column":3}},"line":26},"2":{"name":"(anonymous_2)","decl":{"start":{"line":38,"column":27},"end":{"line":38,"column":28}},"loc":{"start":{"line":38,"column":35},"end":{"line":41,"column":5}},"line":38},"3":{"name":"(anonymous_3)","decl":{"start":{"line":50,"column":2},"end":{"line":50,"column":3}},"loc":{"start":{"line":50,"column":41},"end":{"line":89,"column":3}},"line":50},"4":{"name":"(anonymous_4)","decl":{"start":{"line":76,"column":17},"end":{"line":76,"column":18}},"loc":{"start":{"line":76,"column":24},"end":{"line":86,"column":5}},"line":76}},"branchMap":{"0":{"loc":{"start":{"line":5,"column":33},"end":{"line":5,"column":47}},"type":"default-arg","locations":[{"start":{"line":5,"column":43},"end":{"line":5,"column":47}}],"line":5},"1":{"loc":{"start":{"line":14,"column":2},"end":{"line":17,"column":3}},"type":"if","locations":[{"start":{"line":14,"column":2},"end":{"line":17,"column":3}},{"start":{},"end":{}}],"line":14},"2":{"loc":{"start":{"line":26,"column":27},"end":{"line":26,"column":41}},"type":"default-arg","locations":[{"start":{"line":26,"column":37},"end":{"line":26,"column":41}}],"line":26},"3":{"loc":{"start":{"line":50,"column":25},"end":{"line":50,"column":39}},"type":"default-arg","locations":[{"start":{"line":50,"column":35},"end":{"line":50,"column":39}}],"line":50},"4":{"loc":{"start":{"line":61,"column":4},"end":{"line":61,"column":69}},"type":"if","locations":[{"start":{"line":61,"column":4},"end":{"line":61,"column":69}},{"start":{},"end":{}}],"line":61},"5":{"loc":{"start":{"line":77,"column":6},"end":{"line":77,"column":45}},"type":"if","locations":[{"start":{"line":77,"column":6},"end":{"line":77,"column":45}},{"start":{},"end":{}}],"line":77},"6":{"loc":{"start":{"line":80,"column":15},"end":{"line":80,"column":36}},"type":"binary-expr","locations":[{"start":{"line":80,"column":15},"end":{"line":80,"column":29}},{"start":{"line":80,"column":33},"end":{"line":80,"column":36}}],"line":80}},"s":{"0":2,"1":2,"2":2,"3":2,"4":2,"5":2,"6":0,"7":0,"8":2,"9":2,"10":2,"11":2,"12":1,"13":1,"14":1,"15":1,"16":1,"17":43,"18":1,"19":1,"20":1,"21":1,"22":1,"23":1,"24":1,"25":1,"26":1,"27":1,"28":1,"29":1,"30":0,"31":1,"32":1,"33":1,"34":1,"35":1,"36":1,"37":1,"38":1,"39":1,"40":1,"41":1,"42":43,"43":1,"44":1,"45":43,"46":43,"47":43,"48":43,"49":43,"50":43,"51":1},"f":{"0":2,"1":1,"2":43,"3":1,"4":43},"b":{"0":[0],"1":[0,2],"2":[1],"3":[1],"4":[0,1],"5":[1,42],"6":[43,0]},"_coverageSchema":"1a1c01bbd47fc00a2c39e90264f33305004495a9","hash":"32caec5f5848d54f0966a87e0a8c0e3fa7724e5a"}
,"C:\\Users\\baksa\\attendance-system\\backend\\utils\\logger.js": {"path":"C:\\Users\\baksa\\attendance-system\\backend\\utils\\logger.js","statementMap":{"0":{"start":{"line":1,"column":13},"end":{"line":1,"column":36}},"1":{"start":{"line":4,"column":2},"end":{"line":12,"column":3}},"2":{"start":{"line":5,"column":4},"end":{"line":9,"column":6}},"3":{"start":{"line":11,"column":4},"end":{"line":11,"column":43}},"4":{"start":{"line":15,"column":0},"end":{"line":15,"column":31}}},"fnMap":{"0":{"name":"logAction","decl":{"start":{"line":3,"column":15},"end":{"line":3,"column":24}},"loc":{"start":{"line":3,"column":79},"end":{"line":13,"column":1}},"line":3}},"branchMap":{"0":{"loc":{"start":{"line":3,"column":61},"end":{"line":3,"column":77}},"type":"default-arg","locations":[{"start":{"line":3,"column":73},"end":{"line":3,"column":77}}],"line":3}},"s":{"0":2,"1":3,"2":3,"3":0,"4":2},"f":{"0":3},"b":{"0":[3]},"_coverageSchema":"1a1c01bbd47fc00a2c39e90264f33305004495a9","hash":"011d9207851eff50ce5c35b47de95206626b0cf9"}
}
