TN:
SF:server.js
FN:43,(anonymous_0)
FN:52,(anonymous_1)
FN:59,(anonymous_2)
FN:70,(anonymous_3)
FNF:4
FNH:1
FNDA:0,(anonymous_0)
FNDA:0,(anonymous_1)
FNDA:1,(anonymous_2)
FNDA:0,(anonymous_3)
DA:1,2
DA:2,2
DA:3,2
DA:4,2
DA:5,2
DA:6,2
DA:7,2
DA:8,2
DA:10,2
DA:13,2
DA:14,2
DA:20,2
DA:21,2
DA:22,2
DA:25,2
DA:26,2
DA:27,2
DA:28,2
DA:30,2
DA:31,2
DA:34,2
DA:35,2
DA:36,2
DA:37,2
DA:38,2
DA:39,2
DA:40,2
DA:43,2
DA:44,0
DA:52,2
DA:53,0
DA:54,0
DA:58,2
DA:59,2
DA:60,1
DA:61,1
DA:62,1
DA:65,2
DA:68,2
DA:69,0
DA:70,0
DA:71,0
DA:72,0
DA:73,0
LF:44
LH:36
BRDA:58,0,0,2
BRDA:58,0,1,0
BRDA:68,1,0,0
BRDA:68,1,1,2
BRDA:69,2,0,0
BRDA:69,2,1,0
BRF:6
BRH:2
end_of_record
TN:
SF:config\db.js
FN:12,(anonymous_0)
FN:13,(anonymous_1)
FNF:2
FNH:1
FNDA:2,(anonymous_0)
FNDA:0,(anonymous_1)
DA:1,2
DA:2,2
DA:4,2
DA:12,2
DA:13,2
DA:15,2
LF:6
LH:6
BRF:0
BRH:0
end_of_record
TN:
SF:routes\admin.js
FN:8,(anonymous_0)
FN:25,(anonymous_1)
FNF:2
FNH:0
FNDA:0,(anonymous_0)
FNDA:0,(anonymous_1)
DA:1,2
DA:2,2
DA:3,2
DA:4,2
DA:5,2
DA:6,2
DA:8,2
DA:9,0
DA:10,0
DA:12,0
DA:13,0
DA:14,0
DA:15,0
DA:17,0
DA:18,0
DA:20,0
DA:25,2
DA:26,0
DA:27,0
DA:29,0
DA:30,0
DA:33,0
DA:34,0
DA:35,0
DA:38,0
DA:39,0
DA:44,0
DA:45,0
DA:47,0
DA:48,0
DA:52,2
LF:31
LH:9
BRDA:10,0,0,0
BRDA:10,0,1,0
BRDA:14,1,0,0
BRDA:14,1,1,0
BRDA:29,2,0,0
BRDA:29,2,1,0
BRDA:34,3,0,0
BRDA:34,3,1,0
BRDA:41,4,0,0
BRDA:41,4,1,0
BRF:10
BRH:0
end_of_record
TN:
SF:routes\attendance.js
FN:7,(anonymous_0)
FN:20,(anonymous_1)
FN:63,(anonymous_2)
FNF:3
FNH:0
FNDA:0,(anonymous_0)
FNDA:0,(anonymous_1)
FNDA:0,(anonymous_2)
DA:1,2
DA:2,2
DA:3,2
DA:4,2
DA:5,2
DA:7,2
DA:8,0
DA:9,0
DA:11,0
DA:12,0
DA:13,0
DA:15,0
DA:20,2
DA:21,0
DA:22,0
DA:23,0
DA:26,0
DA:29,0
DA:35,0
DA:37,0
DA:46,0
DA:54,0
DA:55,0
DA:57,0
DA:58,0
DA:63,2
DA:64,0
DA:65,0
DA:66,0
DA:67,0
DA:69,0
DA:70,0
DA:71,0
DA:73,0
DA:74,0
DA:75,0
DA:78,0
DA:80,0
DA:81,0
DA:83,0
DA:84,0
DA:88,2
LF:42
LH:9
BRDA:9,0,0,0
BRDA:9,0,1,0
BRDA:22,1,0,0
BRDA:22,1,1,0
BRDA:22,2,0,0
BRDA:22,2,1,0
BRDA:35,3,0,0
BRDA:35,3,1,0
BRDA:42,4,0,0
BRDA:42,4,1,0
BRDA:50,5,0,0
BRDA:50,5,1,0
BRDA:69,6,0,0
BRDA:69,6,1,0
BRDA:73,7,0,0
BRDA:73,7,1,0
BRF:16
BRH:0
end_of_record
TN:
SF:routes\auth.js
FN:10,(anonymous_0)
FN:38,(anonymous_1)
FN:78,(anonymous_2)
FN:101,(anonymous_3)
FN:131,(anonymous_4)
FNF:5
FNH:2
FNDA:3,(anonymous_0)
FNDA:4,(anonymous_1)
FNDA:0,(anonymous_2)
FNDA:0,(anonymous_3)
FNDA:0,(anonymous_4)
DA:1,2
DA:2,2
DA:3,2
DA:4,2
DA:5,2
DA:6,2
DA:7,2
DA:10,2
DA:11,3
DA:12,3
DA:14,3
DA:15,1
DA:18,2
DA:19,2
DA:20,1
DA:23,1
DA:24,1
DA:29,1
DA:30,1
DA:32,0
DA:33,0
DA:38,2
DA:39,4
DA:40,4
DA:42,4
DA:43,4
DA:44,1
DA:47,3
DA:48,3
DA:49,3
DA:50,1
DA:53,2
DA:59,2
DA:61,2
DA:72,0
DA:73,0
DA:78,2
DA:79,0
DA:80,0
DA:81,0
DA:83,0
DA:84,0
DA:85,0
DA:88,0
DA:93,0
DA:95,0
DA:96,0
DA:101,2
DA:102,0
DA:103,0
DA:104,0
DA:106,0
DA:107,0
DA:110,0
DA:111,0
DA:113,0
DA:120,0
DA:121,0
DA:123,0
DA:125,0
DA:126,0
DA:131,2
DA:132,0
DA:133,0
DA:135,0
DA:136,0
DA:139,0
DA:144,0
DA:145,0
DA:148,0
DA:149,0
DA:150,0
DA:152,0
DA:154,0
DA:155,0
DA:159,2
LF:76
LH:36
BRDA:14,0,0,1
BRDA:14,0,1,2
BRDA:19,1,0,1
BRDA:19,1,1,1
BRDA:26,2,0,1
BRDA:26,2,1,0
BRDA:43,3,0,1
BRDA:43,3,1,3
BRDA:49,4,0,1
BRDA:49,4,1,2
BRDA:81,5,0,0
BRDA:81,5,1,0
BRDA:84,6,0,0
BRDA:84,6,1,0
BRDA:106,7,0,0
BRDA:106,7,1,0
BRDA:135,8,0,0
BRDA:135,8,1,0
BRDA:135,9,0,0
BRDA:135,9,1,0
BRDA:144,10,0,0
BRDA:144,10,1,0
BRF:22
BRH:9
end_of_record
TN:
SF:routes\notifications.js
FN:6,(anonymous_0)
FN:19,(anonymous_1)
FNF:2
FNH:0
FNDA:0,(anonymous_0)
FNDA:0,(anonymous_1)
DA:1,2
DA:2,2
DA:3,2
DA:4,2
DA:6,2
DA:7,0
DA:8,0
DA:10,0
DA:11,0
DA:12,0
DA:14,0
DA:19,2
DA:20,0
DA:21,0
DA:22,0
DA:25,0
DA:30,0
DA:32,0
DA:33,0
DA:37,2
LF:20
LH:7
BRDA:8,0,0,0
BRDA:8,0,1,0
BRDA:21,1,0,0
BRDA:21,1,1,0
BRDA:21,2,0,0
BRDA:21,2,1,0
BRF:6
BRH:0
end_of_record
TN:
SF:routes\ratings.js
FN:6,(anonymous_0)
FN:19,(anonymous_1)
FN:54,(anonymous_2)
FNF:3
FNH:0
FNDA:0,(anonymous_0)
FNDA:0,(anonymous_1)
FNDA:0,(anonymous_2)
DA:1,2
DA:2,2
DA:3,2
DA:4,2
DA:6,2
DA:7,0
DA:8,0
DA:10,0
DA:11,0
DA:12,0
DA:14,0
DA:19,2
DA:20,0
DA:21,0
DA:22,0
DA:26,0
DA:37,0
DA:38,0
DA:40,0
DA:41,0
DA:44,0
DA:45,0
DA:47,0
DA:48,0
DA:49,0
DA:54,2
DA:55,0
DA:56,0
DA:57,0
DA:58,0
DA:60,0
DA:61,0
DA:62,0
DA:65,0
DA:67,0
DA:68,0
DA:70,0
DA:71,0
DA:75,2
LF:39
LH:8
BRDA:8,0,0,0
BRDA:8,0,1,0
BRDA:21,1,0,0
BRDA:21,1,1,0
BRDA:60,2,0,0
BRDA:60,2,1,0
BRF:6
BRH:0
end_of_record
TN:
SF:routes\reports.js
FN:8,(anonymous_0)
FN:26,(anonymous_1)
FN:97,(anonymous_2)
FN:107,(anonymous_3)
FNF:4
FNH:4
FNDA:4,(anonymous_0)
FNDA:2,(anonymous_1)
FNDA:1,(anonymous_2)
FNDA:1,(anonymous_3)
DA:1,2
DA:2,2
DA:3,2
DA:4,2
DA:5,2
DA:8,2
DA:9,4
DA:10,4
DA:11,0
DA:12,0
DA:15,4
DA:16,4
DA:17,4
DA:18,4
DA:20,0
DA:21,0
DA:26,2
DA:27,2
DA:28,2
DA:29,2
DA:31,2
DA:32,2
DA:33,2
DA:36,2
DA:37,0
DA:38,0
DA:39,0
DA:40,2
DA:42,1
DA:43,1
DA:44,1
DA:45,1
DA:47,0
DA:48,0
DA:49,0
DA:51,1
DA:54,2
DA:76,2
DA:77,2
DA:79,2
DA:81,2
DA:82,2
DA:83,2
DA:86,2
DA:88,0
DA:89,0
DA:97,2
DA:98,1
DA:99,1
DA:101,0
DA:102,0
DA:107,2
DA:108,1
DA:109,1
DA:111,0
DA:112,0
DA:116,2
LF:57
LH:41
BRDA:10,0,0,0
BRDA:10,0,1,4
BRDA:36,1,0,0
BRDA:36,1,1,2
BRDA:40,2,0,1
BRDA:40,2,1,1
BRDA:45,3,0,0
BRDA:45,3,1,1
BRDA:82,4,0,2
BRDA:82,4,1,0
BRF:10
BRH:6
end_of_record
TN:
SF:routes\schedule.js
FN:7,(anonymous_0)
FN:20,(anonymous_1)
FN:59,(anonymous_2)
FN:83,(anonymous_3)
FN:127,(anonymous_4)
FNF:5
FNH:0
FNDA:0,(anonymous_0)
FNDA:0,(anonymous_1)
FNDA:0,(anonymous_2)
FNDA:0,(anonymous_3)
FNDA:0,(anonymous_4)
DA:1,2
DA:2,2
DA:3,2
DA:4,2
DA:5,2
DA:7,2
DA:8,0
DA:9,0
DA:11,0
DA:12,0
DA:13,0
DA:15,0
DA:20,2
DA:21,0
DA:22,0
DA:23,0
DA:24,0
DA:27,0
DA:29,0
DA:30,0
DA:31,0
DA:32,0
DA:34,0
DA:39,0
DA:40,0
DA:41,0
DA:43,0
DA:44,0
DA:45,0
DA:49,0
DA:50,0
DA:51,0
DA:53,0
DA:54,0
DA:59,2
DA:60,0
DA:61,0
DA:62,0
DA:65,0
DA:67,0
DA:74,0
DA:75,0
DA:77,0
DA:78,0
DA:83,2
DA:84,0
DA:85,0
DA:86,0
DA:89,0
DA:94,0
DA:95,0
DA:98,0
DA:99,0
DA:101,0
DA:114,0
DA:121,0
DA:122,0
DA:127,2
DA:128,0
DA:129,0
DA:130,0
DA:133,0
DA:134,0
DA:135,0
DA:138,0
DA:139,0
DA:140,0
DA:141,0
DA:143,0
DA:145,0
DA:146,0
DA:148,0
DA:149,0
DA:150,0
DA:152,0
DA:165,0
DA:166,0
DA:169,0
DA:173,0
DA:175,0
DA:176,0
DA:178,0
DA:181,0
DA:182,0
DA:185,0
DA:186,0
DA:192,0
DA:193,0
DA:197,2
LF:89
LH:11
BRDA:9,0,0,0
BRDA:9,0,1,0
BRDA:27,1,0,0
BRDA:27,1,1,0
BRDA:29,2,0,0
BRDA:29,2,1,0
BRDA:30,3,0,0
BRDA:30,3,1,0
BRDA:39,4,0,0
BRDA:39,4,1,0
BRDA:43,5,0,0
BRDA:43,5,1,0
BRDA:61,6,0,0
BRDA:61,6,1,0
BRDA:61,7,0,0
BRDA:61,7,1,0
BRDA:71,8,0,0
BRDA:71,8,1,0
BRDA:85,9,0,0
BRDA:85,9,1,0
BRDA:85,10,0,0
BRDA:85,10,1,0
BRDA:94,11,0,0
BRDA:94,11,1,0
BRDA:129,12,0,0
BRDA:129,12,1,0
BRDA:129,13,0,0
BRDA:129,13,1,0
BRDA:134,14,0,0
BRDA:134,14,1,0
BRDA:134,15,0,0
BRDA:134,15,1,0
BRDA:134,15,2,0
BRDA:150,16,0,0
BRDA:150,16,1,0
BRDA:150,17,0,0
BRDA:150,17,1,0
BRDA:162,18,0,0
BRDA:162,18,1,0
BRDA:165,19,0,0
BRDA:165,19,1,0
BRDA:181,20,0,0
BRDA:181,20,1,0
BRDA:189,21,0,0
BRDA:189,21,1,0
BRF:45
BRH:0
end_of_record
TN:
SF:utils\export.js
FN:5,getAttendanceData
FN:26,(anonymous_1)
FN:38,(anonymous_2)
FN:50,(anonymous_3)
FN:76,(anonymous_4)
FNF:5
FNH:5
FNDA:2,getAttendanceData
FNDA:1,(anonymous_1)
FNDA:43,(anonymous_2)
FNDA:1,(anonymous_3)
FNDA:43,(anonymous_4)
DA:1,2
DA:2,2
DA:3,2
DA:6,2
DA:12,2
DA:14,2
DA:15,0
DA:16,0
DA:19,2
DA:21,2
DA:22,2
DA:25,2
DA:27,1
DA:28,1
DA:29,1
DA:31,1
DA:38,43
DA:43,1
DA:44,1
DA:46,1
DA:47,1
DA:51,1
DA:52,1
DA:54,1
DA:55,1
DA:57,1
DA:59,1
DA:60,1
DA:61,1
DA:62,1
DA:64,1
DA:65,1
DA:66,1
DA:67,1
DA:68,1
DA:69,1
DA:71,1
DA:73,1
DA:74,1
DA:76,1
DA:77,43
DA:79,43
DA:80,43
DA:81,43
DA:82,43
DA:84,43
DA:85,43
DA:88,1
LF:48
LH:46
BRDA:5,0,0,0
BRDA:14,1,0,0
BRDA:14,1,1,2
BRDA:26,2,0,1
BRDA:50,3,0,1
BRDA:61,4,0,0
BRDA:61,4,1,1
BRDA:77,5,0,1
BRDA:77,5,1,42
BRDA:80,6,0,43
BRDA:80,6,1,0
BRF:11
BRH:7
end_of_record
TN:
SF:utils\logger.js
FN:3,logAction
FNF:1
FNH:1
FNDA:3,logAction
DA:1,2
DA:4,3
DA:5,3
DA:11,0
DA:15,2
LF:5
LH:4
BRDA:3,0,0,3
BRF:1
BRH:1
end_of_record
